TN:
SF:src\components\AdvancedExport.js
FN:22,(anonymous_0)
FN:80,(anonymous_1)
FN:161,(anonymous_2)
FN:170,(anonymous_3)
FN:178,(anonymous_4)
FN:179,(anonymous_5)
FN:185,(anonymous_6)
FN:199,(anonymous_7)
FN:207,(anonymous_8)
FN:211,(anonymous_9)
FN:218,(anonymous_10)
FN:232,(anonymous_11)
FN:305,(anonymous_12)
FN:311,(anonymous_13)
FN:325,(anonymous_14)
FN:331,(anonymous_15)
FN:456,(anonymous_16)
FN:464,(anonymous_17)
FNF:18
FNH:0
FNDA:0,(anonymous_0)
FNDA:0,(anonymous_1)
FNDA:0,(anonymous_2)
FNDA:0,(anonymous_3)
FNDA:0,(anonymous_4)
FNDA:0,(anonymous_5)
FNDA:0,(anonymous_6)
FNDA:0,(anonymous_7)
FNDA:0,(anonymous_8)
FNDA:0,(anonymous_9)
FNDA:0,(anonymous_10)
FNDA:0,(anonymous_11)
FNDA:0,(anonymous_12)
FNDA:0,(anonymous_13)
FNDA:0,(anonymous_14)
FNDA:0,(anonymous_15)
FNDA:0,(anonymous_16)
FNDA:0,(anonymous_17)
DA:18,0
DA:19,0
DA:20,0
DA:22,0
DA:28,0
DA:29,0
DA:30,0
DA:53,0
DA:80,0
DA:81,0
DA:82,0
DA:83,0
DA:86,0
DA:87,0
DA:88,0
DA:91,0
DA:93,0
DA:96,0
DA:98,0
DA:105,0
DA:108,0
DA:116,0
DA:119,0
DA:126,0
DA:129,0
DA:134,0
DA:137,0
DA:140,0
DA:141,0
DA:147,0
DA:151,0
DA:152,0
DA:157,0
DA:161,0
DA:162,0
DA:164,0
DA:166,0
DA:168,0
DA:170,0
DA:171,0
DA:172,0
DA:174,0
DA:178,0
DA:179,0
DA:185,0
DA:186,0
DA:199,0
DA:207,0
DA:208,0
DA:212,0
DA:218,0
DA:232,0
DA:233,0
DA:235,0
DA:276,0
DA:305,0
DA:311,0
DA:325,0
DA:331,0
DA:351,0
DA:392,0
DA:430,0
DA:434,0
DA:457,0
DA:464,0
DA:532,0
LF:66
LH:0
BRDA:26,0,0,0
BRDA:81,1,0,0
BRDA:81,1,1,0
BRDA:81,2,0,0
BRDA:81,2,1,0
BRDA:86,3,0,0
BRDA:86,3,1,0
BRDA:86,4,0,0
BRDA:86,4,1,0
BRDA:86,4,2,0
BRDA:96,5,0,0
BRDA:96,5,1,0
BRDA:96,5,2,0
BRDA:96,5,3,0
BRDA:96,5,4,0
BRDA:140,6,0,0
BRDA:140,6,1,0
BRDA:154,7,0,0
BRDA:154,7,1,0
BRDA:162,8,0,0
BRDA:162,8,1,0
BRDA:162,8,2,0
BRDA:162,8,3,0
BRDA:162,8,4,0
BRDA:166,9,0,0
BRDA:166,9,1,0
BRDA:170,10,0,0
BRDA:170,10,1,0
BRDA:171,11,0,0
BRDA:171,11,1,0
BRDA:185,12,0,0
BRDA:186,13,0,0
BRDA:186,13,1,0
BRDA:188,14,0,0
BRDA:188,14,1,0
BRDA:191,15,0,0
BRDA:191,15,1,0
BRDA:192,16,0,0
BRDA:192,16,1,0
BRDA:201,17,0,0
BRDA:201,17,1,0
BRDA:216,18,0,0
BRDA:216,18,1,0
BRDA:222,19,0,0
BRDA:222,19,1,0
BRDA:233,20,0,0
BRDA:233,20,1,0
BRDA:233,20,2,0
BRDA:233,20,3,0
BRDA:233,20,4,0
BRDA:444,21,0,0
BRDA:444,21,1,0
BRDA:461,22,0,0
BRDA:461,22,1,0
BRDA:462,23,0,0
BRDA:462,23,1,0
BRDA:462,23,2,0
BRDA:462,23,3,0
BRDA:465,24,0,0
BRDA:465,24,1,0
BRDA:465,24,2,0
BRDA:470,25,0,0
BRDA:470,25,1,0
BRDA:476,26,0,0
BRDA:476,26,1,0
BRDA:491,27,0,0
BRDA:491,27,1,0
BRDA:495,28,0,0
BRDA:495,28,1,0
BRF:69
BRH:0
end_of_record
TN:
SF:src\components\AppHeader.js
FN:11,(anonymous_0)
FNF:1
FNH:0
FNDA:0,(anonymous_0)
DA:7,0
DA:8,0
DA:9,0
DA:11,0
DA:12,0
DA:35,0
LF:6
LH:0
BRDA:46,0,0,0
BRDA:46,0,1,0
BRDA:46,1,0,0
BRDA:46,1,1,0
BRDA:64,2,0,0
BRDA:64,2,1,0
BRF:6
BRH:0
end_of_record
TN:
SF:src\components\AppWrapper.js
FN:11,(anonymous_0)
FN:15,(anonymous_1)
FN:19,(anonymous_2)
FN:35,(anonymous_3)
FNF:4
FNH:0
FNDA:0,(anonymous_0)
FNDA:0,(anonymous_1)
FNDA:0,(anonymous_2)
FNDA:0,(anonymous_3)
DA:8,0
DA:9,0
DA:11,0
DA:12,0
DA:13,0
DA:15,0
DA:16,0
DA:19,0
DA:20,0
DA:21,0
DA:22,0
DA:23,0
DA:25,0
DA:28,0
DA:29,0
DA:31,0
DA:35,0
DA:36,0
DA:37,0
DA:38,0
DA:40,0
DA:41,0
DA:45,0
DA:46,0
DA:49,0
DA:68,0
LF:26
LH:0
BRDA:22,0,0,0
BRDA:22,0,1,0
BRDA:45,1,0,0
BRDA:45,1,1,0
BRDA:53,2,0,0
BRDA:53,2,1,0
BRDA:54,3,0,0
BRDA:54,3,1,0
BRDA:58,4,0,0
BRDA:58,4,1,0
BRF:10
BRH:0
end_of_record
TN:
SF:src\components\ErrorBoundary.js
FN:19,(anonymous_0)
FN:29,(anonymous_1)
FN:34,(anonymous_2)
FN:47,(anonymous_3)
FN:57,(anonymous_4)
FN:73,(anonymous_5)
FN:80,(anonymous_6)
FN:85,(anonymous_7)
FN:107,(anonymous_8)
FN:117,(anonymous_9)
FNF:10
FNH:0
FNDA:0,(anonymous_0)
FNDA:0,(anonymous_1)
FNDA:0,(anonymous_2)
FNDA:0,(anonymous_3)
FNDA:0,(anonymous_4)
FNDA:0,(anonymous_5)
FNDA:0,(anonymous_6)
FNDA:0,(anonymous_7)
FNDA:0,(anonymous_8)
FNDA:0,(anonymous_9)
DA:14,0
DA:15,0
DA:16,0
DA:20,0
DA:21,0
DA:31,0
DA:36,0
DA:38,0
DA:44,0
DA:47,0
DA:50,0
DA:57,0
DA:58,0
DA:59,0
DA:65,0
DA:73,0
DA:74,0
DA:75,0
DA:80,0
DA:85,0
DA:86,0
DA:87,0
DA:92,0
DA:93,0
DA:100,0
DA:109,0
DA:110,0
DA:118,0
DA:119,0
DA:121,0
DA:227,0
DA:231,0
LF:32
LH:0
BRDA:94,0,0,0
BRDA:94,0,1,0
BRDA:95,1,0,0
BRDA:95,1,1,0
BRDA:97,2,0,0
BRDA:97,2,1,0
BRDA:118,3,0,0
BRDA:118,3,1,0
BRDA:146,4,0,0
BRDA:146,4,1,0
BRDA:149,5,0,0
BRDA:149,5,1,0
BRDA:152,6,0,0
BRDA:152,6,1,0
BRDA:173,7,0,0
BRDA:173,7,1,0
BRDA:187,8,0,0
BRDA:187,8,1,0
BRDA:194,9,0,0
BRDA:194,9,1,0
BRDA:199,10,0,0
BRDA:199,10,1,0
BRDA:202,11,0,0
BRDA:202,11,1,0
BRF:24
BRH:0
end_of_record
TN:
SF:src\components\FirstRunTutorial.js
FN:23,(anonymous_0)
FN:39,(anonymous_1)
FN:44,(anonymous_2)
FN:45,(anonymous_3)
FN:49,(anonymous_4)
FN:57,(anonymous_5)
FN:80,(anonymous_6)
FN:90,(anonymous_7)
FN:106,(anonymous_8)
FN:126,(anonymous_9)
FN:131,(anonymous_10)
FN:132,(anonymous_11)
FN:144,(anonymous_12)
FN:151,(anonymous_13)
FN:171,(anonymous_14)
FN:195,(anonymous_15)
FNF:16
FNH:0
FNDA:0,(anonymous_0)
FNDA:0,(anonymous_1)
FNDA:0,(anonymous_2)
FNDA:0,(anonymous_3)
FNDA:0,(anonymous_4)
FNDA:0,(anonymous_5)
FNDA:0,(anonymous_6)
FNDA:0,(anonymous_7)
FNDA:0,(anonymous_8)
FNDA:0,(anonymous_9)
FNDA:0,(anonymous_10)
FNDA:0,(anonymous_11)
FNDA:0,(anonymous_12)
FNDA:0,(anonymous_13)
FNDA:0,(anonymous_14)
FNDA:0,(anonymous_15)
DA:18,0
DA:19,0
DA:20,0
DA:21,0
DA:23,0
DA:30,0
DA:31,0
DA:32,0
DA:34,0
DA:35,0
DA:36,0
DA:37,0
DA:39,0
DA:40,0
DA:41,0
DA:44,0
DA:45,0
DA:49,0
DA:50,0
DA:51,0
DA:52,0
DA:53,0
DA:57,0
DA:58,0
DA:59,0
DA:60,0
DA:61,0
DA:63,0
DA:65,0
DA:80,0
DA:81,0
DA:82,0
DA:83,0
DA:84,0
DA:87,0
DA:88,0
DA:89,0
DA:90,0
DA:91,0
DA:92,0
DA:101,0
DA:102,0
DA:106,0
DA:107,0
DA:109,0
DA:127,0
DA:131,0
DA:132,0
DA:133,0
DA:145,0
DA:148,0
DA:151,0
DA:152,0
DA:154,0
DA:155,0
DA:160,0
DA:162,0
DA:164,0
DA:165,0
DA:167,0
DA:171,0
DA:172,0
DA:174,0
DA:175,0
DA:180,0
DA:183,0
DA:184,0
DA:187,0
DA:189,0
DA:303,0
LF:70
LH:0
BRDA:26,0,0,0
BRDA:27,1,0,0
BRDA:40,2,0,0
BRDA:40,2,1,0
BRDA:50,3,0,0
BRDA:50,3,1,0
BRDA:50,4,0,0
BRDA:50,4,1,0
BRDA:50,4,2,0
BRDA:82,5,0,0
BRDA:82,5,1,0
BRDA:82,6,0,0
BRDA:82,6,1,0
BRDA:82,6,2,0
BRDA:89,7,0,0
BRDA:89,7,1,0
BRDA:91,8,0,0
BRDA:91,8,1,0
BRDA:145,9,0,0
BRDA:145,9,1,0
BRDA:152,10,0,0
BRDA:152,10,1,0
BRDA:162,11,0,0
BRDA:162,11,1,0
BRDA:165,12,0,0
BRDA:165,12,1,0
BRDA:172,13,0,0
BRDA:172,13,1,0
BRDA:172,14,0,0
BRDA:172,14,1,0
BRDA:183,15,0,0
BRDA:183,15,1,0
BRDA:183,16,0,0
BRDA:183,16,1,0
BRDA:183,16,2,0
BRDA:204,17,0,0
BRDA:204,17,1,0
BRDA:274,18,0,0
BRDA:274,18,1,0
BRDA:284,19,0,0
BRDA:284,19,1,0
BRDA:292,20,0,0
BRDA:292,20,1,0
BRF:43
BRH:0
end_of_record
TN:
SF:src\components\GeometryInput.js
FN:18,(anonymous_0)
FNF:1
FNH:0
FNDA:0,(anonymous_0)
DA:13,0
DA:14,0
DA:15,0
DA:16,0
DA:18,0
DA:30,0
DA:117,0
LF:7
LH:0
BRDA:28,0,0,0
BRDA:34,1,0,0
BRDA:34,1,1,0
BRDA:41,2,0,0
BRDA:41,2,1,0
BRDA:58,3,0,0
BRDA:58,3,1,0
BRDA:67,4,0,0
BRDA:67,4,1,0
BRDA:96,5,0,0
BRDA:96,5,1,0
BRDA:99,6,0,0
BRDA:99,6,1,0
BRDA:109,7,0,0
BRDA:109,7,1,0
BRF:15
BRH:0
end_of_record
TN:
SF:src\components\GeometryVisualization.js
FN:5,GeometryVisualization
FN:12,(anonymous_1)
FN:15,(anonymous_2)
FN:18,(anonymous_3)
FN:43,(anonymous_4)
FN:53,(anonymous_5)
FN:54,(anonymous_6)
FN:55,(anonymous_7)
FN:70,(anonymous_8)
FN:73,(anonymous_9)
FN:97,(anonymous_10)
FN:145,(anonymous_11)
FN:148,(anonymous_12)
FN:174,(anonymous_13)
FN:175,(anonymous_14)
FN:178,(anonymous_15)
FN:179,(anonymous_16)
FN:182,(anonymous_17)
FN:217,(anonymous_18)
FN:223,(anonymous_19)
FN:234,(anonymous_20)
FN:234,(anonymous_21)
FN:242,(anonymous_22)
FN:242,(anonymous_23)
FN:248,(anonymous_24)
FN:254,(anonymous_25)
FN:254,(anonymous_26)
FN:262,(anonymous_27)
FN:262,(anonymous_28)
FNF:29
FNH:0
FNDA:0,GeometryVisualization
FNDA:0,(anonymous_1)
FNDA:0,(anonymous_2)
FNDA:0,(anonymous_3)
FNDA:0,(anonymous_4)
FNDA:0,(anonymous_5)
FNDA:0,(anonymous_6)
FNDA:0,(anonymous_7)
FNDA:0,(anonymous_8)
FNDA:0,(anonymous_9)
FNDA:0,(anonymous_10)
FNDA:0,(anonymous_11)
FNDA:0,(anonymous_12)
FNDA:0,(anonymous_13)
FNDA:0,(anonymous_14)
FNDA:0,(anonymous_15)
FNDA:0,(anonymous_16)
FNDA:0,(anonymous_17)
FNDA:0,(anonymous_18)
FNDA:0,(anonymous_19)
FNDA:0,(anonymous_20)
FNDA:0,(anonymous_21)
FNDA:0,(anonymous_22)
FNDA:0,(anonymous_23)
FNDA:0,(anonymous_24)
FNDA:0,(anonymous_25)
FNDA:0,(anonymous_26)
FNDA:0,(anonymous_27)
FNDA:0,(anonymous_28)
DA:6,0
DA:7,0
DA:8,0
DA:9,0
DA:10,0
DA:12,0
DA:13,0
DA:15,0
DA:16,0
DA:18,0
DA:19,0
DA:20,0
DA:21,0
DA:22,0
DA:23,0
DA:24,0
DA:29,0
DA:32,0
DA:34,0
DA:35,0
DA:43,0
DA:45,0
DA:46,0
DA:53,0
DA:54,0
DA:55,0
DA:58,0
DA:59,0
DA:60,0
DA:61,0
DA:62,0
DA:65,0
DA:66,0
DA:67,0
DA:70,0
DA:71,0
DA:73,0
DA:74,0
DA:75,0
DA:76,0
DA:78,0
DA:79,0
DA:81,0
DA:86,0
DA:87,0
DA:88,0
DA:89,0
DA:90,0
DA:93,0
DA:94,0
DA:97,0
DA:98,0
DA:99,0
DA:101,0
DA:104,0
DA:105,0
DA:106,0
DA:107,0
DA:123,0
DA:124,0
DA:125,0
DA:126,0
DA:127,0
DA:142,0
DA:145,0
DA:146,0
DA:148,0
DA:149,0
DA:150,0
DA:152,0
DA:174,0
DA:175,0
DA:178,0
DA:179,0
DA:182,0
DA:183,0
DA:184,0
DA:185,0
DA:197,0
DA:217,0
DA:223,0
DA:234,0
DA:242,0
DA:248,0
DA:254,0
DA:262,0
DA:316,0
LF:87
LH:0
BRDA:5,0,0,0
BRDA:5,1,0,0
BRDA:13,2,0,0
BRDA:13,2,1,0
BRDA:20,3,0,0
BRDA:20,3,1,0
BRDA:23,4,0,0
BRDA:23,4,1,0
BRDA:23,5,0,0
BRDA:23,5,1,0
BRDA:34,6,0,0
BRDA:34,6,1,0
BRDA:34,7,0,0
BRDA:34,7,1,0
BRDA:43,8,0,0
BRDA:43,8,1,0
BRDA:43,8,2,0
BRDA:45,9,0,0
BRDA:45,9,1,0
BRDA:78,10,0,0
BRDA:78,10,1,0
BRDA:101,11,0,0
BRDA:101,11,1,0
BRDA:106,12,0,0
BRDA:106,12,1,0
BRDA:106,13,0,0
BRDA:106,13,1,0
BRDA:126,14,0,0
BRDA:126,14,1,0
BRDA:126,15,0,0
BRDA:126,15,1,0
BRDA:146,16,0,0
BRDA:146,16,1,0
BRDA:216,17,0,0
BRDA:216,17,1,0
BRDA:222,18,0,0
BRDA:222,18,1,0
BRF:37
BRH:0
end_of_record
TN:
SF:src\components\IconSystem.js
FN:14,(anonymous_0)
FN:23,(anonymous_1)
FN:199,(anonymous_2)
FN:222,(anonymous_3)
FN:240,(anonymous_4)
FNF:5
FNH:0
FNDA:0,(anonymous_0)
FNDA:0,(anonymous_1)
FNDA:0,(anonymous_2)
FNDA:0,(anonymous_3)
FNDA:0,(anonymous_4)
DA:14,0
DA:21,0
DA:23,0
DA:24,0
DA:27,0
DA:29,0
DA:31,0
DA:35,0
DA:37,0
DA:39,0
DA:41,0
DA:43,0
DA:47,0
DA:49,0
DA:51,0
DA:53,0
DA:57,0
DA:59,0
DA:61,0
DA:63,0
DA:65,0
DA:69,0
DA:71,0
DA:73,0
DA:75,0
DA:77,0
DA:81,0
DA:83,0
DA:85,0
DA:87,0
DA:89,0
DA:93,0
DA:95,0
DA:97,0
DA:99,0
DA:103,0
DA:105,0
DA:107,0
DA:109,0
DA:113,0
DA:115,0
DA:117,0
DA:119,0
DA:121,0
DA:125,0
DA:141,0
DA:154,0
DA:169,0
DA:187,0
DA:191,0
DA:199,0
DA:207,0
DA:222,0
DA:230,0
DA:232,0
DA:240,0
DA:250,0
DA:257,0
DA:274,0
LF:59
LH:0
BRDA:16,0,0,0
BRDA:17,1,0,0
BRDA:24,2,0,0
BRDA:24,2,1,0
BRDA:24,2,2,0
BRDA:24,2,3,0
BRDA:24,2,4,0
BRDA:24,2,5,0
BRDA:24,2,6,0
BRDA:24,2,7,0
BRDA:24,2,8,0
BRDA:24,2,9,0
BRDA:24,2,10,0
BRDA:24,2,11,0
BRDA:24,2,12,0
BRDA:24,2,13,0
BRDA:24,2,14,0
BRDA:24,2,15,0
BRDA:24,2,16,0
BRDA:24,2,17,0
BRDA:24,2,18,0
BRDA:24,2,19,0
BRDA:24,2,20,0
BRDA:24,2,21,0
BRDA:24,2,22,0
BRDA:24,2,23,0
BRDA:24,2,24,0
BRDA:24,2,25,0
BRDA:24,2,26,0
BRDA:24,2,27,0
BRDA:24,2,28,0
BRDA:24,2,29,0
BRDA:24,2,30,0
BRDA:24,2,31,0
BRDA:24,2,32,0
BRDA:24,2,33,0
BRDA:24,2,34,0
BRDA:24,2,35,0
BRDA:24,2,36,0
BRDA:24,2,37,0
BRDA:24,2,38,0
BRDA:24,2,39,0
BRDA:24,2,40,0
BRDA:24,2,41,0
BRDA:24,2,42,0
BRDA:24,2,43,0
BRDA:24,2,44,0
BRDA:201,3,0,0
BRDA:202,4,0,0
BRDA:204,5,0,0
BRDA:210,6,0,0
BRDA:210,6,1,0
BRDA:213,7,0,0
BRDA:213,7,1,0
BRDA:224,8,0,0
BRDA:225,9,0,0
BRDA:226,10,0,0
BRDA:227,11,0,0
BRDA:230,12,0,0
BRDA:230,12,1,0
BRDA:233,13,0,0
BRDA:233,13,1,0
BRDA:242,14,0,0
BRDA:243,15,0,0
BRDA:244,16,0,0
BRDA:246,17,0,0
BRDA:253,18,0,0
BRDA:253,18,1,0
BRDA:267,19,0,0
BRDA:267,19,1,0
BRF:70
BRH:0
end_of_record
TN:
SF:src\components\LanguageSelector.js
FN:15,(anonymous_0)
FN:23,(anonymous_1)
FN:31,(anonymous_2)
FNF:3
FNH:0
FNDA:0,(anonymous_0)
FNDA:0,(anonymous_1)
FNDA:0,(anonymous_2)
DA:11,0
DA:12,0
DA:13,0
DA:15,0
DA:16,0
DA:18,0
DA:24,0
DA:31,0
DA:57,0
LF:9
LH:0
BRDA:15,0,0,0
BRDA:28,1,0,0
BRDA:28,1,1,0
BRDA:29,2,0,0
BRDA:29,2,1,0
BRDA:31,3,0,0
BRDA:31,3,1,0
BRDA:38,4,0,0
BRDA:38,4,1,0
BRDA:39,5,0,0
BRDA:39,5,1,0
BRDA:45,6,0,0
BRDA:45,6,1,0
BRF:13
BRH:0
end_of_record
TN:
SF:src\components\OfflineSettings.js
FN:22,(anonymous_0)
FN:28,(anonymous_1)
FN:34,(anonymous_2)
FN:49,(anonymous_3)
FN:78,(anonymous_4)
FN:87,(anonymous_5)
FN:104,(anonymous_6)
FN:117,(anonymous_7)
FN:127,(anonymous_8)
FN:139,(anonymous_9)
FNF:10
FNH:0
FNDA:0,(anonymous_0)
FNDA:0,(anonymous_1)
FNDA:0,(anonymous_2)
FNDA:0,(anonymous_3)
FNDA:0,(anonymous_4)
FNDA:0,(anonymous_5)
FNDA:0,(anonymous_6)
FNDA:0,(anonymous_7)
FNDA:0,(anonymous_8)
FNDA:0,(anonymous_9)
DA:18,0
DA:19,0
DA:20,0
DA:22,0
DA:23,0
DA:24,0
DA:25,0
DA:26,0
DA:28,0
DA:29,0
DA:30,0
DA:34,0
DA:35,0
DA:36,0
DA:37,0
DA:38,0
DA:39,0
DA:40,0
DA:42,0
DA:43,0
DA:45,0
DA:49,0
DA:50,0
DA:51,0
DA:52,0
DA:53,0
DA:56,0
DA:60,0
DA:61,0
DA:63,0
DA:65,0
DA:72,0
DA:74,0
DA:78,0
DA:79,0
DA:88,0
DA:89,0
DA:90,0
DA:91,0
DA:92,0
DA:94,0
DA:96,0
DA:104,0
DA:105,0
DA:106,0
DA:107,0
DA:108,0
DA:109,0
DA:111,0
DA:113,0
DA:117,0
DA:118,0
DA:119,0
DA:120,0
DA:121,0
DA:123,0
DA:127,0
DA:128,0
DA:130,0
DA:131,0
DA:132,0
DA:133,0
DA:135,0
DA:139,0
DA:140,0
DA:146,0
DA:308,0
LF:67
LH:0
BRDA:29,0,0,0
BRDA:29,0,1,0
BRDA:39,1,0,0
BRDA:39,1,1,0
BRDA:40,2,0,0
BRDA:40,2,1,0
BRDA:67,3,0,0
BRDA:67,3,1,0
BRDA:118,4,0,0
BRDA:118,4,1,0
BRDA:120,5,0,0
BRDA:120,5,1,0
BRDA:128,6,0,0
BRDA:128,6,1,0
BRDA:130,7,0,0
BRDA:130,7,1,0
BRDA:132,8,0,0
BRDA:132,8,1,0
BRDA:139,9,0,0
BRDA:159,10,0,0
BRDA:159,10,1,0
BRDA:174,11,0,0
BRDA:174,11,1,0
BRDA:196,12,0,0
BRDA:196,12,1,0
BRDA:203,13,0,0
BRDA:203,13,1,0
BRDA:209,14,0,0
BRDA:209,14,1,0
BRDA:210,15,0,0
BRDA:210,15,1,0
BRDA:218,16,0,0
BRDA:218,16,1,0
BRDA:219,17,0,0
BRDA:219,17,1,0
BRF:35
BRH:0
end_of_record
TN:
SF:src\components\OnboardingScreen.js
FN:23,(anonymous_0)
FN:71,(anonymous_1)
FN:76,(anonymous_2)
FN:96,(anonymous_3)
FN:115,(anonymous_4)
FN:129,(anonymous_5)
FN:138,(anonymous_6)
FN:147,(anonymous_7)
FN:158,(anonymous_8)
FN:161,(anonymous_9)
FN:164,(anonymous_10)
FN:182,(anonymous_11)
FN:240,(anonymous_12)
FN:247,(anonymous_13)
FNF:14
FNH:0
FNDA:0,(anonymous_0)
FNDA:0,(anonymous_1)
FNDA:0,(anonymous_2)
FNDA:0,(anonymous_3)
FNDA:0,(anonymous_4)
FNDA:0,(anonymous_5)
FNDA:0,(anonymous_6)
FNDA:0,(anonymous_7)
FNDA:0,(anonymous_8)
FNDA:0,(anonymous_9)
FNDA:0,(anonymous_10)
FNDA:0,(anonymous_11)
FNDA:0,(anonymous_12)
FNDA:0,(anonymous_13)
DA:18,0
DA:19,0
DA:20,0
DA:21,0
DA:23,0
DA:24,0
DA:25,0
DA:26,0
DA:28,0
DA:71,0
DA:72,0
DA:73,0
DA:76,0
DA:78,0
DA:96,0
DA:97,0
DA:115,0
DA:116,0
DA:117,0
DA:122,0
DA:123,0
DA:125,0
DA:129,0
DA:130,0
DA:131,0
DA:135,0
DA:138,0
DA:139,0
DA:140,0
DA:144,0
DA:147,0
DA:148,0
DA:149,0
DA:153,0
DA:156,0
DA:159,0
DA:165,0
DA:167,0
DA:168,0
DA:170,0
DA:171,0
DA:175,0
DA:182,0
DA:183,0
DA:190,0
DA:192,0
DA:241,0
DA:247,0
DA:268,0
LF:49
LH:0
BRDA:122,0,0,0
BRDA:122,0,1,0
BRDA:167,1,0,0
BRDA:167,1,1,0
BRDA:167,2,0,0
BRDA:167,2,1,0
BRDA:168,3,0,0
BRDA:168,3,1,0
BRDA:170,4,0,0
BRDA:170,4,1,0
BRDA:245,5,0,0
BRDA:245,5,1,0
BRDA:260,6,0,0
BRDA:260,6,1,0
BRDA:327,7,0,0
BRDA:327,7,1,0
BRF:16
BRH:0
end_of_record
TN:
SF:src\components\OptimizedComponents.js
FN:16,(anonymous_0)
FN:17,(anonymous_1)
FN:27,(anonymous_2)
FN:28,(anonymous_3)
FN:41,(anonymous_4)
FN:45,(anonymous_5)
FN:47,(anonymous_6)
FN:48,(anonymous_7)
FN:51,(anonymous_8)
FN:56,(anonymous_9)
FN:69,(anonymous_10)
FN:76,(anonymous_11)
FN:77,(anonymous_12)
FN:98,(anonymous_13)
FN:102,(anonymous_14)
FN:117,(anonymous_15)
FN:120,(anonymous_16)
FN:125,(anonymous_17)
FN:136,(anonymous_18)
FN:138,(anonymous_19)
FN:143,(anonymous_20)
FN:179,(anonymous_21)
FN:182,(anonymous_22)
FN:184,(anonymous_23)
FN:185,(anonymous_24)
FN:197,(anonymous_25)
FN:200,(anonymous_26)
FN:205,(anonymous_27)
FN:206,(anonymous_28)
FN:222,(anonymous_29)
FN:223,(anonymous_30)
FN:224,(anonymous_31)
FN:227,(anonymous_32)
FN:240,(anonymous_33)
FN:241,(anonymous_34)
FNF:35
FNH:0
FNDA:0,(anonymous_0)
FNDA:0,(anonymous_1)
FNDA:0,(anonymous_2)
FNDA:0,(anonymous_3)
FNDA:0,(anonymous_4)
FNDA:0,(anonymous_5)
FNDA:0,(anonymous_6)
FNDA:0,(anonymous_7)
FNDA:0,(anonymous_8)
FNDA:0,(anonymous_9)
FNDA:0,(anonymous_10)
FNDA:0,(anonymous_11)
FNDA:0,(anonymous_12)
FNDA:0,(anonymous_13)
FNDA:0,(anonymous_14)
FNDA:0,(anonymous_15)
FNDA:0,(anonymous_16)
FNDA:0,(anonymous_17)
FNDA:0,(anonymous_18)
FNDA:0,(anonymous_19)
FNDA:0,(anonymous_20)
FNDA:0,(anonymous_21)
FNDA:0,(anonymous_22)
FNDA:0,(anonymous_23)
FNDA:0,(anonymous_24)
FNDA:0,(anonymous_25)
FNDA:0,(anonymous_26)
FNDA:0,(anonymous_27)
FNDA:0,(anonymous_28)
FNDA:0,(anonymous_29)
FNDA:0,(anonymous_30)
FNDA:0,(anonymous_31)
FNDA:0,(anonymous_32)
FNDA:0,(anonymous_33)
FNDA:0,(anonymous_34)
DA:16,0
DA:17,0
DA:19,0
DA:27,0
DA:28,0
DA:29,0
DA:30,0
DA:33,0
DA:41,0
DA:42,0
DA:43,0
DA:45,0
DA:47,0
DA:48,0
DA:51,0
DA:52,0
DA:53,0
DA:56,0
DA:61,0
DA:62,0
DA:65,0
DA:69,0
DA:76,0
DA:77,0
DA:78,0
DA:89,0
DA:90,0
DA:91,0
DA:92,0
DA:95,0
DA:98,0
DA:99,0
DA:102,0
DA:103,0
DA:106,0
DA:117,0
DA:118,0
DA:120,0
DA:121,0
DA:122,0
DA:125,0
DA:126,0
DA:127,0
DA:130,0
DA:136,0
DA:138,0
DA:139,0
DA:143,0
DA:144,0
DA:145,0
DA:148,0
DA:168,0
DA:171,0
DA:179,0
DA:180,0
DA:182,0
DA:183,0
DA:184,0
DA:185,0
DA:189,0
DA:190,0
DA:193,0
DA:197,0
DA:198,0
DA:200,0
DA:201,0
DA:202,0
DA:205,0
DA:206,0
DA:210,0
DA:211,0
DA:214,0
DA:222,0
DA:223,0
DA:224,0
DA:225,0
DA:227,0
DA:228,0
DA:229,0
DA:230,0
DA:235,0
DA:240,0
DA:241,0
DA:242,0
DA:248,0
DA:249,0
DA:252,0
DA:255,0
LF:88
LH:0
BRDA:29,0,0,0
BRDA:29,0,1,0
BRDA:58,1,0,0
BRDA:58,1,1,0
BRDA:61,2,0,0
BRDA:61,2,1,0
BRDA:84,3,0,0
BRDA:84,3,1,0
BRDA:89,4,0,0
BRDA:89,4,1,0
BRDA:103,5,0,0
BRDA:103,5,1,0
BRDA:121,6,0,0
BRDA:121,6,1,0
BRDA:126,7,0,0
BRDA:126,7,1,0
BRDA:144,8,0,0
BRDA:144,8,1,0
BRDA:168,9,0,0
BRDA:168,9,1,0
BRDA:179,10,0,0
BRDA:183,11,0,0
BRDA:183,11,1,0
BRDA:189,12,0,0
BRDA:189,12,1,0
BRDA:201,13,0,0
BRDA:201,13,1,0
BRDA:210,14,0,0
BRDA:210,14,1,0
BRDA:229,15,0,0
BRDA:229,15,1,0
BRDA:248,16,0,0
BRDA:248,16,1,0
BRF:33
BRH:0
end_of_record
TN:
SF:src\components\PerformanceSettings.js
FN:20,(anonymous_0)
FN:26,(anonymous_1)
FN:32,(anonymous_2)
FN:45,(anonymous_3)
FN:54,(anonymous_4)
FN:67,(anonymous_5)
FN:75,(anonymous_6)
FN:89,(anonymous_7)
FN:98,(anonymous_8)
FN:107,(anonymous_9)
FN:178,(anonymous_10)
FN:185,(anonymous_11)
FN:192,(anonymous_12)
FN:199,(anonymous_13)
FN:206,(anonymous_14)
FN:213,(anonymous_15)
FN:223,(anonymous_16)
FN:230,(anonymous_17)
FN:258,(anonymous_18)
FN:265,(anonymous_19)
FNF:20
FNH:0
FNDA:0,(anonymous_0)
FNDA:0,(anonymous_1)
FNDA:0,(anonymous_2)
FNDA:0,(anonymous_3)
FNDA:0,(anonymous_4)
FNDA:0,(anonymous_5)
FNDA:0,(anonymous_6)
FNDA:0,(anonymous_7)
FNDA:0,(anonymous_8)
FNDA:0,(anonymous_9)
FNDA:0,(anonymous_10)
FNDA:0,(anonymous_11)
FNDA:0,(anonymous_12)
FNDA:0,(anonymous_13)
FNDA:0,(anonymous_14)
FNDA:0,(anonymous_15)
FNDA:0,(anonymous_16)
FNDA:0,(anonymous_17)
FNDA:0,(anonymous_18)
FNDA:0,(anonymous_19)
DA:16,0
DA:17,0
DA:18,0
DA:20,0
DA:21,0
DA:22,0
DA:23,0
DA:24,0
DA:26,0
DA:27,0
DA:28,0
DA:32,0
DA:33,0
DA:34,0
DA:35,0
DA:37,0
DA:38,0
DA:39,0
DA:41,0
DA:45,0
DA:46,0
DA:47,0
DA:48,0
DA:50,0
DA:54,0
DA:55,0
DA:56,0
DA:57,0
DA:58,0
DA:59,0
DA:61,0
DA:63,0
DA:67,0
DA:68,0
DA:76,0
DA:77,0
DA:78,0
DA:79,0
DA:81,0
DA:89,0
DA:90,0
DA:95,0
DA:98,0
DA:99,0
DA:104,0
DA:107,0
DA:108,0
DA:129,0
DA:131,0
DA:178,0
DA:185,0
DA:192,0
DA:199,0
DA:206,0
DA:213,0
DA:224,0
DA:230,0
DA:259,0
DA:265,0
DA:337,0
LF:60
LH:0
BRDA:27,0,0,0
BRDA:27,0,1,0
BRDA:95,1,0,0
BRDA:95,1,1,0
BRDA:104,2,0,0
BRDA:104,2,1,0
BRDA:107,3,0,0
BRDA:108,4,0,0
BRDA:108,4,1,0
BRDA:110,5,0,0
BRDA:110,5,1,0
BRDA:113,6,0,0
BRDA:113,6,1,0
BRDA:114,7,0,0
BRDA:114,7,1,0
BRDA:123,8,0,0
BRDA:123,8,1,0
BRDA:158,9,0,0
BRDA:158,9,1,0
BRDA:163,10,0,0
BRDA:163,10,1,0
BRDA:228,11,0,0
BRDA:228,11,1,0
BRDA:234,12,0,0
BRDA:234,12,1,0
BRDA:263,13,0,0
BRDA:263,13,1,0
BRDA:269,14,0,0
BRDA:269,14,1,0
BRF:29
BRH:0
end_of_record
TN:
SF:src\components\ProjectManager.js
FN:25,(anonymous_0)
FN:69,(anonymous_1)
FN:76,(anonymous_2)
FN:82,(anonymous_3)
FN:91,(anonymous_4)
FN:96,(anonymous_5)
FN:102,(anonymous_6)
FN:105,(anonymous_7)
FN:113,(anonymous_8)
FN:120,(anonymous_9)
FN:126,(anonymous_10)
FN:130,(anonymous_11)
FN:155,(anonymous_12)
FN:162,(anonymous_13)
FN:167,(anonymous_14)
FN:170,(anonymous_15)
FN:170,(anonymous_16)
FN:178,(anonymous_17)
FN:187,(anonymous_18)
FN:190,(anonymous_19)
FN:190,(anonymous_20)
FN:200,(anonymous_21)
FN:203,(anonymous_22)
FN:210,(anonymous_23)
FN:218,(anonymous_24)
FN:222,(anonymous_25)
FN:231,(anonymous_26)
FN:239,(anonymous_27)
FN:243,(anonymous_28)
FN:247,(anonymous_29)
FN:253,(anonymous_30)
FN:262,(anonymous_31)
FN:284,(anonymous_32)
FN:298,(anonymous_33)
FN:308,(anonymous_34)
FN:316,(anonymous_35)
FN:320,(anonymous_36)
FN:326,(anonymous_37)
FN:330,(anonymous_38)
FN:338,(anonymous_39)
FN:342,(anonymous_40)
FN:362,(anonymous_41)
FN:371,(anonymous_42)
FN:388,(anonymous_43)
FN:400,(anonymous_44)
FN:412,(anonymous_45)
FN:426,(anonymous_46)
FN:456,(anonymous_47)
FN:475,(anonymous_48)
FN:482,(anonymous_49)
FN:489,(anonymous_50)
FN:496,(anonymous_51)
FN:527,(anonymous_52)
FN:534,(anonymous_53)
FN:541,(anonymous_54)
FN:556,(anonymous_55)
FN:577,(anonymous_56)
FN:604,(anonymous_57)
FN:620,(anonymous_58)
FN:621,(anonymous_59)
FN:635,(anonymous_60)
FN:640,(anonymous_61)
FN:676,(anonymous_62)
FN:676,(anonymous_63)
FN:683,(anonymous_64)
FN:704,(anonymous_65)
FN:708,(anonymous_66)
FN:715,(anonymous_67)
FN:727,(anonymous_68)
FN:783,(anonymous_69)
FN:794,(anonymous_70)
FNF:71
FNH:0
FNDA:0,(anonymous_0)
FNDA:0,(anonymous_1)
FNDA:0,(anonymous_2)
FNDA:0,(anonymous_3)
FNDA:0,(anonymous_4)
FNDA:0,(anonymous_5)
FNDA:0,(anonymous_6)
FNDA:0,(anonymous_7)
FNDA:0,(anonymous_8)
FNDA:0,(anonymous_9)
FNDA:0,(anonymous_10)
FNDA:0,(anonymous_11)
FNDA:0,(anonymous_12)
FNDA:0,(anonymous_13)
FNDA:0,(anonymous_14)
FNDA:0,(anonymous_15)
FNDA:0,(anonymous_16)
FNDA:0,(anonymous_17)
FNDA:0,(anonymous_18)
FNDA:0,(anonymous_19)
FNDA:0,(anonymous_20)
FNDA:0,(anonymous_21)
FNDA:0,(anonymous_22)
FNDA:0,(anonymous_23)
FNDA:0,(anonymous_24)
FNDA:0,(anonymous_25)
FNDA:0,(anonymous_26)
FNDA:0,(anonymous_27)
FNDA:0,(anonymous_28)
FNDA:0,(anonymous_29)
FNDA:0,(anonymous_30)
FNDA:0,(anonymous_31)
FNDA:0,(anonymous_32)
FNDA:0,(anonymous_33)
FNDA:0,(anonymous_34)
FNDA:0,(anonymous_35)
FNDA:0,(anonymous_36)
FNDA:0,(anonymous_37)
FNDA:0,(anonymous_38)
FNDA:0,(anonymous_39)
FNDA:0,(anonymous_40)
FNDA:0,(anonymous_41)
FNDA:0,(anonymous_42)
FNDA:0,(anonymous_43)
FNDA:0,(anonymous_44)
FNDA:0,(anonymous_45)
FNDA:0,(anonymous_46)
FNDA:0,(anonymous_47)
FNDA:0,(anonymous_48)
FNDA:0,(anonymous_49)
FNDA:0,(anonymous_50)
FNDA:0,(anonymous_51)
FNDA:0,(anonymous_52)
FNDA:0,(anonymous_53)
FNDA:0,(anonymous_54)
FNDA:0,(anonymous_55)
FNDA:0,(anonymous_56)
FNDA:0,(anonymous_57)
FNDA:0,(anonymous_58)
FNDA:0,(anonymous_59)
FNDA:0,(anonymous_60)
FNDA:0,(anonymous_61)
FNDA:0,(anonymous_62)
FNDA:0,(anonymous_63)
FNDA:0,(anonymous_64)
FNDA:0,(anonymous_65)
FNDA:0,(anonymous_66)
FNDA:0,(anonymous_67)
FNDA:0,(anonymous_68)
FNDA:0,(anonymous_69)
FNDA:0,(anonymous_70)
DA:21,0
DA:22,0
DA:23,0
DA:25,0
DA:31,0
DA:32,0
DA:33,0
DA:34,0
DA:35,0
DA:36,0
DA:37,0
DA:38,0
DA:39,0
DA:40,0
DA:41,0
DA:42,0
DA:43,0
DA:44,0
DA:47,0
DA:48,0
DA:49,0
DA:50,0
DA:52,0
DA:62,0
DA:69,0
DA:70,0
DA:71,0
DA:76,0
DA:77,0
DA:80,0
DA:81,0
DA:82,0
DA:83,0
DA:90,0
DA:91,0
DA:95,0
DA:96,0
DA:100,0
DA:102,0
DA:103,0
DA:105,0
DA:106,0
DA:107,0
DA:109,0
DA:111,0
DA:113,0
DA:114,0
DA:115,0
DA:116,0
DA:118,0
DA:120,0
DA:123,0
DA:126,0
DA:127,0
DA:130,0
DA:131,0
DA:132,0
DA:134,0
DA:137,0
DA:140,0
DA:141,0
DA:144,0
DA:145,0
DA:148,0
DA:149,0
DA:151,0
DA:155,0
DA:156,0
DA:157,0
DA:158,0
DA:162,0
DA:163,0
DA:164,0
DA:167,0
DA:168,0
DA:169,0
DA:170,0
DA:171,0
DA:174,0
DA:178,0
DA:179,0
DA:188,0
DA:189,0
DA:190,0
DA:192,0
DA:200,0
DA:201,0
DA:202,0
DA:203,0
DA:204,0
DA:206,0
DA:210,0
DA:211,0
DA:218,0
DA:223,0
DA:224,0
DA:231,0
DA:232,0
DA:239,0
DA:243,0
DA:247,0
DA:253,0
DA:254,0
DA:255,0
DA:256,0
DA:258,0
DA:262,0
DA:263,0
DA:264,0
DA:265,0
DA:268,0
DA:269,0
DA:271,0
DA:283,0
DA:284,0
DA:287,0
DA:288,0
DA:289,0
DA:290,0
DA:292,0
DA:294,0
DA:298,0
DA:299,0
DA:300,0
DA:301,0
DA:302,0
DA:304,0
DA:308,0
DA:309,0
DA:316,0
DA:320,0
DA:326,0
DA:327,0
DA:328,0
DA:329,0
DA:330,0
DA:331,0
DA:334,0
DA:338,0
DA:339,0
DA:340,0
DA:341,0
DA:342,0
DA:344,0
DA:345,0
DA:346,0
DA:347,0
DA:348,0
DA:352,0
DA:358,0
DA:362,0
DA:363,0
DA:372,0
DA:373,0
DA:374,0
DA:375,0
DA:380,0
DA:388,0
DA:389,0
DA:390,0
DA:391,0
DA:396,0
DA:400,0
DA:401,0
DA:402,0
DA:403,0
DA:408,0
DA:412,0
DA:413,0
DA:414,0
DA:422,0
DA:426,0
DA:427,0
DA:456,0
DA:475,0
DA:482,0
DA:489,0
DA:496,0
DA:504,0
DA:527,0
DA:535,0
DA:541,0
DA:556,0
DA:578,0
DA:579,0
DA:604,0
DA:620,0
DA:621,0
DA:635,0
DA:641,0
DA:676,0
DA:677,0
DA:683,0
DA:704,0
DA:709,0
DA:715,0
DA:727,0
DA:783,0
DA:795,0
DA:796,0
DA:806,0
LF:201
LH:0
BRDA:70,0,0,0
BRDA:70,0,1,0
BRDA:80,1,0,0
BRDA:80,1,1,0
BRDA:83,2,0,0
BRDA:83,2,1,0
BRDA:83,2,2,0
BRDA:90,3,0,0
BRDA:90,3,1,0
BRDA:95,4,0,0
BRDA:95,4,1,0
BRDA:100,5,0,0
BRDA:100,5,1,0
BRDA:100,5,2,0
BRDA:100,5,3,0
BRDA:106,6,0,0
BRDA:106,6,1,0
BRDA:114,7,0,0
BRDA:114,7,1,0
BRDA:115,8,0,0
BRDA:115,8,1,0
BRDA:171,9,0,0
BRDA:171,9,1,0
BRDA:263,10,0,0
BRDA:263,10,1,0
BRDA:269,11,0,0
BRDA:269,11,1,0
BRDA:329,12,0,0
BRDA:329,12,1,0
BRDA:341,13,0,0
BRDA:341,13,1,0
BRDA:345,14,0,0
BRDA:345,14,1,0
BRDA:347,15,0,0
BRDA:347,15,1,0
BRDA:353,16,0,0
BRDA:353,16,1,0
BRDA:434,17,0,0
BRDA:434,17,1,0
BRDA:439,18,0,0
BRDA:439,18,1,0
BRDA:446,19,0,0
BRDA:446,19,1,0
BRDA:448,20,0,0
BRDA:448,20,1,0
BRDA:448,20,2,0
BRDA:459,21,0,0
BRDA:459,21,1,0
BRDA:465,22,0,0
BRDA:465,22,1,0
BRDA:539,23,0,0
BRDA:539,23,1,0
BRDA:545,24,0,0
BRDA:545,24,1,0
BRDA:555,25,0,0
BRDA:555,25,1,0
BRDA:612,26,0,0
BRDA:612,26,1,0
BRDA:643,27,0,0
BRDA:643,27,1,0
BRDA:643,28,0,0
BRDA:643,28,1,0
BRDA:643,28,2,0
BRDA:681,29,0,0
BRDA:681,29,1,0
BRDA:687,30,0,0
BRDA:687,30,1,0
BRDA:695,31,0,0
BRDA:695,31,1,0
BRDA:702,32,0,0
BRDA:702,32,1,0
BRDA:713,33,0,0
BRDA:713,33,1,0
BRDA:748,34,0,0
BRDA:748,34,1,0
BRDA:763,35,0,0
BRDA:763,35,1,0
BRDA:799,36,0,0
BRDA:799,36,1,0
BRF:79
BRH:0
end_of_record
TN:
SF:src\components\QuickExamples.js
FN:21,(anonymous_0)
FN:35,(anonymous_1)
FN:49,(anonymous_2)
FN:75,(anonymous_3)
FN:79,(anonymous_4)
FN:88,(anonymous_5)
FNF:6
FNH:0
FNDA:0,(anonymous_0)
FNDA:0,(anonymous_1)
FNDA:0,(anonymous_2)
FNDA:0,(anonymous_3)
FNDA:0,(anonymous_4)
FNDA:0,(anonymous_5)
DA:16,0
DA:17,0
DA:18,0
DA:19,0
DA:21,0
DA:23,0
DA:35,0
DA:36,0
DA:37,0
DA:38,0
DA:39,0
DA:40,0
DA:42,0
DA:43,0
DA:46,0
DA:49,0
DA:50,0
DA:51,0
DA:56,0
DA:57,0
DA:58,0
DA:61,0
DA:65,0
DA:76,0
DA:79,0
DA:88,0
DA:101,0
LF:27
LH:0
BRDA:21,0,0,0
BRDA:36,1,0,0
BRDA:36,1,1,0
BRDA:56,2,0,0
BRDA:56,2,1,0
BRDA:56,3,0,0
BRDA:56,3,1,0
BRDA:89,4,0,0
BRDA:89,4,1,0
BRDA:90,5,0,0
BRDA:90,5,1,0
BRDA:94,6,0,0
BRDA:94,6,1,0
BRDA:134,7,0,0
BRDA:134,7,1,0
BRDA:135,8,0,0
BRDA:135,8,1,0
BRF:17
BRH:0
end_of_record
TN:
SF:src\components\ResponsiveLayout.js
FN:12,(anonymous_0)
FN:27,(anonymous_1)
FN:49,(anonymous_2)
FN:80,(anonymous_3)
FN:103,(anonymous_4)
FN:129,(anonymous_5)
FN:140,(anonymous_6)
FN:150,(anonymous_7)
FN:173,(anonymous_8)
FN:189,(anonymous_9)
FNF:10
FNH:0
FNDA:0,(anonymous_0)
FNDA:0,(anonymous_1)
FNDA:0,(anonymous_2)
FNDA:0,(anonymous_3)
FNDA:0,(anonymous_4)
FNDA:0,(anonymous_5)
FNDA:0,(anonymous_6)
FNDA:0,(anonymous_7)
FNDA:0,(anonymous_8)
FNDA:0,(anonymous_9)
DA:6,0
DA:7,0
DA:8,0
DA:9,0
DA:12,0
DA:13,0
DA:19,0
DA:27,0
DA:28,0
DA:29,0
DA:35,0
DA:49,0
DA:57,0
DA:80,0
DA:87,0
DA:95,0
DA:103,0
DA:110,0
DA:116,0
DA:129,0
DA:135,0
DA:136,0
DA:138,0
DA:141,0
DA:150,0
DA:156,0
DA:165,0
DA:173,0
DA:174,0
DA:181,0
DA:189,0
DA:190,0
DA:191,0
DA:194,0
DA:201,0
LF:35
LH:0
BRDA:12,0,0,0
BRDA:15,1,0,0
BRDA:15,1,1,0
BRDA:31,2,0,0
BRDA:31,2,1,0
BRDA:53,3,0,0
BRDA:64,4,0,0
BRDA:64,4,1,0
BRDA:70,5,0,0
BRDA:70,5,1,0
BRDA:83,6,0,0
BRDA:84,7,0,0
BRDA:89,8,0,0
BRDA:89,8,1,0
BRDA:90,9,0,0
BRDA:90,9,1,0
BRDA:91,10,0,0
BRDA:91,10,1,0
BRDA:108,11,0,0
BRDA:118,12,0,0
BRDA:118,12,1,0
BRDA:132,13,0,0
BRDA:135,14,0,0
BRDA:135,14,1,0
BRDA:152,15,0,0
BRDA:153,16,0,0
BRDA:159,17,0,0
BRDA:159,17,1,0
BRDA:159,18,0,0
BRDA:159,18,1,0
BRDA:173,19,0,0
BRDA:173,20,0,0
BRDA:176,21,0,0
BRDA:176,21,1,0
BRDA:177,22,0,0
BRDA:177,22,1,0
BRDA:190,23,0,0
BRDA:190,23,1,0
BRF:38
BRH:0
end_of_record
TN:
SF:src\components\SaveStatusIndicator.js
FN:8,(anonymous_0)
FN:16,(anonymous_1)
FN:30,(anonymous_2)
FN:44,(anonymous_3)
FN:166,(anonymous_4)
FN:167,(anonymous_5)
FN:168,(anonymous_6)
FNF:7
FNH:0
FNDA:0,(anonymous_0)
FNDA:0,(anonymous_1)
FNDA:0,(anonymous_2)
FNDA:0,(anonymous_3)
FNDA:0,(anonymous_4)
FNDA:0,(anonymous_5)
FNDA:0,(anonymous_6)
DA:5,0
DA:6,0
DA:8,0
DA:16,0
DA:17,0
DA:18,0
DA:20,0
DA:22,0
DA:24,0
DA:26,0
DA:30,0
DA:31,0
DA:32,0
DA:34,0
DA:36,0
DA:38,0
DA:40,0
DA:44,0
DA:45,0
DA:47,0
DA:48,0
DA:50,0
DA:51,0
DA:52,0
DA:53,0
DA:55,0
DA:59,0
DA:60,0
DA:76,0
DA:105,0
DA:166,0
DA:167,0
DA:168,0
DA:169,0
DA:171,0
DA:193,0
DA:224,0
LF:37
LH:0
BRDA:14,0,0,0
BRDA:17,1,0,0
BRDA:17,1,1,0
BRDA:18,2,0,0
BRDA:18,2,1,0
BRDA:18,2,2,0
BRDA:18,2,3,0
BRDA:31,3,0,0
BRDA:31,3,1,0
BRDA:32,4,0,0
BRDA:32,4,1,0
BRDA:32,4,2,0
BRDA:32,4,3,0
BRDA:45,5,0,0
BRDA:45,5,1,0
BRDA:50,6,0,0
BRDA:50,6,1,0
BRDA:52,7,0,0
BRDA:52,7,1,0
BRDA:59,8,0,0
BRDA:59,8,1,0
BRDA:67,9,0,0
BRDA:67,9,1,0
BRDA:82,10,0,0
BRDA:82,10,1,0
BRDA:84,11,0,0
BRDA:84,11,1,0
BRDA:84,11,2,0
BRDA:92,12,0,0
BRDA:92,12,1,0
BRDA:168,13,0,0
BRDA:168,13,1,0
BRDA:169,14,0,0
BRDA:169,14,1,0
BRF:34
BRH:0
end_of_record
TN:
SF:src\components\TipCard.js
FN:21,(anonymous_0)
FN:35,(anonymous_1)
FN:42,(anonymous_2)
FN:49,(anonymous_3)
FN:57,(anonymous_4)
FN:67,(anonymous_5)
FN:76,(anonymous_6)
FN:92,(anonymous_7)
FN:104,(anonymous_8)
FN:110,(anonymous_9)
FN:111,(anonymous_10)
FN:116,(anonymous_11)
FN:117,(anonymous_12)
FN:119,(anonymous_13)
FN:169,(anonymous_14)
FN:227,(anonymous_15)
FN:241,(anonymous_16)
FN:251,(anonymous_17)
FN:259,(anonymous_18)
FN:266,(anonymous_19)
FN:279,(anonymous_20)
FN:286,(anonymous_21)
FN:306,(anonymous_22)
FNF:23
FNH:0
FNDA:0,(anonymous_0)
FNDA:0,(anonymous_1)
FNDA:0,(anonymous_2)
FNDA:0,(anonymous_3)
FNDA:0,(anonymous_4)
FNDA:0,(anonymous_5)
FNDA:0,(anonymous_6)
FNDA:0,(anonymous_7)
FNDA:0,(anonymous_8)
FNDA:0,(anonymous_9)
FNDA:0,(anonymous_10)
FNDA:0,(anonymous_11)
FNDA:0,(anonymous_12)
FNDA:0,(anonymous_13)
FNDA:0,(anonymous_14)
FNDA:0,(anonymous_15)
FNDA:0,(anonymous_16)
FNDA:0,(anonymous_17)
FNDA:0,(anonymous_18)
FNDA:0,(anonymous_19)
FNDA:0,(anonymous_20)
FNDA:0,(anonymous_21)
FNDA:0,(anonymous_22)
DA:16,0
DA:17,0
DA:18,0
DA:19,0
DA:21,0
DA:28,0
DA:29,0
DA:31,0
DA:32,0
DA:33,0
DA:35,0
DA:36,0
DA:37,0
DA:38,0
DA:39,0
DA:42,0
DA:43,0
DA:44,0
DA:49,0
DA:50,0
DA:51,0
DA:54,0
DA:55,0
DA:57,0
DA:58,0
DA:59,0
DA:60,0
DA:61,0
DA:62,0
DA:67,0
DA:68,0
DA:69,0
DA:70,0
DA:71,0
DA:72,0
DA:76,0
DA:77,0
DA:92,0
DA:93,0
DA:105,0
DA:106,0
DA:110,0
DA:111,0
DA:112,0
DA:116,0
DA:117,0
DA:119,0
DA:120,0
DA:121,0
DA:122,0
DA:123,0
DA:124,0
DA:130,0
DA:132,0
DA:169,0
DA:170,0
DA:172,0
DA:227,0
DA:228,0
DA:237,0
DA:241,0
DA:242,0
DA:244,0
DA:251,0
DA:259,0
DA:260,0
DA:262,0
DA:266,0
DA:279,0
DA:286,0
DA:287,0
DA:289,0
DA:366,0
LF:73
LH:0
BRDA:24,0,0,0
BRDA:25,1,0,0
BRDA:26,2,0,0
BRDA:36,3,0,0
BRDA:36,3,1,0
BRDA:38,4,0,0
BRDA:38,4,1,0
BRDA:43,5,0,0
BRDA:43,5,1,0
BRDA:50,6,0,0
BRDA:50,6,1,0
BRDA:55,7,0,0
BRDA:55,7,1,0
BRDA:59,8,0,0
BRDA:59,8,1,0
BRDA:69,9,0,0
BRDA:69,9,1,0
BRDA:106,10,0,0
BRDA:106,10,1,0
BRDA:112,11,0,0
BRDA:112,11,1,0
BRDA:121,12,0,0
BRDA:121,12,1,0
BRDA:130,13,0,0
BRDA:130,13,1,0
BRDA:130,14,0,0
BRDA:130,14,1,0
BRDA:135,15,0,0
BRDA:135,15,1,0
BRDA:145,16,0,0
BRDA:145,16,1,0
BRDA:152,17,0,0
BRDA:152,17,1,0
BRDA:152,17,2,0
BRDA:152,17,3,0
BRDA:169,18,0,0
BRDA:170,19,0,0
BRDA:170,19,1,0
BRDA:201,20,0,0
BRDA:201,20,1,0
BRDA:209,21,0,0
BRDA:209,21,1,0
BRDA:217,22,0,0
BRDA:217,22,1,0
BRDA:218,23,0,0
BRDA:218,23,1,0
BRDA:237,24,0,0
BRDA:237,24,1,0
BRDA:241,25,0,0
BRDA:268,26,0,0
BRDA:268,26,1,0
BRDA:287,27,0,0
BRDA:287,27,1,0
BRDA:287,28,0,0
BRDA:287,28,1,0
BRDA:343,29,0,0
BRDA:343,29,1,0
BRF:57
BRH:0
end_of_record
TN:
SF:src\components\TutorialOverlay.js
FN:23,(anonymous_0)
FN:42,(anonymous_1)
FN:52,(anonymous_2)
FN:73,(anonymous_3)
FN:93,(anonymous_4)
FN:98,(anonymous_5)
FN:120,(anonymous_6)
FN:121,(anonymous_7)
FN:133,(anonymous_8)
FN:140,(anonymous_9)
FN:147,(anonymous_10)
FN:160,(anonymous_11)
FN:165,(anonymous_12)
FN:270,(anonymous_13)
FN:332,(anonymous_14)
FNF:15
FNH:0
FNDA:0,(anonymous_0)
FNDA:0,(anonymous_1)
FNDA:0,(anonymous_2)
FNDA:0,(anonymous_3)
FNDA:0,(anonymous_4)
FNDA:0,(anonymous_5)
FNDA:0,(anonymous_6)
FNDA:0,(anonymous_7)
FNDA:0,(anonymous_8)
FNDA:0,(anonymous_9)
FNDA:0,(anonymous_10)
FNDA:0,(anonymous_11)
FNDA:0,(anonymous_12)
FNDA:0,(anonymous_13)
FNDA:0,(anonymous_14)
DA:18,0
DA:19,0
DA:20,0
DA:21,0
DA:23,0
DA:33,0
DA:34,0
DA:35,0
DA:37,0
DA:38,0
DA:39,0
DA:40,0
DA:42,0
DA:43,0
DA:44,0
DA:45,0
DA:46,0
DA:48,0
DA:52,0
DA:53,0
DA:56,0
DA:61,0
DA:64,0
DA:65,0
DA:73,0
DA:74,0
DA:76,0
DA:94,0
DA:98,0
DA:99,0
DA:101,0
DA:120,0
DA:121,0
DA:122,0
DA:134,0
DA:137,0
DA:140,0
DA:141,0
DA:143,0
DA:145,0
DA:146,0
DA:147,0
DA:148,0
DA:149,0
DA:153,0
DA:154,0
DA:156,0
DA:160,0
DA:161,0
DA:163,0
DA:164,0
DA:165,0
DA:166,0
DA:167,0
DA:171,0
DA:172,0
DA:174,0
DA:178,0
DA:180,0
DA:185,0
DA:271,0
DA:332,0
DA:333,0
DA:339,0
DA:341,0
DA:354,0
DA:367,0
DA:380,0
DA:393,0
DA:397,0
LF:70
LH:0
BRDA:43,0,0,0
BRDA:43,0,1,0
BRDA:43,1,0,0
BRDA:43,1,1,0
BRDA:53,2,0,0
BRDA:53,2,1,0
BRDA:53,3,0,0
BRDA:53,3,1,0
BRDA:58,4,0,0
BRDA:58,4,1,0
BRDA:64,5,0,0
BRDA:64,5,1,0
BRDA:99,6,0,0
BRDA:99,6,1,0
BRDA:134,7,0,0
BRDA:134,7,1,0
BRDA:141,8,0,0
BRDA:141,8,1,0
BRDA:143,9,0,0
BRDA:143,9,1,0
BRDA:143,10,0,0
BRDA:143,10,1,0
BRDA:147,11,0,0
BRDA:147,11,1,0
BRDA:153,12,0,0
BRDA:153,12,1,0
BRDA:161,13,0,0
BRDA:161,13,1,0
BRDA:161,14,0,0
BRDA:161,14,1,0
BRDA:165,15,0,0
BRDA:165,15,1,0
BRDA:171,16,0,0
BRDA:171,16,1,0
BRDA:178,17,0,0
BRDA:178,17,1,0
BRDA:178,18,0,0
BRDA:178,18,1,0
BRDA:181,19,0,0
BRDA:181,19,1,0
BRDA:198,20,0,0
BRDA:198,20,1,0
BRDA:250,21,0,0
BRDA:250,21,1,0
BRDA:260,22,0,0
BRDA:260,22,1,0
BRDA:268,23,0,0
BRDA:268,23,1,0
BRDA:287,24,0,0
BRDA:287,24,1,0
BRDA:295,25,0,0
BRDA:295,25,1,0
BRDA:302,26,0,0
BRDA:302,26,1,0
BRDA:339,27,0,0
BRDA:339,27,1,0
BRDA:339,27,2,0
BRDA:339,27,3,0
BRDA:339,27,4,0
BRDA:480,28,0,0
BRDA:480,28,1,0
BRDA:567,29,0,0
BRDA:567,29,1,0
BRF:63
BRH:0
end_of_record
TN:
SF:src\components\TutorialSettings.js
FN:21,(anonymous_0)
FN:25,(anonymous_1)
FN:31,(anonymous_2)
FN:35,(anonymous_3)
FN:44,(anonymous_4)
FN:60,(anonymous_5)
FN:73,(anonymous_6)
FN:81,(anonymous_7)
FN:83,(anonymous_8)
FN:96,(anonymous_9)
FN:106,(anonymous_10)
FN:110,(anonymous_11)
FN:199,(anonymous_12)
FN:223,(anonymous_13)
FN:256,(anonymous_14)
FN:263,(anonymous_15)
FN:271,(anonymous_16)
FN:282,(anonymous_17)
FN:289,(anonymous_18)
FNF:19
FNH:0
FNDA:0,(anonymous_0)
FNDA:0,(anonymous_1)
FNDA:0,(anonymous_2)
FNDA:0,(anonymous_3)
FNDA:0,(anonymous_4)
FNDA:0,(anonymous_5)
FNDA:0,(anonymous_6)
FNDA:0,(anonymous_7)
FNDA:0,(anonymous_8)
FNDA:0,(anonymous_9)
FNDA:0,(anonymous_10)
FNDA:0,(anonymous_11)
FNDA:0,(anonymous_12)
FNDA:0,(anonymous_13)
FNDA:0,(anonymous_14)
FNDA:0,(anonymous_15)
FNDA:0,(anonymous_16)
FNDA:0,(anonymous_17)
FNDA:0,(anonymous_18)
DA:17,0
DA:18,0
DA:19,0
DA:21,0
DA:22,0
DA:23,0
DA:25,0
DA:26,0
DA:27,0
DA:31,0
DA:32,0
DA:35,0
DA:36,0
DA:45,0
DA:46,0
DA:47,0
DA:48,0
DA:50,0
DA:52,0
DA:60,0
DA:61,0
DA:63,0
DA:69,0
DA:73,0
DA:74,0
DA:83,0
DA:84,0
DA:96,0
DA:97,0
DA:103,0
DA:106,0
DA:107,0
DA:110,0
DA:111,0
DA:132,0
DA:200,0
DA:202,0
DA:203,0
DA:204,0
DA:206,0
DA:223,0
DA:256,0
DA:263,0
DA:271,0
DA:283,0
DA:289,0
DA:353,0
LF:47
LH:0
BRDA:26,0,0,0
BRDA:26,0,1,0
BRDA:103,1,0,0
BRDA:103,1,1,0
BRDA:107,2,0,0
BRDA:107,2,1,0
BRDA:110,3,0,0
BRDA:111,4,0,0
BRDA:111,4,1,0
BRDA:113,5,0,0
BRDA:113,5,1,0
BRDA:116,6,0,0
BRDA:116,6,1,0
BRDA:117,7,0,0
BRDA:117,7,1,0
BRDA:126,8,0,0
BRDA:126,8,1,0
BRDA:179,9,0,0
BRDA:179,9,1,0
BRDA:200,10,0,0
BRDA:200,10,1,0
BRDA:202,11,0,0
BRDA:202,11,1,0
BRDA:204,12,0,0
BRDA:204,12,1,0
BRDA:221,13,0,0
BRDA:221,13,1,0
BRDA:227,14,0,0
BRDA:227,14,1,0
BRDA:229,15,0,0
BRDA:229,15,1,0
BRDA:287,16,0,0
BRDA:287,16,1,0
BRDA:293,17,0,0
BRDA:293,17,1,0
BRDA:295,18,0,0
BRDA:295,18,1,0
BRDA:295,19,0,0
BRDA:295,19,1,0
BRDA:313,20,0,0
BRDA:313,20,1,0
BRF:41
BRH:0
end_of_record
TN:
SF:src\components\UnitSelector.js
FN:15,(anonymous_0)
FN:26,(anonymous_1)
FN:34,(anonymous_2)
FNF:3
FNH:0
FNDA:0,(anonymous_0)
FNDA:0,(anonymous_1)
FNDA:0,(anonymous_2)
DA:11,0
DA:12,0
DA:13,0
DA:15,0
DA:16,0
DA:21,0
DA:27,0
DA:34,0
DA:73,0
LF:9
LH:0
BRDA:15,0,0,0
BRDA:31,1,0,0
BRDA:31,1,1,0
BRDA:32,2,0,0
BRDA:32,2,1,0
BRDA:34,3,0,0
BRDA:34,3,1,0
BRDA:40,4,0,0
BRDA:40,4,1,0
BRDA:41,5,0,0
BRDA:41,5,1,0
BRDA:47,6,0,0
BRDA:47,6,1,0
BRDA:48,7,0,0
BRDA:48,7,1,0
BRDA:54,8,0,0
BRDA:54,8,1,0
BRDA:64,9,0,0
BRDA:64,9,1,0
BRF:19
BRH:0
end_of_record
TN:
SF:src\components\ui\ResponsiveCard.js
FN:5,(anonymous_0)
FN:12,(anonymous_1)
FNF:2
FNH:0
FNDA:0,(anonymous_0)
FNDA:0,(anonymous_1)
DA:5,0
DA:10,0
DA:12,0
DA:13,0
DA:23,0
DA:29,0
DA:36,0
LF:7
LH:0
BRDA:8,0,0,0
BRDA:15,1,0,0
BRDA:15,1,1,0
BRDA:24,2,0,0
BRDA:24,2,1,0
BRDA:25,3,0,0
BRDA:25,3,1,0
BRDA:26,4,0,0
BRDA:26,4,1,0
BRDA:32,5,0,0
BRDA:32,5,1,0
BRF:11
BRH:0
end_of_record
TN:
SF:src\components\ui\ResponsiveLayout.js
FN:14,(anonymous_0)
FN:26,(anonymous_1)
FN:45,(anonymous_2)
FN:52,(anonymous_3)
FN:112,(anonymous_4)
FN:115,(anonymous_5)
FN:152,(anonymous_6)
FN:180,(anonymous_7)
FN:207,(anonymous_8)
FNF:9
FNH:0
FNDA:0,(anonymous_0)
FNDA:0,(anonymous_1)
FNDA:0,(anonymous_2)
FNDA:0,(anonymous_3)
FNDA:0,(anonymous_4)
FNDA:0,(anonymous_5)
FNDA:0,(anonymous_6)
FNDA:0,(anonymous_7)
FNDA:0,(anonymous_8)
DA:14,0
DA:24,0
DA:26,0
DA:27,0
DA:28,0
DA:32,0
DA:33,0
DA:38,0
DA:45,0
DA:46,0
DA:47,0
DA:48,0
DA:49,0
DA:52,0
DA:53,0
DA:54,0
DA:58,0
DA:59,0
DA:64,0
DA:71,0
DA:112,0
DA:113,0
DA:115,0
DA:116,0
DA:117,0
DA:118,0
DA:119,0
DA:122,0
DA:130,0
DA:139,0
DA:152,0
DA:161,0
DA:163,0
DA:172,0
DA:180,0
DA:189,0
DA:191,0
DA:199,0
DA:207,0
DA:217,0
DA:219,0
DA:225,0
DA:237,0
DA:245,0
DA:253,0
DA:269,0
LF:46
LH:0
BRDA:17,0,0,0
BRDA:18,1,0,0
BRDA:19,2,0,0
BRDA:20,3,0,0
BRDA:21,4,0,0
BRDA:22,5,0,0
BRDA:27,6,0,0
BRDA:27,6,1,0
BRDA:30,7,0,0
BRDA:30,7,1,0
BRDA:32,8,0,0
BRDA:32,8,1,0
BRDA:35,9,0,0
BRDA:35,9,1,0
BRDA:39,10,0,0
BRDA:39,10,1,0
BRDA:40,11,0,0
BRDA:40,11,1,0
BRDA:40,12,0,0
BRDA:40,12,1,0
BRDA:46,13,0,0
BRDA:46,13,1,0
BRDA:47,14,0,0
BRDA:47,14,1,0
BRDA:48,15,0,0
BRDA:48,15,1,0
BRDA:53,16,0,0
BRDA:53,16,1,0
BRDA:58,17,0,0
BRDA:58,17,1,0
BRDA:73,18,0,0
BRDA:73,18,1,0
BRDA:81,19,0,0
BRDA:81,19,1,0
BRDA:101,20,0,0
BRDA:101,20,1,0
BRDA:116,21,0,0
BRDA:116,21,1,0
BRDA:116,22,0,0
BRDA:116,22,1,0
BRDA:117,23,0,0
BRDA:117,23,1,0
BRDA:118,24,0,0
BRDA:118,24,1,0
BRDA:118,25,0,0
BRDA:118,25,1,0
BRDA:119,26,0,0
BRDA:119,26,1,0
BRDA:119,26,2,0
BRDA:154,27,0,0
BRDA:155,28,0,0
BRDA:156,29,0,0
BRDA:157,30,0,0
BRDA:158,31,0,0
BRDA:159,32,0,0
BRDA:168,33,0,0
BRDA:168,33,1,0
BRDA:182,34,0,0
BRDA:183,35,0,0
BRDA:184,36,0,0
BRDA:185,37,0,0
BRDA:186,38,0,0
BRDA:210,39,0,0
BRDA:211,40,0,0
BRDA:212,41,0,0
BRDA:213,42,0,0
BRDA:214,43,0,0
BRDA:241,44,0,0
BRDA:241,44,1,0
BRDA:248,45,0,0
BRDA:248,45,1,0
BRDA:249,46,0,0
BRDA:249,46,1,0
BRDA:260,47,0,0
BRDA:260,47,1,0
BRF:75
BRH:0
end_of_record
TN:
SF:src\hooks\useAutoSave.js
FN:4,(anonymous_0)
FN:10,(anonymous_1)
FN:13,(anonymous_2)
FN:40,(anonymous_3)
FN:55,(anonymous_4)
FN:56,(anonymous_5)
FN:63,(anonymous_6)
FN:85,(anonymous_7)
FN:109,(anonymous_8)
FN:113,(anonymous_9)
FN:118,(anonymous_10)
FN:123,(anonymous_11)
FN:128,(anonymous_12)
FN:141,(anonymous_13)
FNF:14
FNH:0
FNDA:0,(anonymous_0)
FNDA:0,(anonymous_1)
FNDA:0,(anonymous_2)
FNDA:0,(anonymous_3)
FNDA:0,(anonymous_4)
FNDA:0,(anonymous_5)
FNDA:0,(anonymous_6)
FNDA:0,(anonymous_7)
FNDA:0,(anonymous_8)
FNDA:0,(anonymous_9)
FNDA:0,(anonymous_10)
FNDA:0,(anonymous_11)
FNDA:0,(anonymous_12)
FNDA:0,(anonymous_13)
DA:4,0
DA:5,0
DA:6,0
DA:7,0
DA:8,0
DA:10,0
DA:11,0
DA:13,0
DA:14,0
DA:16,0
DA:17,0
DA:19,0
DA:20,0
DA:22,0
DA:27,0
DA:28,0
DA:29,0
DA:31,0
DA:34,0
DA:35,0
DA:40,0
DA:41,0
DA:42,0
DA:47,0
DA:48,0
DA:49,0
DA:55,0
DA:56,0
DA:57,0
DA:58,0
DA:63,0
DA:64,0
DA:66,0
DA:67,0
DA:69,0
DA:74,0
DA:75,0
DA:77,0
DA:79,0
DA:80,0
DA:81,0
DA:85,0
DA:86,0
DA:88,0
DA:89,0
DA:91,0
DA:92,0
DA:93,0
DA:94,0
DA:96,0
DA:100,0
DA:109,0
DA:110,0
DA:111,0
DA:113,0
DA:114,0
DA:115,0
DA:118,0
DA:119,0
DA:120,0
DA:123,0
DA:124,0
DA:125,0
DA:128,0
DA:129,0
DA:131,0
DA:133,0
DA:135,0
DA:137,0
DA:141,0
DA:142,0
DA:144,0
DA:146,0
DA:148,0
DA:150,0
DA:154,0
LF:76
LH:0
BRDA:4,0,0,0
BRDA:4,1,0,0
BRDA:11,2,0,0
BRDA:11,2,1,0
BRDA:11,3,0,0
BRDA:11,3,1,0
BRDA:11,3,2,0
BRDA:19,4,0,0
BRDA:19,4,1,0
BRDA:41,5,0,0
BRDA:41,5,1,0
BRDA:47,6,0,0
BRDA:47,6,1,0
BRDA:57,7,0,0
BRDA:57,7,1,0
BRDA:64,8,0,0
BRDA:64,8,1,0
BRDA:86,9,0,0
BRDA:86,9,1,0
BRDA:91,10,0,0
BRDA:91,10,1,0
BRDA:93,11,0,0
BRDA:93,11,1,0
BRDA:113,12,0,0
BRDA:118,13,0,0
BRDA:123,14,0,0
BRDA:129,15,0,0
BRDA:129,15,1,0
BRDA:129,15,2,0
BRDA:129,15,3,0
BRDA:142,16,0,0
BRDA:142,16,1,0
BRDA:142,16,2,0
BRDA:142,16,3,0
BRF:34
BRH:0
end_of_record
TN:
SF:src\hooks\useDeviceInfo.js
FN:5,(anonymous_0)
FN:17,(anonymous_1)
FN:18,(anonymous_2)
FN:45,(anonymous_3)
FNF:4
FNH:0
FNDA:0,(anonymous_0)
FNDA:0,(anonymous_1)
FNDA:0,(anonymous_2)
FNDA:0,(anonymous_3)
DA:5,0
DA:6,0
DA:17,0
DA:18,0
DA:19,0
DA:20,0
DA:23,0
DA:28,0
DA:30,0
DA:42,0
DA:44,0
DA:45,0
DA:48,0
LF:13
LH:0
BRDA:23,0,0,0
BRDA:23,0,1,0
BRDA:23,0,2,0
BRDA:23,0,3,0
BRDA:28,1,0,0
BRDA:28,1,1,0
BRF:6
BRH:0
end_of_record
TN:
SF:src\hooks\usePerformance.js
FN:4,(anonymous_0)
FN:9,(anonymous_1)
FN:10,(anonymous_2)
FN:24,(anonymous_3)
FN:29,(anonymous_4)
FN:32,(anonymous_5)
FN:38,(anonymous_6)
FN:47,(anonymous_7)
FN:51,(anonymous_8)
FN:55,(anonymous_9)
FN:59,(anonymous_10)
FN:63,(anonymous_11)
FN:81,(anonymous_12)
FN:82,(anonymous_13)
FN:89,(anonymous_14)
FN:90,(anonymous_15)
FN:97,(anonymous_16)
FN:98,(anonymous_17)
FNF:18
FNH:0
FNDA:0,(anonymous_0)
FNDA:0,(anonymous_1)
FNDA:0,(anonymous_2)
FNDA:0,(anonymous_3)
FNDA:0,(anonymous_4)
FNDA:0,(anonymous_5)
FNDA:0,(anonymous_6)
FNDA:0,(anonymous_7)
FNDA:0,(anonymous_8)
FNDA:0,(anonymous_9)
FNDA:0,(anonymous_10)
FNDA:0,(anonymous_11)
FNDA:0,(anonymous_12)
FNDA:0,(anonymous_13)
FNDA:0,(anonymous_14)
FNDA:0,(anonymous_15)
FNDA:0,(anonymous_16)
FNDA:0,(anonymous_17)
DA:4,0
DA:5,0
DA:6,0
DA:7,0
DA:9,0
DA:10,0
DA:11,0
DA:12,0
DA:13,0
DA:14,0
DA:15,0
DA:17,0
DA:18,0
DA:22,0
DA:24,0
DA:25,0
DA:29,0
DA:30,0
DA:31,0
DA:32,0
DA:34,0
DA:38,0
DA:39,0
DA:40,0
DA:41,0
DA:43,0
DA:47,0
DA:48,0
DA:51,0
DA:52,0
DA:55,0
DA:56,0
DA:59,0
DA:60,0
DA:63,0
DA:64,0
DA:67,0
DA:81,0
DA:82,0
DA:83,0
DA:86,0
DA:89,0
DA:90,0
DA:91,0
DA:94,0
DA:97,0
DA:98,0
DA:99,0
DA:100,0
LF:49
LH:0
BRDA:81,0,0,0
BRDA:89,1,0,0
BRDA:97,2,0,0
BRDA:100,3,0,0
BRDA:100,3,1,0
BRDA:100,4,0,0
BRDA:100,4,1,0
BRF:7
BRH:0
end_of_record
TN:
SF:src\hooks\useTranslation.js
FN:6,(anonymous_0)
FN:7,(anonymous_1)
FN:11,(anonymous_2)
FN:15,(anonymous_3)
FN:19,(anonymous_4)
FNF:5
FNH:0
FNDA:0,(anonymous_0)
FNDA:0,(anonymous_1)
FNDA:0,(anonymous_2)
FNDA:0,(anonymous_3)
FNDA:0,(anonymous_4)
DA:6,0
DA:7,0
DA:8,0
DA:11,0
DA:12,0
DA:15,0
DA:16,0
DA:19,0
DA:20,0
DA:23,0
LF:10
LH:0
BRDA:7,0,0,0
BRDA:11,1,0,0
BRF:2
BRH:0
end_of_record
TN:
SF:src\hooks\useTutorial.js
FN:4,(anonymous_0)
FN:16,(anonymous_1)
FN:20,(anonymous_2)
FN:39,(anonymous_3)
FN:45,(anonymous_4)
FN:56,(anonymous_5)
FN:66,(anonymous_6)
FN:80,(anonymous_7)
FN:90,(anonymous_8)
FN:100,(anonymous_9)
FN:111,(anonymous_10)
FN:112,(anonymous_11)
FN:120,(anonymous_12)
FN:129,(anonymous_13)
FN:132,(anonymous_14)
FN:141,(anonymous_15)
FN:144,(anonymous_16)
FN:154,(anonymous_17)
FN:164,(anonymous_18)
FN:178,(anonymous_19)
FN:187,(anonymous_20)
FN:188,(anonymous_21)
FN:194,(anonymous_22)
FN:195,(anonymous_23)
FN:202,(anonymous_24)
FN:206,(anonymous_25)
FN:207,(anonymous_26)
FN:213,(anonymous_27)
FN:250,(anonymous_28)
FN:253,(anonymous_29)
FN:265,(anonymous_30)
FN:271,(anonymous_31)
FN:283,(anonymous_32)
FN:287,(anonymous_33)
FN:301,(anonymous_34)
FN:305,(anonymous_35)
FN:309,(anonymous_36)
FN:313,(anonymous_37)
FN:329,(anonymous_38)
FN:345,(anonymous_39)
FN:350,(anonymous_40)
FN:364,(anonymous_41)
FN:368,(anonymous_42)
FN:372,(anonymous_43)
FN:381,(anonymous_44)
FN:385,(anonymous_45)
FN:394,(anonymous_46)
FN:412,(anonymous_47)
FN:429,(anonymous_48)
FN:446,(anonymous_49)
FN:456,(anonymous_50)
FN:468,(anonymous_51)
FN:472,(anonymous_52)
FNF:53
FNH:0
FNDA:0,(anonymous_0)
FNDA:0,(anonymous_1)
FNDA:0,(anonymous_2)
FNDA:0,(anonymous_3)
FNDA:0,(anonymous_4)
FNDA:0,(anonymous_5)
FNDA:0,(anonymous_6)
FNDA:0,(anonymous_7)
FNDA:0,(anonymous_8)
FNDA:0,(anonymous_9)
FNDA:0,(anonymous_10)
FNDA:0,(anonymous_11)
FNDA:0,(anonymous_12)
FNDA:0,(anonymous_13)
FNDA:0,(anonymous_14)
FNDA:0,(anonymous_15)
FNDA:0,(anonymous_16)
FNDA:0,(anonymous_17)
FNDA:0,(anonymous_18)
FNDA:0,(anonymous_19)
FNDA:0,(anonymous_20)
FNDA:0,(anonymous_21)
FNDA:0,(anonymous_22)
FNDA:0,(anonymous_23)
FNDA:0,(anonymous_24)
FNDA:0,(anonymous_25)
FNDA:0,(anonymous_26)
FNDA:0,(anonymous_27)
FNDA:0,(anonymous_28)
FNDA:0,(anonymous_29)
FNDA:0,(anonymous_30)
FNDA:0,(anonymous_31)
FNDA:0,(anonymous_32)
FNDA:0,(anonymous_33)
FNDA:0,(anonymous_34)
FNDA:0,(anonymous_35)
FNDA:0,(anonymous_36)
FNDA:0,(anonymous_37)
FNDA:0,(anonymous_38)
FNDA:0,(anonymous_39)
FNDA:0,(anonymous_40)
FNDA:0,(anonymous_41)
FNDA:0,(anonymous_42)
FNDA:0,(anonymous_43)
FNDA:0,(anonymous_44)
FNDA:0,(anonymous_45)
FNDA:0,(anonymous_46)
FNDA:0,(anonymous_47)
FNDA:0,(anonymous_48)
FNDA:0,(anonymous_49)
FNDA:0,(anonymous_50)
FNDA:0,(anonymous_51)
FNDA:0,(anonymous_52)
DA:4,0
DA:5,0
DA:13,0
DA:14,0
DA:16,0
DA:17,0
DA:20,0
DA:21,0
DA:22,0
DA:23,0
DA:25,0
DA:33,0
DA:35,0
DA:39,0
DA:40,0
DA:41,0
DA:42,0
DA:44,0
DA:45,0
DA:52,0
DA:56,0
DA:57,0
DA:58,0
DA:60,0
DA:65,0
DA:66,0
DA:72,0
DA:73,0
DA:76,0
DA:80,0
DA:81,0
DA:82,0
DA:84,0
DA:89,0
DA:90,0
DA:96,0
DA:100,0
DA:101,0
DA:102,0
DA:103,0
DA:105,0
DA:107,0
DA:111,0
DA:112,0
DA:120,0
DA:121,0
DA:122,0
DA:123,0
DA:125,0
DA:129,0
DA:130,0
DA:131,0
DA:132,0
DA:137,0
DA:141,0
DA:142,0
DA:143,0
DA:144,0
DA:150,0
DA:154,0
DA:155,0
DA:156,0
DA:157,0
DA:159,0
DA:160,0
DA:164,0
DA:165,0
DA:166,0
DA:168,0
DA:169,0
DA:178,0
DA:179,0
DA:180,0
DA:182,0
DA:183,0
DA:187,0
DA:188,0
DA:194,0
DA:195,0
DA:196,0
DA:197,0
DA:198,0
DA:202,0
DA:203,0
DA:204,0
DA:206,0
DA:207,0
DA:208,0
DA:213,0
DA:214,0
DA:217,0
DA:250,0
DA:251,0
DA:253,0
DA:254,0
DA:264,0
DA:265,0
DA:266,0
DA:271,0
DA:272,0
DA:275,0
DA:283,0
DA:284,0
DA:285,0
DA:287,0
DA:288,0
DA:289,0
DA:290,0
DA:291,0
DA:292,0
DA:294,0
DA:295,0
DA:297,0
DA:301,0
DA:302,0
DA:305,0
DA:306,0
DA:309,0
DA:310,0
DA:313,0
DA:314,0
DA:315,0
DA:316,0
DA:317,0
DA:318,0
DA:320,0
DA:322,0
DA:323,0
DA:325,0
DA:329,0
DA:330,0
DA:333,0
DA:345,0
DA:346,0
DA:347,0
DA:348,0
DA:350,0
DA:351,0
DA:352,0
DA:353,0
DA:354,0
DA:355,0
DA:357,0
DA:358,0
DA:360,0
DA:364,0
DA:365,0
DA:368,0
DA:369,0
DA:372,0
DA:373,0
DA:374,0
DA:376,0
DA:377,0
DA:381,0
DA:382,0
DA:385,0
DA:386,0
DA:387,0
DA:389,0
DA:390,0
DA:394,0
DA:395,0
DA:398,0
DA:412,0
DA:413,0
DA:421,0
DA:427,0
DA:429,0
DA:430,0
DA:431,0
DA:432,0
DA:437,0
DA:438,0
DA:440,0
DA:442,0
DA:446,0
DA:447,0
DA:448,0
DA:449,0
DA:450,0
DA:452,0
DA:456,0
DA:457,0
DA:458,0
DA:459,0
DA:460,0
DA:462,0
DA:464,0
DA:468,0
DA:469,0
DA:472,0
DA:473,0
DA:476,0
LF:194
LH:0
BRDA:4,0,0,0
BRDA:4,1,0,0
BRDA:27,2,0,0
BRDA:27,2,1,0
BRDA:28,3,0,0
BRDA:28,3,1,0
BRDA:39,4,0,0
BRDA:42,5,0,0
BRDA:42,5,1,0
BRDA:42,6,0,0
BRDA:42,6,1,0
BRDA:58,7,0,0
BRDA:58,7,1,0
BRDA:58,8,0,0
BRDA:58,8,1,0
BRDA:65,9,0,0
BRDA:65,9,1,0
BRDA:82,10,0,0
BRDA:82,10,1,0
BRDA:82,11,0,0
BRDA:82,11,1,0
BRDA:89,12,0,0
BRDA:89,12,1,0
BRDA:102,13,0,0
BRDA:102,13,1,0
BRDA:154,14,0,0
BRDA:156,15,0,0
BRDA:156,15,1,0
BRDA:178,16,0,0
BRDA:204,17,0,0
BRDA:204,17,1,0
BRDA:258,18,0,0
BRDA:258,18,1,0
BRDA:260,19,0,0
BRDA:260,19,1,0
BRDA:264,20,0,0
BRDA:264,20,1,0
BRDA:264,21,0,0
BRDA:264,21,1,0
BRDA:283,22,0,0
BRDA:317,23,0,0
BRDA:317,23,1,0
BRF:42
BRH:0
end_of_record
TN:
SF:src\navigation\AppNavigator.js
FN:11,AppNavigator
FN:33,(anonymous_1)
FN:45,(anonymous_2)
FN:57,(anonymous_3)
FNF:4
FNH:0
FNDA:0,AppNavigator
FNDA:0,(anonymous_1)
FNDA:0,(anonymous_2)
FNDA:0,(anonymous_3)
DA:9,0
DA:12,0
DA:34,0
DA:46,0
DA:58,0
LF:5
LH:0
BRDA:34,0,0,0
BRDA:34,0,1,0
BRDA:34,1,0,0
BRDA:34,1,1,0
BRDA:46,2,0,0
BRDA:46,2,1,0
BRDA:46,3,0,0
BRDA:46,3,1,0
BRDA:58,4,0,0
BRDA:58,4,1,0
BRDA:58,5,0,0
BRDA:58,5,1,0
BRF:12
BRH:0
end_of_record
TN:
SF:src\navigation\TabNavigator.js
FN:18,(anonymous_0)
FN:28,(anonymous_1)
FN:55,(anonymous_2)
FN:60,(anonymous_3)
FN:75,(anonymous_4)
FN:80,(anonymous_5)
FNF:6
FNH:0
FNDA:0,(anonymous_0)
FNDA:0,(anonymous_1)
FNDA:0,(anonymous_2)
FNDA:0,(anonymous_3)
FNDA:0,(anonymous_4)
FNDA:0,(anonymous_5)
DA:12,0
DA:13,0
DA:14,0
DA:15,0
DA:16,0
DA:18,0
DA:19,0
DA:28,0
DA:38,0
DA:56,0
DA:61,0
DA:76,0
DA:81,0
DA:100,0
LF:14
LH:0
BRDA:19,0,0,0
BRDA:19,0,1,0
BRDA:107,1,0,0
BRDA:107,1,1,0
BRF:4
BRH:0
end_of_record
TN:
SF:src\screens\AnalyzerScreen.js
FN:7,AnalyzerScreen
FN:24,(anonymous_1)
FN:26,(anonymous_2)
FN:31,(anonymous_3)
FN:47,(anonymous_4)
FN:52,(anonymous_5)
FN:59,(anonymous_6)
FN:75,(anonymous_7)
FN:79,(anonymous_8)
FN:96,(anonymous_9)
FN:158,(anonymous_10)
FN:164,(anonymous_11)
FN:170,(anonymous_12)
FN:198,(anonymous_13)
FN:206,(anonymous_14)
FN:214,(anonymous_15)
FN:234,(anonymous_16)
FNF:17
FNH:0
FNDA:0,AnalyzerScreen
FNDA:0,(anonymous_1)
FNDA:0,(anonymous_2)
FNDA:0,(anonymous_3)
FNDA:0,(anonymous_4)
FNDA:0,(anonymous_5)
FNDA:0,(anonymous_6)
FNDA:0,(anonymous_7)
FNDA:0,(anonymous_8)
FNDA:0,(anonymous_9)
FNDA:0,(anonymous_10)
FNDA:0,(anonymous_11)
FNDA:0,(anonymous_12)
FNDA:0,(anonymous_13)
FNDA:0,(anonymous_14)
FNDA:0,(anonymous_15)
FNDA:0,(anonymous_16)
DA:5,0
DA:8,0
DA:9,0
DA:10,0
DA:20,0
DA:21,0
DA:22,0
DA:24,0
DA:25,0
DA:26,0
DA:27,0
DA:31,0
DA:32,0
DA:34,0
DA:35,0
DA:37,0
DA:38,0
DA:40,0
DA:41,0
DA:43,0
DA:44,0
DA:47,0
DA:48,0
DA:52,0
DA:53,0
DA:54,0
DA:55,0
DA:56,0
DA:59,0
DA:60,0
DA:75,0
DA:76,0
DA:80,0
DA:96,0
DA:97,0
DA:117,0
DA:158,0
DA:164,0
DA:170,0
DA:198,0
DA:206,0
DA:214,0
DA:235,0
DA:273,0
LF:44
LH:0
BRDA:35,0,0,0
BRDA:35,0,1,0
BRDA:35,0,2,0
BRDA:54,1,0,0
BRDA:54,1,1,0
BRDA:55,2,0,0
BRDA:55,2,1,0
BRDA:85,3,0,0
BRDA:85,3,1,0
BRDA:130,4,0,0
BRDA:130,4,1,0
BRDA:142,5,0,0
BRDA:142,5,1,0
BRDA:147,6,0,0
BRDA:147,6,1,0
BRDA:157,7,0,0
BRDA:157,7,1,0
BRDA:163,8,0,0
BRDA:163,8,1,0
BRDA:169,9,0,0
BRDA:169,9,1,0
BRDA:181,10,0,0
BRDA:181,10,1,0
BRDA:197,11,0,0
BRDA:197,11,1,0
BRDA:200,12,0,0
BRDA:200,12,1,0
BRDA:205,13,0,0
BRDA:205,13,1,0
BRDA:208,14,0,0
BRDA:208,14,1,0
BRDA:213,15,0,0
BRDA:213,15,1,0
BRDA:216,16,0,0
BRDA:216,16,1,0
BRDA:223,17,0,0
BRDA:223,17,1,0
BRDA:235,18,0,0
BRDA:235,18,1,0
BRDA:241,19,0,0
BRDA:241,19,1,0
BRDA:249,20,0,0
BRDA:249,20,1,0
BRDA:266,21,0,0
BRDA:266,21,1,0
BRF:45
BRH:0
end_of_record
TN:
SF:src\screens\DesignerScreen.js
FN:6,DesignerScreen
FN:46,(anonymous_1)
FN:50,(anonymous_2)
FN:51,(anonymous_3)
FN:54,(anonymous_4)
FN:96,(anonymous_5)
FN:131,(anonymous_6)
FN:154,(anonymous_7)
FN:159,(anonymous_8)
FN:168,(anonymous_9)
FN:176,(anonymous_10)
FN:203,(anonymous_11)
FN:240,(anonymous_12)
FN:243,(anonymous_13)
FN:246,(anonymous_14)
FN:249,(anonymous_15)
FN:319,(anonymous_16)
FN:325,(anonymous_17)
FN:331,(anonymous_18)
FN:337,(anonymous_19)
FN:366,(anonymous_20)
FNF:21
FNH:0
FNDA:0,DesignerScreen
FNDA:0,(anonymous_1)
FNDA:0,(anonymous_2)
FNDA:0,(anonymous_3)
FNDA:0,(anonymous_4)
FNDA:0,(anonymous_5)
FNDA:0,(anonymous_6)
FNDA:0,(anonymous_7)
FNDA:0,(anonymous_8)
FNDA:0,(anonymous_9)
FNDA:0,(anonymous_10)
FNDA:0,(anonymous_11)
FNDA:0,(anonymous_12)
FNDA:0,(anonymous_13)
FNDA:0,(anonymous_14)
FNDA:0,(anonymous_15)
FNDA:0,(anonymous_16)
FNDA:0,(anonymous_17)
FNDA:0,(anonymous_18)
FNDA:0,(anonymous_19)
FNDA:0,(anonymous_20)
DA:7,0
DA:8,0
DA:9,0
DA:10,0
DA:16,0
DA:17,0
DA:18,0
DA:19,0
DA:20,0
DA:22,0
DA:46,0
DA:47,0
DA:50,0
DA:51,0
DA:52,0
DA:54,0
DA:55,0
DA:56,0
DA:57,0
DA:58,0
DA:59,0
DA:60,0
DA:65,0
DA:66,0
DA:67,0
DA:71,0
DA:72,0
DA:74,0
DA:75,0
DA:76,0
DA:77,0
DA:79,0
DA:80,0
DA:81,0
DA:93,0
DA:96,0
DA:97,0
DA:103,0
DA:104,0
DA:105,0
DA:106,0
DA:108,0
DA:109,0
DA:110,0
DA:111,0
DA:113,0
DA:114,0
DA:115,0
DA:116,0
DA:121,0
DA:122,0
DA:124,0
DA:131,0
DA:132,0
DA:133,0
DA:134,0
DA:137,0
DA:139,0
DA:140,0
DA:142,0
DA:143,0
DA:145,0
DA:146,0
DA:148,0
DA:149,0
DA:152,0
DA:154,0
DA:155,0
DA:159,0
DA:160,0
DA:161,0
DA:162,0
DA:165,0
DA:168,0
DA:169,0
DA:177,0
DA:178,0
DA:179,0
DA:180,0
DA:181,0
DA:182,0
DA:184,0
DA:189,0
DA:190,0
DA:192,0
DA:203,0
DA:204,0
DA:205,0
DA:206,0
DA:207,0
DA:210,0
DA:240,0
DA:243,0
DA:246,0
DA:249,0
DA:319,0
DA:325,0
DA:331,0
DA:337,0
DA:367,0
DA:392,0
LF:101
LH:0
BRDA:56,0,0,0
BRDA:56,0,1,0
BRDA:59,1,0,0
BRDA:59,1,1,0
BRDA:59,2,0,0
BRDA:59,2,1,0
BRDA:65,3,0,0
BRDA:65,3,1,0
BRDA:72,4,0,0
BRDA:72,4,1,0
BRDA:79,5,0,0
BRDA:79,5,1,0
BRDA:79,6,0,0
BRDA:79,6,1,0
BRDA:88,7,0,0
BRDA:88,7,1,0
BRDA:113,8,0,0
BRDA:113,8,1,0
BRDA:132,9,0,0
BRDA:132,9,1,0
BRDA:132,10,0,0
BRDA:132,10,1,0
BRDA:140,11,0,0
BRDA:140,11,1,0
BRDA:140,11,2,0
BRDA:160,12,0,0
BRDA:160,12,1,0
BRDA:160,13,0,0
BRDA:160,13,1,0
BRDA:177,14,0,0
BRDA:177,14,1,0
BRDA:179,15,0,0
BRDA:179,15,1,0
BRDA:179,16,0,0
BRDA:179,16,1,0
BRDA:179,16,2,0
BRDA:180,17,0,0
BRDA:180,17,1,0
BRDA:205,18,0,0
BRDA:205,18,1,0
BRDA:206,19,0,0
BRDA:206,19,1,0
BRDA:309,20,0,0
BRDA:309,20,1,0
BRDA:318,21,0,0
BRDA:318,21,1,0
BRDA:348,22,0,0
BRDA:348,22,1,0
BRDA:367,23,0,0
BRDA:367,23,1,0
BRDA:369,24,0,0
BRDA:369,24,1,0
BRDA:379,25,0,0
BRDA:379,25,1,0
BRF:54
BRH:0
end_of_record
TN:
SF:src\screens\HomeScreen.js
FN:7,HomeScreen
FN:19,(anonymous_1)
FN:27,(anonymous_2)
FN:33,(anonymous_3)
FN:34,(anonymous_4)
FN:40,(anonymous_5)
FN:72,(anonymous_6)
FN:88,(anonymous_7)
FN:102,(anonymous_8)
FN:144,(anonymous_9)
FN:260,(anonymous_10)
FN:264,(anonymous_11)
FN:328,getInsightCardStyle
FN:335,getProjectCardStyle
FNF:14
FNH:0
FNDA:0,HomeScreen
FNDA:0,(anonymous_1)
FNDA:0,(anonymous_2)
FNDA:0,(anonymous_3)
FNDA:0,(anonymous_4)
FNDA:0,(anonymous_5)
FNDA:0,(anonymous_6)
FNDA:0,(anonymous_7)
FNDA:0,(anonymous_8)
FNDA:0,(anonymous_9)
FNDA:0,(anonymous_10)
FNDA:0,(anonymous_11)
FNDA:0,getInsightCardStyle
FNDA:0,getProjectCardStyle
DA:8,0
DA:9,0
DA:13,0
DA:19,0
DA:20,0
DA:27,0
DA:28,0
DA:33,0
DA:34,0
DA:40,0
DA:41,0
DA:72,0
DA:73,0
DA:88,0
DA:102,0
DA:144,0
DA:149,0
DA:261,0
DA:264,0
DA:329,0
DA:336,0
DA:343,0
LF:22
LH:0
BRDA:45,0,0,0
BRDA:45,0,1,0
BRDA:51,1,0,0
BRDA:51,1,1,0
BRDA:59,2,0,0
BRDA:59,2,1,0
BRDA:60,3,0,0
BRDA:60,3,1,0
BRDA:65,4,0,0
BRDA:65,4,1,0
BRDA:76,5,0,0
BRDA:76,5,1,0
BRDA:83,6,0,0
BRDA:83,6,1,0
BRDA:92,7,0,0
BRDA:92,7,1,0
BRDA:96,8,0,0
BRDA:96,8,1,0
BRDA:106,9,0,0
BRDA:106,9,1,0
BRDA:110,10,0,0
BRDA:110,10,1,0
BRDA:120,11,0,0
BRDA:120,11,1,0
BRDA:124,12,0,0
BRDA:124,12,1,0
BRDA:133,13,0,0
BRDA:133,13,1,0
BRDA:137,14,0,0
BRDA:137,14,1,0
BRDA:145,15,0,0
BRDA:145,15,1,0
BRDA:146,16,0,0
BRDA:146,16,1,0
BRDA:164,17,0,0
BRDA:164,17,1,0
BRDA:169,18,0,0
BRDA:169,18,1,0
BRDA:175,19,0,0
BRDA:175,19,1,0
BRDA:184,20,0,0
BRDA:184,20,1,0
BRDA:190,21,0,0
BRDA:190,21,1,0
BRDA:199,22,0,0
BRDA:199,22,1,0
BRDA:205,23,0,0
BRDA:205,23,1,0
BRDA:219,24,0,0
BRDA:219,24,1,0
BRDA:224,25,0,0
BRDA:224,25,1,0
BRDA:230,26,0,0
BRDA:230,26,1,0
BRDA:237,27,0,0
BRDA:237,27,1,0
BRDA:246,28,0,0
BRDA:246,28,1,0
BRDA:253,29,0,0
BRDA:253,29,1,0
BRDA:269,30,0,0
BRDA:269,30,1,0
BRDA:270,31,0,0
BRDA:270,31,1,0
BRDA:275,32,0,0
BRDA:275,32,1,0
BRDA:281,33,0,0
BRDA:281,33,1,0
BRDA:287,34,0,0
BRDA:287,34,1,0
BRDA:294,35,0,0
BRDA:294,35,1,0
BRDA:304,36,0,0
BRDA:304,36,1,0
BRDA:311,37,0,0
BRDA:311,37,1,0
BRDA:317,38,0,0
BRDA:317,38,1,0
BRDA:330,39,0,0
BRDA:330,39,1,0
BRDA:331,40,0,0
BRDA:331,40,1,0
BRDA:337,41,0,0
BRDA:337,41,1,0
BRDA:338,42,0,0
BRDA:338,42,1,0
BRF:86
BRH:0
end_of_record
TN:
SF:src\screens\SettingsScreen.js
FN:25,(anonymous_0)
FN:42,(anonymous_1)
FN:53,(anonymous_2)
FN:64,(anonymous_3)
FN:150,(anonymous_4)
FN:160,(anonymous_5)
FN:170,(anonymous_6)
FN:205,(anonymous_7)
FN:268,(anonymous_8)
FN:274,(anonymous_9)
FN:280,(anonymous_10)
FNF:11
FNH:0
FNDA:0,(anonymous_0)
FNDA:0,(anonymous_1)
FNDA:0,(anonymous_2)
FNDA:0,(anonymous_3)
FNDA:0,(anonymous_4)
FNDA:0,(anonymous_5)
FNDA:0,(anonymous_6)
FNDA:0,(anonymous_7)
FNDA:0,(anonymous_8)
FNDA:0,(anonymous_9)
FNDA:0,(anonymous_10)
DA:21,0
DA:22,0
DA:23,0
DA:25,0
DA:35,0
DA:36,0
DA:37,0
DA:38,0
DA:39,0
DA:40,0
DA:42,0
DA:43,0
DA:53,0
DA:54,0
DA:64,0
DA:65,0
DA:79,0
DA:80,0
DA:82,0
DA:150,0
DA:160,0
DA:170,0
DA:205,0
DA:268,0
DA:274,0
DA:280,0
DA:286,0
LF:27
LH:0
BRDA:128,0,0,0
BRDA:128,0,1,0
BRDA:141,1,0,0
BRDA:141,1,1,0
BRDA:208,2,0,0
BRDA:208,2,1,0
BRDA:211,3,0,0
BRDA:211,3,1,0
BRF:8
BRH:0
end_of_record
TN:
SF:src\screens\SimpleHomeScreen.js
FN:41,(anonymous_0)
FN:47,(anonymous_1)
FN:59,(anonymous_2)
FN:65,(anonymous_3)
FN:74,(anonymous_4)
FN:75,(anonymous_5)
FN:76,(anonymous_6)
FN:109,(anonymous_7)
FN:112,(anonymous_8)
FN:146,(anonymous_9)
FN:151,(anonymous_10)
FN:156,(anonymous_11)
FN:158,(anonymous_12)
FN:225,(anonymous_13)
FN:384,(anonymous_14)
FN:385,(anonymous_15)
FN:441,(anonymous_16)
FN:510,(anonymous_17)
FN:512,(anonymous_18)
FN:525,(anonymous_19)
FN:525,(anonymous_20)
FN:534,(anonymous_21)
FN:534,(anonymous_22)
FN:546,(anonymous_23)
FN:586,(anonymous_24)
FN:598,(anonymous_25)
FN:599,(anonymous_26)
FN:618,(anonymous_27)
FN:622,(anonymous_28)
FN:623,(anonymous_29)
FN:635,(anonymous_30)
FN:636,(anonymous_31)
FN:649,(anonymous_32)
FN:654,(anonymous_33)
FN:688,(anonymous_34)
FN:688,(anonymous_35)
FN:706,(anonymous_36)
FN:712,(anonymous_37)
FN:744,(anonymous_38)
FN:771,(anonymous_39)
FN:797,(anonymous_40)
FN:801,(anonymous_41)
FN:829,(anonymous_42)
FN:889,(anonymous_43)
FN:929,(anonymous_44)
FN:938,(anonymous_45)
FN:947,(anonymous_46)
FN:965,(anonymous_47)
FN:973,(anonymous_48)
FN:1002,(anonymous_49)
FNF:50
FNH:0
FNDA:0,(anonymous_0)
FNDA:0,(anonymous_1)
FNDA:0,(anonymous_2)
FNDA:0,(anonymous_3)
FNDA:0,(anonymous_4)
FNDA:0,(anonymous_5)
FNDA:0,(anonymous_6)
FNDA:0,(anonymous_7)
FNDA:0,(anonymous_8)
FNDA:0,(anonymous_9)
FNDA:0,(anonymous_10)
FNDA:0,(anonymous_11)
FNDA:0,(anonymous_12)
FNDA:0,(anonymous_13)
FNDA:0,(anonymous_14)
FNDA:0,(anonymous_15)
FNDA:0,(anonymous_16)
FNDA:0,(anonymous_17)
FNDA:0,(anonymous_18)
FNDA:0,(anonymous_19)
FNDA:0,(anonymous_20)
FNDA:0,(anonymous_21)
FNDA:0,(anonymous_22)
FNDA:0,(anonymous_23)
FNDA:0,(anonymous_24)
FNDA:0,(anonymous_25)
FNDA:0,(anonymous_26)
FNDA:0,(anonymous_27)
FNDA:0,(anonymous_28)
FNDA:0,(anonymous_29)
FNDA:0,(anonymous_30)
FNDA:0,(anonymous_31)
FNDA:0,(anonymous_32)
FNDA:0,(anonymous_33)
FNDA:0,(anonymous_34)
FNDA:0,(anonymous_35)
FNDA:0,(anonymous_36)
FNDA:0,(anonymous_37)
FNDA:0,(anonymous_38)
FNDA:0,(anonymous_39)
FNDA:0,(anonymous_40)
FNDA:0,(anonymous_41)
FNDA:0,(anonymous_42)
FNDA:0,(anonymous_43)
FNDA:0,(anonymous_44)
FNDA:0,(anonymous_45)
FNDA:0,(anonymous_46)
FNDA:0,(anonymous_47)
FNDA:0,(anonymous_48)
FNDA:0,(anonymous_49)
DA:36,0
DA:37,0
DA:38,0
DA:41,0
DA:43,0
DA:44,0
DA:47,0
DA:48,0
DA:51,0
DA:52,0
DA:54,0
DA:55,0
DA:59,0
DA:60,0
DA:61,0
DA:65,0
DA:66,0
DA:70,0
DA:71,0
DA:74,0
DA:75,0
DA:76,0
DA:79,0
DA:81,0
DA:82,0
DA:86,0
DA:87,0
DA:88,0
DA:90,0
DA:91,0
DA:92,0
DA:95,0
DA:96,0
DA:98,0
DA:99,0
DA:102,0
DA:104,0
DA:105,0
DA:109,0
DA:110,0
DA:112,0
DA:117,0
DA:119,0
DA:120,0
DA:121,0
DA:122,0
DA:124,0
DA:126,0
DA:129,0
DA:130,0
DA:131,0
DA:135,0
DA:138,0
DA:139,0
DA:142,0
DA:145,0
DA:146,0
DA:151,0
DA:156,0
DA:158,0
DA:159,0
DA:160,0
DA:161,0
DA:162,0
DA:165,0
DA:173,0
DA:175,0
DA:226,0
DA:227,0
DA:229,0
DA:384,0
DA:385,0
DA:386,0
DA:389,0
DA:392,0
DA:393,0
DA:394,0
DA:395,0
DA:398,0
DA:442,0
DA:443,0
DA:445,0
DA:510,0
DA:512,0
DA:525,0
DA:534,0
DA:546,0
DA:547,0
DA:548,0
DA:549,0
DA:550,0
DA:551,0
DA:552,0
DA:553,0
DA:554,0
DA:555,0
DA:556,0
DA:557,0
DA:558,0
DA:559,0
DA:560,0
DA:561,0
DA:562,0
DA:563,0
DA:564,0
DA:567,0
DA:573,0
DA:576,0
DA:577,0
DA:578,0
DA:579,0
DA:580,0
DA:581,0
DA:582,0
DA:583,0
DA:586,0
DA:587,0
DA:588,0
DA:589,0
DA:590,0
DA:591,0
DA:592,0
DA:593,0
DA:594,0
DA:598,0
DA:599,0
DA:600,0
DA:601,0
DA:602,0
DA:604,0
DA:605,0
DA:606,0
DA:609,0
DA:611,0
DA:612,0
DA:617,0
DA:618,0
DA:622,0
DA:623,0
DA:624,0
DA:625,0
DA:626,0
DA:628,0
DA:631,0
DA:635,0
DA:636,0
DA:637,0
DA:638,0
DA:639,0
DA:640,0
DA:642,0
DA:646,0
DA:649,0
DA:650,0
DA:654,0
DA:655,0
DA:656,0
DA:660,0
DA:663,0
DA:664,0
DA:666,0
DA:667,0
DA:668,0
DA:669,0
DA:671,0
DA:672,0
DA:674,0
DA:675,0
DA:678,0
DA:682,0
DA:687,0
DA:688,0
DA:689,0
DA:690,0
DA:691,0
DA:693,0
DA:694,0
DA:696,0
DA:699,0
DA:700,0
DA:706,0
DA:707,0
DA:708,0
DA:709,0
DA:712,0
DA:713,0
DA:714,0
DA:718,0
DA:721,0
DA:722,0
DA:723,0
DA:727,0
DA:730,0
DA:731,0
DA:732,0
DA:735,0
DA:736,0
DA:738,0
DA:739,0
DA:740,0
DA:743,0
DA:744,0
DA:745,0
DA:750,0
DA:751,0
DA:761,0
DA:762,0
DA:767,0
DA:771,0
DA:772,0
DA:773,0
DA:774,0
DA:777,0
DA:778,0
DA:779,0
DA:780,0
DA:783,0
DA:784,0
DA:785,0
DA:786,0
DA:787,0
DA:789,0
DA:792,0
DA:793,0
DA:797,0
DA:798,0
DA:801,0
DA:802,0
DA:803,0
DA:804,0
DA:807,0
DA:808,0
DA:809,0
DA:810,0
DA:812,0
DA:816,0
DA:817,0
DA:818,0
DA:819,0
DA:820,0
DA:822,0
DA:826,0
DA:829,0
DA:830,0
DA:831,0
DA:832,0
DA:835,0
DA:836,0
DA:845,0
DA:846,0
DA:847,0
DA:849,0
DA:853,0
DA:889,0
DA:929,0
DA:938,0
DA:948,0
DA:949,0
DA:951,0
DA:965,0
DA:973,0
DA:1003,0
DA:1004,0
DA:1005,0
DA:1006,0
DA:1007,0
DA:1009,0
DA:1011,0
DA:1012,0
DA:1021,0
LF:270
LH:0
BRDA:41,0,0,0
BRDA:43,1,0,0
BRDA:43,1,1,0
BRDA:43,2,0,0
BRDA:43,2,1,0
BRDA:48,3,0,0
BRDA:48,3,1,0
BRDA:48,4,0,0
BRDA:48,4,1,0
BRDA:60,5,0,0
BRDA:60,5,1,0
BRDA:60,6,0,0
BRDA:60,6,1,0
BRDA:60,6,2,0
BRDA:60,6,3,0
BRDA:66,7,0,0
BRDA:66,7,1,0
BRDA:66,7,2,0
BRDA:66,7,3,0
BRDA:66,7,4,0
BRDA:66,7,5,0
BRDA:66,7,6,0
BRDA:70,8,0,0
BRDA:70,8,1,0
BRDA:79,9,0,0
BRDA:79,9,1,0
BRDA:79,10,0,0
BRDA:79,10,1,0
BRDA:79,10,2,0
BRDA:79,10,3,0
BRDA:79,10,4,0
BRDA:79,10,5,0
BRDA:86,11,0,0
BRDA:86,11,1,0
BRDA:87,12,0,0
BRDA:87,12,1,0
BRDA:88,13,0,0
BRDA:88,13,1,0
BRDA:90,14,0,0
BRDA:90,14,1,0
BRDA:91,15,0,0
BRDA:91,15,1,0
BRDA:102,16,0,0
BRDA:102,16,1,0
BRDA:102,17,0,0
BRDA:102,17,1,0
BRDA:102,17,2,0
BRDA:102,17,3,0
BRDA:102,17,4,0
BRDA:102,17,5,0
BRDA:102,17,6,0
BRDA:102,17,7,0
BRDA:109,18,0,0
BRDA:110,19,0,0
BRDA:110,19,1,0
BRDA:114,20,0,0
BRDA:114,20,1,0
BRDA:124,21,0,0
BRDA:124,21,1,0
BRDA:124,22,0,0
BRDA:124,22,1,0
BRDA:173,23,0,0
BRDA:173,23,1,0
BRDA:173,24,0,0
BRDA:173,24,1,0
BRDA:173,24,2,0
BRDA:173,24,3,0
BRDA:173,24,4,0
BRDA:206,25,0,0
BRDA:206,25,1,0
BRDA:227,26,0,0
BRDA:227,26,1,0
BRDA:227,26,2,0
BRDA:244,27,0,0
BRDA:244,27,1,0
BRDA:255,28,0,0
BRDA:255,28,1,0
BRDA:270,29,0,0
BRDA:270,29,1,0
BRDA:319,30,0,0
BRDA:319,30,1,0
BRDA:334,31,0,0
BRDA:334,31,1,0
BRDA:346,32,0,0
BRDA:346,32,1,0
BRDA:352,33,0,0
BRDA:352,33,1,0
BRDA:389,34,0,0
BRDA:389,34,1,0
BRDA:389,35,0,0
BRDA:389,35,1,0
BRDA:389,35,2,0
BRDA:393,36,0,0
BRDA:393,36,1,0
BRDA:393,37,0,0
BRDA:393,37,1,0
BRDA:413,38,0,0
BRDA:413,38,1,0
BRDA:415,39,0,0
BRDA:415,39,1,0
BRDA:418,40,0,0
BRDA:418,40,1,0
BRDA:424,41,0,0
BRDA:424,41,1,0
BRDA:442,42,0,0
BRDA:442,42,1,0
BRDA:443,43,0,0
BRDA:443,43,1,0
BRDA:448,44,0,0
BRDA:448,44,1,0
BRDA:449,45,0,0
BRDA:449,45,1,0
BRDA:465,46,0,0
BRDA:465,46,1,0
BRDA:465,47,0,0
BRDA:465,47,1,0
BRDA:467,48,0,0
BRDA:467,48,1,0
BRDA:481,49,0,0
BRDA:481,49,1,0
BRDA:499,50,0,0
BRDA:499,50,1,0
BRDA:514,51,0,0
BRDA:514,51,1,0
BRDA:604,52,0,0
BRDA:604,52,1,0
BRDA:655,53,0,0
BRDA:655,53,1,0
BRDA:664,54,0,0
BRDA:664,54,1,0
BRDA:664,54,2,0
BRDA:666,55,0,0
BRDA:666,55,1,0
BRDA:667,56,0,0
BRDA:667,56,1,0
BRDA:689,57,0,0
BRDA:689,57,1,0
BRDA:691,58,0,0
BRDA:691,58,1,0
BRDA:693,59,0,0
BRDA:693,59,1,0
BRDA:693,60,0,0
BRDA:693,60,1,0
BRDA:707,61,0,0
BRDA:707,61,1,0
BRDA:713,62,0,0
BRDA:713,62,1,0
BRDA:713,63,0,0
BRDA:713,63,1,0
BRDA:722,64,0,0
BRDA:722,64,1,0
BRDA:735,65,0,0
BRDA:735,65,1,0
BRDA:735,66,0,0
BRDA:735,66,1,0
BRDA:736,67,0,0
BRDA:736,67,1,0
BRDA:736,68,0,0
BRDA:736,68,1,0
BRDA:743,69,0,0
BRDA:743,69,1,0
BRDA:743,70,0,0
BRDA:743,70,1,0
BRDA:750,71,0,0
BRDA:750,71,1,0
BRDA:772,72,0,0
BRDA:772,72,1,0
BRDA:772,73,0,0
BRDA:772,73,1,0
BRDA:778,74,0,0
BRDA:778,74,1,0
BRDA:785,75,0,0
BRDA:785,75,1,0
BRDA:803,76,0,0
BRDA:803,76,1,0
BRDA:804,77,0,0
BRDA:804,77,1,0
BRDA:807,78,0,0
BRDA:807,78,1,0
BRDA:816,79,0,0
BRDA:816,79,1,0
BRDA:818,80,0,0
BRDA:818,80,1,0
BRDA:830,81,0,0
BRDA:830,81,1,0
BRDA:838,82,0,0
BRDA:838,82,1,0
BRDA:915,83,0,0
BRDA:915,83,1,0
BRDA:915,83,2,0
BRDA:922,84,0,0
BRDA:922,84,1,0
BRDA:934,85,0,0
BRDA:934,85,1,0
BRDA:934,85,2,0
BRDA:948,86,0,0
BRDA:948,86,1,0
BRDA:956,87,0,0
BRDA:956,87,1,0
BRF:199
BRH:0
end_of_record
TN:
SF:src\services\acoustic\AcousticEngine.js
FN:8,(anonymous_0)
FN:26,(anonymous_1)
FN:54,(anonymous_2)
FN:58,(anonymous_3)
FN:98,(anonymous_4)
FN:114,(anonymous_5)
FN:141,(anonymous_6)
FN:171,(anonymous_7)
FN:172,(anonymous_8)
FN:184,(anonymous_9)
FN:188,(anonymous_10)
FN:200,(anonymous_11)
FN:216,(anonymous_12)
FN:245,(anonymous_13)
FN:249,(anonymous_14)
FN:262,(anonymous_15)
FN:278,(anonymous_16)
FN:292,(anonymous_17)
FN:317,(anonymous_18)
FN:325,(anonymous_19)
FN:326,(anonymous_20)
FN:334,(anonymous_21)
FN:338,(anonymous_22)
FN:354,(anonymous_23)
FN:362,(anonymous_24)
FN:372,(anonymous_25)
FNF:26
FNH:0
FNDA:0,(anonymous_0)
FNDA:0,(anonymous_1)
FNDA:0,(anonymous_2)
FNDA:0,(anonymous_3)
FNDA:0,(anonymous_4)
FNDA:0,(anonymous_5)
FNDA:0,(anonymous_6)
FNDA:0,(anonymous_7)
FNDA:0,(anonymous_8)
FNDA:0,(anonymous_9)
FNDA:0,(anonymous_10)
FNDA:0,(anonymous_11)
FNDA:0,(anonymous_12)
FNDA:0,(anonymous_13)
FNDA:0,(anonymous_14)
FNDA:0,(anonymous_15)
FNDA:0,(anonymous_16)
FNDA:0,(anonymous_17)
FNDA:0,(anonymous_18)
FNDA:0,(anonymous_19)
FNDA:0,(anonymous_20)
FNDA:0,(anonymous_21)
FNDA:0,(anonymous_22)
FNDA:0,(anonymous_23)
FNDA:0,(anonymous_24)
FNDA:0,(anonymous_25)
DA:10,0
DA:11,0
DA:14,0
DA:15,0
DA:18,0
DA:19,0
DA:27,0
DA:28,0
DA:29,0
DA:33,0
DA:35,0
DA:38,0
DA:39,0
DA:40,0
DA:42,0
DA:47,0
DA:55,0
DA:57,0
DA:58,0
DA:59,0
DA:62,0
DA:65,0
DA:66,0
DA:67,0
DA:68,0
DA:69,0
DA:79,0
DA:90,0
DA:91,0
DA:99,0
DA:101,0
DA:104,0
DA:105,0
DA:108,0
DA:111,0
DA:114,0
DA:122,0
DA:134,0
DA:142,0
DA:144,0
DA:145,0
DA:146,0
DA:148,0
DA:149,0
DA:150,0
DA:152,0
DA:153,0
DA:156,0
DA:165,0
DA:172,0
DA:175,0
DA:176,0
DA:178,0
DA:185,0
DA:186,0
DA:188,0
DA:189,0
DA:190,0
DA:191,0
DA:194,0
DA:202,0
DA:205,0
DA:208,0
DA:210,0
DA:217,0
DA:220,0
DA:223,0
DA:224,0
DA:227,0
DA:228,0
DA:229,0
DA:233,0
DA:234,0
DA:235,0
DA:239,0
DA:246,0
DA:247,0
DA:249,0
DA:250,0
DA:251,0
DA:252,0
DA:255,0
DA:256,0
DA:264,0
DA:267,0
DA:268,0
DA:269,0
DA:272,0
DA:280,0
DA:283,0
DA:284,0
DA:286,0
DA:293,0
DA:296,0
DA:299,0
DA:300,0
DA:303,0
DA:304,0
DA:306,0
DA:318,0
DA:319,0
DA:326,0
DA:327,0
DA:335,0
DA:336,0
DA:338,0
DA:339,0
DA:340,0
DA:345,0
DA:348,0
DA:355,0
DA:356,0
DA:363,0
DA:365,0
DA:366,0
DA:373,0
DA:374,0
DA:378,0
DA:379,0
DA:380,0
DA:384,0
DA:385,0
DA:386,0
DA:387,0
DA:388,0
DA:392,0
DA:397,0
LF:127
LH:0
BRDA:26,0,0,0
BRDA:28,1,0,0
BRDA:28,1,1,0
BRDA:28,2,0,0
BRDA:28,2,1,0
BRDA:38,3,0,0
BRDA:38,3,1,0
BRDA:68,4,0,0
BRDA:68,4,1,0
BRDA:68,5,0,0
BRDA:68,5,1,0
BRDA:152,6,0,0
BRDA:152,6,1,0
BRDA:152,7,0,0
BRDA:152,7,1,0
BRDA:152,7,2,0
BRDA:227,8,0,0
BRDA:227,8,1,0
BRDA:234,9,0,0
BRDA:234,9,1,0
BRDA:268,10,0,0
BRDA:268,10,1,0
BRDA:363,11,0,0
BRDA:363,11,1,0
BRDA:373,12,0,0
BRDA:373,12,1,0
BRDA:373,13,0,0
BRDA:373,13,1,0
BRDA:379,14,0,0
BRDA:379,14,1,0
BRDA:379,15,0,0
BRDA:379,15,1,0
BRDA:387,16,0,0
BRDA:387,16,1,0
BRF:34
BRH:0
end_of_record
TN:
SF:src\services\audio\AudioEngine.js
FN:6,(anonymous_0)
FN:12,(anonymous_1)
FN:32,(anonymous_2)
FN:38,(anonymous_3)
FN:49,(anonymous_4)
FN:63,(anonymous_5)
FN:101,(anonymous_6)
FN:115,(anonymous_7)
FN:129,(anonymous_8)
FN:179,(anonymous_9)
FN:189,(anonymous_10)
FN:208,(anonymous_11)
FN:220,(anonymous_12)
FN:227,(anonymous_13)
FN:228,(anonymous_14)
FN:251,(anonymous_15)
FN:259,(anonymous_16)
FN:266,(anonymous_17)
FN:298,(anonymous_18)
FN:314,(anonymous_19)
FN:315,(anonymous_20)
FN:325,(anonymous_21)
FNF:22
FNH:0
FNDA:0,(anonymous_0)
FNDA:0,(anonymous_1)
FNDA:0,(anonymous_2)
FNDA:0,(anonymous_3)
FNDA:0,(anonymous_4)
FNDA:0,(anonymous_5)
FNDA:0,(anonymous_6)
FNDA:0,(anonymous_7)
FNDA:0,(anonymous_8)
FNDA:0,(anonymous_9)
FNDA:0,(anonymous_10)
FNDA:0,(anonymous_11)
FNDA:0,(anonymous_12)
FNDA:0,(anonymous_13)
FNDA:0,(anonymous_14)
FNDA:0,(anonymous_15)
FNDA:0,(anonymous_16)
FNDA:0,(anonymous_17)
FNDA:0,(anonymous_18)
FNDA:0,(anonymous_19)
FNDA:0,(anonymous_20)
FNDA:0,(anonymous_21)
DA:7,0
DA:8,0
DA:9,0
DA:13,0
DA:15,0
DA:16,0
DA:17,0
DA:19,0
DA:23,0
DA:24,0
DA:26,0
DA:28,0
DA:33,0
DA:34,0
DA:36,0
DA:38,0
DA:42,0
DA:43,0
DA:46,0
DA:49,0
DA:50,0
DA:51,0
DA:56,0
DA:59,0
DA:64,0
DA:66,0
DA:67,0
DA:68,0
DA:71,0
DA:72,0
DA:75,0
DA:76,0
DA:77,0
DA:80,0
DA:81,0
DA:82,0
DA:83,0
DA:84,0
DA:87,0
DA:88,0
DA:89,0
DA:92,0
DA:93,0
DA:95,0
DA:98,0
DA:102,0
DA:103,0
DA:107,0
DA:110,0
DA:112,0
DA:113,0
DA:114,0
DA:115,0
DA:116,0
DA:124,0
DA:130,0
DA:131,0
DA:134,0
DA:137,0
DA:138,0
DA:139,0
DA:142,0
DA:143,0
DA:145,0
DA:147,0
DA:153,0
DA:154,0
DA:156,0
DA:163,0
DA:166,0
DA:174,0
DA:178,0
DA:179,0
DA:180,0
DA:181,0
DA:183,0
DA:189,0
DA:190,0
DA:194,0
DA:203,0
DA:204,0
DA:209,0
DA:210,0
DA:212,0
DA:213,0
DA:214,0
DA:216,0
DA:221,0
DA:222,0
DA:224,0
DA:225,0
DA:227,0
DA:228,0
DA:229,0
DA:230,0
DA:232,0
DA:233,0
DA:235,0
DA:236,0
DA:237,0
DA:238,0
DA:239,0
DA:241,0
DA:242,0
DA:244,0
DA:245,0
DA:247,0
DA:251,0
DA:252,0
DA:255,0
DA:260,0
DA:261,0
DA:263,0
DA:264,0
DA:266,0
DA:267,0
DA:268,0
DA:270,0
DA:271,0
DA:273,0
DA:275,0
DA:276,0
DA:277,0
DA:278,0
DA:279,0
DA:281,0
DA:282,0
DA:284,0
DA:285,0
DA:287,0
DA:290,0
DA:291,0
DA:294,0
DA:299,0
DA:301,0
DA:302,0
DA:304,0
DA:305,0
DA:306,0
DA:307,0
DA:315,0
DA:316,0
DA:317,0
DA:322,0
DA:327,0
DA:332,0
LF:146
LH:0
BRDA:15,0,0,0
BRDA:15,0,1,0
BRDA:15,1,0,0
BRDA:15,1,1,0
BRDA:17,2,0,0
BRDA:17,2,1,0
BRDA:32,3,0,0
BRDA:32,4,0,0
BRDA:32,5,0,0
BRDA:42,6,0,0
BRDA:42,6,1,0
BRDA:64,7,0,0
BRDA:64,7,1,0
BRDA:117,8,0,0
BRDA:117,8,1,0
BRDA:118,9,0,0
BRDA:118,9,1,0
BRDA:138,10,0,0
BRDA:138,10,1,0
BRDA:145,11,0,0
BRDA:145,11,1,0
BRDA:154,12,0,0
BRDA:154,12,1,0
BRDA:190,13,0,0
BRDA:190,13,1,0
BRDA:191,14,0,0
BRDA:191,14,1,0
BRDA:220,15,0,0
BRDA:220,16,0,0
BRDA:224,17,0,0
BRDA:224,17,1,0
BRDA:259,18,0,0
BRDA:259,19,0,0
BRDA:263,20,0,0
BRDA:263,20,1,0
BRDA:270,21,0,0
BRDA:270,21,1,0
BRDA:273,22,0,0
BRDA:273,22,1,0
BRDA:299,23,0,0
BRDA:299,23,1,0
BRF:41
BRH:0
end_of_record
TN:
SF:src\services\export\ExportManager.js
FN:8,(anonymous_0)
FN:48,(anonymous_1)
FN:290,(anonymous_2)
FN:306,(anonymous_3)
FN:377,(anonymous_4)
FN:461,(anonymous_5)
FN:485,(anonymous_6)
FN:507,(anonymous_7)
FN:522,(anonymous_8)
FN:569,(anonymous_9)
FN:595,(anonymous_10)
FN:656,(anonymous_11)
FN:673,(anonymous_12)
FN:684,(anonymous_13)
FN:685,(anonymous_14)
FN:686,(anonymous_15)
FN:686,(anonymous_16)
FN:691,(anonymous_17)
FN:697,(anonymous_18)
FN:710,(anonymous_19)
FN:713,(anonymous_20)
FN:722,(anonymous_21)
FN:761,(anonymous_22)
FN:773,(anonymous_23)
FN:797,(anonymous_24)
FN:812,(anonymous_25)
FN:812,(anonymous_26)
FN:844,(anonymous_27)
FN:852,(anonymous_28)
FN:860,(anonymous_29)
FN:872,(anonymous_30)
FN:884,(anonymous_31)
FN:900,(anonymous_32)
FN:911,(anonymous_33)
FNF:34
FNH:0
FNDA:0,(anonymous_0)
FNDA:0,(anonymous_1)
FNDA:0,(anonymous_2)
FNDA:0,(anonymous_3)
FNDA:0,(anonymous_4)
FNDA:0,(anonymous_5)
FNDA:0,(anonymous_6)
FNDA:0,(anonymous_7)
FNDA:0,(anonymous_8)
FNDA:0,(anonymous_9)
FNDA:0,(anonymous_10)
FNDA:0,(anonymous_11)
FNDA:0,(anonymous_12)
FNDA:0,(anonymous_13)
FNDA:0,(anonymous_14)
FNDA:0,(anonymous_15)
FNDA:0,(anonymous_16)
FNDA:0,(anonymous_17)
FNDA:0,(anonymous_18)
FNDA:0,(anonymous_19)
FNDA:0,(anonymous_20)
FNDA:0,(anonymous_21)
FNDA:0,(anonymous_22)
FNDA:0,(anonymous_23)
FNDA:0,(anonymous_24)
FNDA:0,(anonymous_25)
FNDA:0,(anonymous_26)
FNDA:0,(anonymous_27)
FNDA:0,(anonymous_28)
FNDA:0,(anonymous_29)
FNDA:0,(anonymous_30)
FNDA:0,(anonymous_31)
FNDA:0,(anonymous_32)
FNDA:0,(anonymous_33)
DA:9,0
DA:16,0
DA:19,0
DA:29,0
DA:30,0
DA:32,0
DA:34,0
DA:35,0
DA:41,0
DA:43,0
DA:44,0
DA:49,0
DA:51,0
DA:59,0
DA:263,0
DA:289,0
DA:290,0
DA:291,0
DA:306,0
DA:307,0
DA:308,0
DA:309,0
DA:310,0
DA:311,0
DA:313,0
DA:324,0
DA:332,0
DA:333,0
DA:334,0
DA:335,0
DA:336,0
DA:338,0
DA:377,0
DA:378,0
DA:379,0
DA:383,0
DA:396,0
DA:404,0
DA:405,0
DA:431,0
DA:432,0
DA:443,0
DA:458,0
DA:462,0
DA:471,0
DA:473,0
DA:474,0
DA:477,0
DA:478,0
DA:481,0
DA:483,0
DA:484,0
DA:485,0
DA:490,0
DA:491,0
DA:497,0
DA:504,0
DA:505,0
DA:506,0
DA:507,0
DA:512,0
DA:519,0
DA:520,0
DA:521,0
DA:522,0
DA:527,0
DA:536,0
DA:538,0
DA:539,0
DA:540,0
DA:547,0
DA:554,0
DA:555,0
DA:562,0
DA:564,0
DA:565,0
DA:570,0
DA:571,0
DA:575,0
DA:578,0
DA:587,0
DA:588,0
DA:590,0
DA:591,0
DA:596,0
DA:603,0
DA:605,0
DA:620,0
DA:622,0
DA:623,0
DA:624,0
DA:625,0
DA:627,0
DA:628,0
DA:629,0
DA:630,0
DA:632,0
DA:633,0
DA:634,0
DA:637,0
DA:638,0
DA:640,0
DA:642,0
DA:643,0
DA:649,0
DA:651,0
DA:652,0
DA:657,0
DA:658,0
DA:661,0
DA:662,0
DA:664,0
DA:673,0
DA:684,0
DA:685,0
DA:686,0
DA:692,0
DA:694,0
DA:695,0
DA:697,0
DA:698,0
DA:699,0
DA:700,0
DA:701,0
DA:703,0
DA:704,0
DA:707,0
DA:711,0
DA:713,0
DA:714,0
DA:716,0
DA:717,0
DA:718,0
DA:719,0
DA:723,0
DA:725,0
DA:726,0
DA:732,0
DA:735,0
DA:736,0
DA:739,0
DA:740,0
DA:751,0
DA:752,0
DA:761,0
DA:762,0
DA:763,0
DA:772,0
DA:773,0
DA:774,0
DA:775,0
DA:785,0
DA:786,0
DA:794,0
DA:798,0
DA:805,0
DA:806,0
DA:807,0
DA:812,0
DA:816,0
DA:817,0
DA:825,0
DA:826,0
DA:834,0
DA:841,0
DA:845,0
DA:846,0
DA:847,0
DA:848,0
DA:849,0
DA:853,0
DA:854,0
DA:855,0
DA:856,0
DA:857,0
DA:863,0
DA:875,0
DA:885,0
DA:888,0
DA:889,0
DA:892,0
DA:893,0
DA:894,0
DA:895,0
DA:899,0
DA:900,0
DA:901,0
DA:902,0
DA:903,0
DA:907,0
DA:912,0
DA:913,0
DA:915,0
DA:916,0
DA:917,0
DA:918,0
DA:920,0
DA:924,0
DA:926,0
DA:927,0
LF:200
LH:0
BRDA:8,0,0,0
BRDA:11,1,0,0
BRDA:12,2,0,0
BRDA:13,3,0,0
BRDA:14,4,0,0
BRDA:15,5,0,0
BRDA:34,6,0,0
BRDA:34,6,1,0
BRDA:269,7,0,0
BRDA:269,7,1,0
BRDA:273,8,0,0
BRDA:273,8,1,0
BRDA:277,9,0,0
BRDA:277,9,1,0
BRDA:281,10,0,0
BRDA:281,10,1,0
BRDA:284,11,0,0
BRDA:284,11,1,0
BRDA:289,12,0,0
BRDA:289,12,1,0
BRDA:289,13,0,0
BRDA:289,13,1,0
BRDA:308,14,0,0
BRDA:308,14,1,0
BRDA:311,15,0,0
BRDA:311,15,1,0
BRDA:311,16,0,0
BRDA:311,16,1,0
BRDA:332,17,0,0
BRDA:332,17,1,0
BRDA:332,18,0,0
BRDA:332,18,1,0
BRDA:332,18,2,0
BRDA:334,19,0,0
BRDA:334,19,1,0
BRDA:335,20,0,0
BRDA:335,20,1,0
BRDA:336,21,0,0
BRDA:336,21,1,0
BRDA:378,22,0,0
BRDA:378,22,1,0
BRDA:379,23,0,0
BRDA:379,23,1,0
BRDA:380,24,0,0
BRDA:380,24,1,0
BRDA:381,25,0,0
BRDA:381,25,1,0
BRDA:384,26,0,0
BRDA:384,26,1,0
BRDA:385,27,0,0
BRDA:385,27,1,0
BRDA:389,28,0,0
BRDA:389,28,1,0
BRDA:389,29,0,0
BRDA:389,29,1,0
BRDA:389,30,0,0
BRDA:389,30,1,0
BRDA:391,31,0,0
BRDA:391,31,1,0
BRDA:391,32,0,0
BRDA:391,32,1,0
BRDA:391,33,0,0
BRDA:391,33,1,0
BRDA:404,34,0,0
BRDA:404,34,1,0
BRDA:411,35,0,0
BRDA:411,35,1,0
BRDA:415,36,0,0
BRDA:415,36,1,0
BRDA:419,37,0,0
BRDA:419,37,1,0
BRDA:423,38,0,0
BRDA:423,38,1,0
BRDA:431,39,0,0
BRDA:431,39,1,0
BRDA:431,40,0,0
BRDA:431,40,1,0
BRDA:461,41,0,0
BRDA:464,42,0,0
BRDA:465,43,0,0
BRDA:466,44,0,0
BRDA:467,45,0,0
BRDA:468,46,0,0
BRDA:469,47,0,0
BRDA:470,48,0,0
BRDA:473,49,0,0
BRDA:473,49,1,0
BRDA:473,50,0,0
BRDA:473,50,1,0
BRDA:483,51,0,0
BRDA:483,51,1,0
BRDA:487,52,0,0
BRDA:487,52,1,0
BRDA:504,53,0,0
BRDA:504,53,1,0
BRDA:519,54,0,0
BRDA:519,54,1,0
BRDA:536,55,0,0
BRDA:536,55,1,0
BRDA:539,56,0,0
BRDA:539,56,1,0
BRDA:554,57,0,0
BRDA:554,57,1,0
BRDA:595,58,0,0
BRDA:598,59,0,0
BRDA:599,60,0,0
BRDA:600,61,0,0
BRDA:601,62,0,0
BRDA:602,63,0,0
BRDA:608,64,0,0
BRDA:608,64,1,0
BRDA:609,65,0,0
BRDA:609,65,1,0
BRDA:610,66,0,0
BRDA:610,66,1,0
BRDA:620,67,0,0
BRDA:620,67,1,0
BRDA:620,67,2,0
BRDA:642,68,0,0
BRDA:642,68,1,0
BRDA:657,69,0,0
BRDA:657,69,1,0
BRDA:657,70,0,0
BRDA:657,70,1,0
BRDA:668,71,0,0
BRDA:668,71,1,0
BRDA:669,72,0,0
BRDA:669,72,1,0
BRDA:679,73,0,0
BRDA:679,73,1,0
BRDA:692,74,0,0
BRDA:692,74,1,0
BRDA:692,75,0,0
BRDA:692,75,1,0
BRDA:700,76,0,0
BRDA:700,76,1,0
BRDA:711,77,0,0
BRDA:711,77,1,0
BRDA:711,78,0,0
BRDA:711,78,1,0
BRDA:713,79,0,0
BRDA:713,79,1,0
BRDA:716,80,0,0
BRDA:716,80,1,0
BRDA:717,81,0,0
BRDA:717,81,1,0
BRDA:718,82,0,0
BRDA:718,82,1,0
BRDA:725,83,0,0
BRDA:725,83,1,0
BRDA:725,84,0,0
BRDA:725,84,1,0
BRDA:739,85,0,0
BRDA:739,85,1,0
BRDA:743,86,0,0
BRDA:743,86,1,0
BRDA:744,87,0,0
BRDA:744,87,1,0
BRDA:751,88,0,0
BRDA:751,88,1,0
BRDA:761,89,0,0
BRDA:761,89,1,0
BRDA:762,90,0,0
BRDA:762,90,1,0
BRDA:772,91,0,0
BRDA:772,91,1,0
BRDA:774,92,0,0
BRDA:774,92,1,0
BRDA:785,93,0,0
BRDA:785,93,1,0
BRDA:805,94,0,0
BRDA:805,94,1,0
BRDA:805,95,0,0
BRDA:805,95,1,0
BRDA:810,96,0,0
BRDA:810,96,1,0
BRDA:816,97,0,0
BRDA:816,97,1,0
BRDA:818,98,0,0
BRDA:818,98,1,0
BRDA:819,99,0,0
BRDA:819,99,1,0
BRDA:820,100,0,0
BRDA:820,100,1,0
BRDA:825,101,0,0
BRDA:825,101,1,0
BRDA:846,102,0,0
BRDA:846,102,1,0
BRDA:847,103,0,0
BRDA:847,103,1,0
BRDA:848,104,0,0
BRDA:848,104,1,0
BRDA:854,105,0,0
BRDA:854,105,1,0
BRDA:855,106,0,0
BRDA:855,106,1,0
BRDA:856,107,0,0
BRDA:856,107,1,0
BRDA:889,108,0,0
BRDA:889,108,1,0
BRDA:892,109,0,0
BRDA:892,109,1,0
BRDA:899,110,0,0
BRDA:899,110,1,0
BRDA:911,111,0,0
BRF:205
BRH:0
end_of_record
TN:
SF:src\services\i18n\LocalizationService.js
FN:9,(anonymous_0)
FN:427,(anonymous_1)
FN:446,(anonymous_2)
FN:460,(anonymous_3)
FN:480,(anonymous_4)
FN:487,(anonymous_5)
FN:497,(anonymous_6)
FN:504,(anonymous_7)
FN:514,(anonymous_8)
FN:521,(anonymous_9)
FN:528,(anonymous_10)
FN:535,(anonymous_11)
FN:547,(anonymous_12)
FNF:13
FNH:0
FNDA:0,(anonymous_0)
FNDA:0,(anonymous_1)
FNDA:0,(anonymous_2)
FNDA:0,(anonymous_3)
FNDA:0,(anonymous_4)
FNDA:0,(anonymous_5)
FNDA:0,(anonymous_6)
FNDA:0,(anonymous_7)
FNDA:0,(anonymous_8)
FNDA:0,(anonymous_9)
FNDA:0,(anonymous_10)
FNDA:0,(anonymous_11)
FNDA:0,(anonymous_12)
DA:10,0
DA:11,0
DA:428,0
DA:429,0
DA:430,0
DA:431,0
DA:434,0
DA:435,0
DA:438,0
DA:439,0
DA:449,0
DA:451,0
DA:452,0
DA:454,0
DA:461,0
DA:462,0
DA:463,0
DA:466,0
DA:468,0
DA:469,0
DA:470,0
DA:472,0
DA:473,0
DA:481,0
DA:488,0
DA:498,0
DA:503,0
DA:504,0
DA:505,0
DA:508,0
DA:515,0
DA:522,0
DA:529,0
DA:536,0
DA:537,0
DA:540,0
DA:548,0
DA:553,0
LF:38
LH:0
BRDA:430,0,0,0
BRDA:430,0,1,0
BRDA:430,1,0,0
BRDA:430,1,1,0
BRDA:435,2,0,0
BRDA:435,2,1,0
BRDA:451,3,0,0
BRDA:451,3,1,0
BRDA:452,4,0,0
BRDA:452,4,1,0
BRDA:461,5,0,0
BRDA:461,5,1,0
BRDA:497,6,0,0
BRDA:498,7,0,0
BRDA:498,7,1,0
BRDA:498,7,2,0
BRDA:535,8,0,0
BRDA:536,9,0,0
BRDA:536,9,1,0
BRDA:548,10,0,0
BRDA:548,10,1,0
BRF:21
BRH:0
end_of_record
TN:
SF:src\services\logging\Logger.js
FN:7,(anonymous_0)
FN:26,(anonymous_1)
FN:33,(anonymous_2)
FN:52,(anonymous_3)
FN:62,(anonymous_4)
FN:77,(anonymous_5)
FN:92,(anonymous_6)
FN:107,(anonymous_7)
FN:134,(anonymous_8)
FN:159,(anonymous_9)
FN:173,(anonymous_10)
FN:188,(anonymous_11)
FN:205,(anonymous_12)
FN:221,(anonymous_13)
FN:228,(anonymous_14)
FN:235,(anonymous_15)
FN:251,(anonymous_16)
FN:263,(anonymous_17)
FNF:18
FNH:0
FNDA:0,(anonymous_0)
FNDA:0,(anonymous_1)
FNDA:0,(anonymous_2)
FNDA:0,(anonymous_3)
FNDA:0,(anonymous_4)
FNDA:0,(anonymous_5)
FNDA:0,(anonymous_6)
FNDA:0,(anonymous_7)
FNDA:0,(anonymous_8)
FNDA:0,(anonymous_9)
FNDA:0,(anonymous_10)
FNDA:0,(anonymous_11)
FNDA:0,(anonymous_12)
FNDA:0,(anonymous_13)
FNDA:0,(anonymous_14)
FNDA:0,(anonymous_15)
FNDA:0,(anonymous_16)
FNDA:0,(anonymous_17)
DA:8,0
DA:9,0
DA:10,0
DA:11,0
DA:15,0
DA:27,0
DA:34,0
DA:35,0
DA:44,0
DA:46,0
DA:53,0
DA:54,0
DA:56,0
DA:63,0
DA:65,0
DA:67,0
DA:68,0
DA:71,0
DA:78,0
DA:80,0
DA:82,0
DA:83,0
DA:86,0
DA:93,0
DA:95,0
DA:97,0
DA:98,0
DA:101,0
DA:108,0
DA:110,0
DA:119,0
DA:121,0
DA:122,0
DA:126,0
DA:128,0
DA:135,0
DA:144,0
DA:146,0
DA:147,0
DA:151,0
DA:153,0
DA:160,0
DA:167,0
DA:174,0
DA:182,0
DA:189,0
DA:198,0
DA:199,0
DA:206,0
DA:209,0
DA:213,0
DA:222,0
DA:229,0
DA:236,0
DA:252,0
DA:253,0
DA:254,0
DA:256,0
DA:264,0
DA:265,0
DA:270,0
DA:284,0
LF:62
LH:0
BRDA:8,0,0,0
BRDA:8,0,1,0
BRDA:33,1,0,0
BRDA:53,2,0,0
BRDA:53,2,1,0
BRDA:62,3,0,0
BRDA:63,4,0,0
BRDA:63,4,1,0
BRDA:67,5,0,0
BRDA:67,5,1,0
BRDA:77,6,0,0
BRDA:78,7,0,0
BRDA:78,7,1,0
BRDA:82,8,0,0
BRDA:82,8,1,0
BRDA:92,9,0,0
BRDA:93,10,0,0
BRDA:93,10,1,0
BRDA:97,11,0,0
BRDA:97,11,1,0
BRDA:107,12,0,0
BRDA:107,13,0,0
BRDA:108,14,0,0
BRDA:108,14,1,0
BRDA:112,15,0,0
BRDA:112,15,1,0
BRDA:121,16,0,0
BRDA:121,16,1,0
BRDA:134,17,0,0
BRDA:134,18,0,0
BRDA:137,19,0,0
BRDA:137,19,1,0
BRDA:146,20,0,0
BRDA:146,20,1,0
BRDA:159,21,0,0
BRDA:173,22,0,0
BRDA:173,23,0,0
BRDA:188,24,0,0
BRDA:198,25,0,0
BRDA:198,25,1,0
BRDA:206,26,0,0
BRDA:206,26,1,0
BRDA:221,27,0,0
BRDA:252,28,0,0
BRDA:252,28,1,0
BRDA:265,29,0,0
BRDA:265,29,1,0
BRF:47
BRH:0
end_of_record
TN:
SF:src\services\offline\OfflineManager.js
FN:77,(anonymous_0)
FN:107,(anonymous_1)
FN:128,(anonymous_2)
FN:154,(anonymous_3)
FN:179,(anonymous_4)
FN:185,(anonymous_5)
FN:208,(anonymous_6)
FN:209,(anonymous_7)
FN:230,(anonymous_8)
FN:245,(anonymous_9)
FN:253,(anonymous_10)
FN:263,(anonymous_11)
FN:318,(anonymous_12)
FN:319,(anonymous_13)
[...]
BRDA:657,68,1,0
BRDA:677,69,0,0
BRDA:677,69,1,0
BRDA:678,70,0,0
BRDA:678,70,1,0
BRDA:679,71,0,0
BRDA:679,71,1,0
BRDA:681,72,0,0
BRDA:681,72,1,0
BRDA:682,73,0,0
BRDA:682,73,1,0
BRDA:682,74,0,0
BRDA:682,74,1,0
BRDA:683,75,0,0
BRDA:683,75,1,0
BRDA:697,76,0,0
BRDA:697,76,1,0
BRDA:718,77,0,0
BRDA:719,78,0,0
BRDA:719,78,1,0
BRDA:726,79,0,0
BRDA:726,79,1,0
BRDA:726,80,0,0
BRDA:726,80,1,0
BRDA:739,81,0,0
BRDA:739,81,1,0
BRDA:746,82,0,0
BRDA:748,83,0,0
BRDA:748,83,1,0
BRDA:748,84,0,0
BRDA:748,84,1,0
BRDA:755,85,0,0
BRDA:755,85,1,0
BRDA:755,85,2,0
BRDA:755,85,3,0
BRDA:790,86,0,0
BRDA:790,86,1,0
BRDA:815,87,0,0
BRDA:815,87,1,0
BRDA:816,88,0,0
BRDA:816,88,1,0
BRDA:817,89,0,0
BRDA:817,89,1,0
BRDA:819,90,0,0
BRDA:819,90,1,0
BRDA:820,91,0,0
BRDA:820,91,1,0
BRDA:822,92,0,0
BRDA:822,92,1,0
BRDA:823,93,0,0
BRDA:823,93,1,0
BRDA:823,94,0,0
BRDA:823,94,1,0
BRDA:824,95,0,0
BRDA:824,95,1,0
BRDA:840,96,0,0
BRDA:840,96,1,0
BRDA:850,97,0,0
BRDA:850,97,1,0
BRDA:850,98,0,0
BRDA:850,98,1,0
BRDA:852,99,0,0
BRDA:852,99,1,0
BRDA:865,100,0,0
BRDA:865,100,1,0
BRDA:882,101,0,0
BRDA:882,101,1,0
BRDA:903,102,0,0
BRDA:913,103,0,0
BRDA:921,104,0,0
BRDA:921,104,1,0
BRF:213
BRH:0
end_of_record
TN:
SF:src\services\tutorial\TutorialManager.js
FN:493,(anonymous_0)
FN:520,(anonymous_1)
FN:531,(anonymous_2)
FN:542,(anonymous_3)
FN:553,(anonymous_4)
FN:557,(anonymous_5)
FN:572,(anonymous_6)
FN:582,(anonymous_7)
FN:592,(anonymous_8)
FN:600,(anonymous_9)
FN:615,(anonymous_10)
FN:623,(anonymous_11)
FN:628,(anonymous_12)
FN:635,(anonymous_13)
FN:661,(anonymous_14)
FN:672,(anonymous_15)
FN:684,(anonymous_16)
FN:694,(anonymous_17)
FN:721,(anonymous_18)
FN:725,(anonymous_19)
FN:731,(anonymous_20)
FN:735,(anonymous_21)
FN:741,(anonymous_22)
FN:743,(anonymous_23)
FN:751,(anonymous_24)
FN:792,(anonymous_25)
FN:823,(anonymous_26)
FN:830,(anonymous_27)
FN:843,(anonymous_28)
FN:866,(anonymous_29)
FN:895,(anonymous_30)
FN:901,(anonymous_31)
FN:908,(anonymous_32)
FN:910,(anonymous_33)
FN:912,(anonymous_34)
FN:915,(anonymous_35)
FN:919,(anonymous_36)
FN:941,(anonymous_37)
FN:945,(anonymous_38)
FN:950,(anonymous_39)
FN:981,(anonymous_40)
FN:987,(anonymous_41)
FN:993,(anonymous_42)
FNF:43
FNH:0
FNDA:0,(anonymous_0)
FNDA:0,(anonymous_1)
FNDA:0,(anonymous_2)
FNDA:0,(anonymous_3)
FNDA:0,(anonymous_4)
FNDA:0,(anonymous_5)
FNDA:0,(anonymous_6)
FNDA:0,(anonymous_7)
FNDA:0,(anonymous_8)
FNDA:0,(anonymous_9)
FNDA:0,(anonymous_10)
FNDA:0,(anonymous_11)
FNDA:0,(anonymous_12)
FNDA:0,(anonymous_13)
FNDA:0,(anonymous_14)
FNDA:0,(anonymous_15)
FNDA:0,(anonymous_16)
FNDA:0,(anonymous_17)
FNDA:0,(anonymous_18)
FNDA:0,(anonymous_19)
FNDA:0,(anonymous_20)
FNDA:0,(anonymous_21)
FNDA:0,(anonymous_22)
FNDA:0,(anonymous_23)
FNDA:0,(anonymous_24)
FNDA:0,(anonymous_25)
FNDA:0,(anonymous_26)
FNDA:0,(anonymous_27)
FNDA:0,(anonymous_28)
FNDA:0,(anonymous_29)
FNDA:0,(anonymous_30)
FNDA:0,(anonymous_31)
FNDA:0,(anonymous_32)
FNDA:0,(anonymous_33)
FNDA:0,(anonymous_34)
FNDA:0,(anonymous_35)
FNDA:0,(anonymous_36)
FNDA:0,(anonymous_37)
FNDA:0,(anonymous_38)
FNDA:0,(anonymous_39)
FNDA:0,(anonymous_40)
FNDA:0,(anonymous_41)
FNDA:0,(anonymous_42)
DA:4,0
DA:5,0
DA:7,0
DA:10,0
DA:494,0
DA:495,0
DA:496,0
DA:497,0
DA:499,0
DA:508,0
DA:509,0
DA:521,0
DA:522,0
DA:523,0
DA:524,0
DA:526,0
DA:527,0
DA:532,0
DA:533,0
DA:534,0
DA:535,0
DA:537,0
DA:538,0
DA:543,0
DA:544,0
DA:545,0
DA:546,0
DA:548,0
DA:549,0
DA:554,0
DA:558,0
DA:560,0
DA:563,0
DA:565,0
DA:567,0
DA:568,0
DA:573,0
DA:575,0
DA:577,0
DA:578,0
DA:583,0
DA:584,0
DA:585,0
DA:587,0
DA:588,0
DA:593,0
DA:594,0
DA:596,0
DA:601,0
DA:602,0
DA:603,0
DA:610,0
DA:611,0
DA:616,0
DA:617,0
DA:619,0
DA:625,0
DA:626,0
DA:627,0
DA:628,0
DA:629,0
DA:632,0
DA:636,0
DA:637,0
DA:639,0
DA:640,0
DA:643,0
DA:644,0
DA:648,0
DA:649,0
DA:650,0
DA:653,0
DA:654,0
DA:656,0
DA:657,0
DA:662,0
DA:663,0
DA:665,0
DA:666,0
DA:670,0
DA:671,0
DA:672,0
DA:673,0
DA:676,0
DA:677,0
DA:679,0
DA:680,0
DA:685,0
DA:686,0
DA:687,0
DA:689,0
DA:690,0
DA:695,0
DA:696,0
DA:697,0
DA:699,0
DA:700,0
DA:703,0
DA:705,0
DA:707,0
DA:709,0
DA:711,0
DA:713,0
DA:716,0
DA:717,0
DA:722,0
DA:723,0
DA:725,0
DA:726,0
DA:728,0
DA:732,0
DA:733,0
DA:735,0
DA:736,0
DA:738,0
DA:742,0
DA:743,0
DA:744,0
DA:745,0
DA:748,0
DA:752,0
DA:754,0
DA:755,0
DA:757,0
DA:759,0
DA:765,0
DA:771,0
DA:777,0
DA:784,0
DA:793,0
DA:808,0
DA:810,0
DA:812,0
DA:814,0
DA:816,0
DA:819,0
DA:824,0
DA:825,0
DA:826,0
DA:828,0
DA:829,0
DA:830,0
DA:833,0
DA:835,0
DA:836,0
DA:838,0
DA:839,0
DA:844,0
DA:845,0
DA:846,0
DA:848,0
DA:849,0
DA:852,0
DA:853,0
DA:856,0
DA:857,0
DA:859,0
DA:861,0
DA:862,0
DA:867,0
DA:868,0
DA:869,0
DA:871,0
DA:872,0
DA:875,0
DA:876,0
DA:877,0
DA:879,0
DA:880,0
DA:881,0
DA:888,0
DA:890,0
DA:891,0
DA:896,0
DA:897,0
DA:898,0
DA:900,0
DA:901,0
DA:903,0
DA:904,0
DA:909,0
DA:910,0
DA:912,0
DA:915,0
DA:920,0
DA:938,0
DA:942,0
DA:943,0
DA:944,0
DA:945,0
DA:947,0
DA:948,0
DA:950,0
DA:951,0
DA:953,0
DA:954,0
DA:955,0
DA:956,0
DA:960,0
DA:969,0
DA:970,0
DA:982,0
DA:983,0
DA:984,0
DA:988,0
DA:989,0
DA:990,0
DA:994,0
LF:208
LH:0
BRDA:585,0,0,0
BRDA:585,0,1,0
BRDA:603,1,0,0
BRDA:603,1,1,0
BRDA:626,2,0,0
BRDA:626,2,1,0
BRDA:627,3,0,0
BRDA:627,3,1,0
BRDA:629,4,0,0
BRDA:629,4,1,0
BRDA:639,5,0,0
BRDA:639,5,1,0
BRDA:643,6,0,0
BRDA:643,6,1,0
BRDA:649,7,0,0
BRDA:649,7,1,0
BRDA:649,8,0,0
BRDA:649,8,1,0
BRDA:665,9,0,0
BRDA:665,9,1,0
BRDA:671,10,0,0
BRDA:671,10,1,0
BRDA:694,11,0,0
BRDA:697,12,0,0
BRDA:697,12,1,0
BRDA:700,13,0,0
BRDA:700,13,1,0
BRDA:703,14,0,0
BRDA:703,14,1,0
BRDA:703,14,2,0
BRDA:703,14,3,0
BRDA:703,14,4,0
BRDA:707,15,0,0
BRDA:707,15,1,0
BRDA:709,16,0,0
BRDA:709,16,1,0
BRDA:711,17,0,0
BRDA:711,17,1,0
BRDA:723,18,0,0
BRDA:723,18,1,0
BRDA:726,19,0,0
BRDA:726,19,1,0
BRDA:726,20,0,0
BRDA:726,20,1,0
BRDA:733,21,0,0
BRDA:733,21,1,0
BRDA:736,22,0,0
BRDA:736,22,1,0
BRDA:744,23,0,0
BRDA:744,23,1,0
BRDA:752,24,0,0
BRDA:752,24,1,0
BRDA:757,25,0,0
BRDA:757,25,1,0
BRDA:757,25,2,0
BRDA:757,25,3,0
BRDA:757,25,4,0
BRDA:757,25,5,0
BRDA:808,26,0,0
BRDA:808,26,1,0
BRDA:808,26,2,0
BRDA:808,26,3,0
BRDA:808,26,4,0
BRDA:808,26,5,0
BRDA:823,27,0,0
BRDA:826,28,0,0
BRDA:826,28,1,0
BRDA:829,29,0,0
BRDA:829,29,1,0
BRDA:833,30,0,0
BRDA:833,30,1,0
BRDA:846,31,0,0
BRDA:846,31,1,0
BRDA:849,32,0,0
BRDA:849,32,1,0
BRDA:869,33,0,0
BRDA:869,33,1,0
BRDA:872,34,0,0
BRDA:872,34,1,0
BRDA:898,35,0,0
BRDA:898,35,1,0
BRDA:938,36,0,0
BRDA:938,36,1,0
BRDA:951,37,0,0
BRDA:951,37,1,0
BRDA:955,38,0,0
BRDA:955,38,1,0
BRDA:956,39,0,0
BRDA:956,39,1,0
BRF:89
BRH:0
end_of_record
TN:
SF:src\services\units\UnitConverter.js
FN:7,(anonymous_0)
FN:38,(anonymous_1)
FN:45,(anonymous_2)
FN:52,(anonymous_3)
FN:59,(anonymous_4)
FN:66,(anonymous_5)
FN:95,(anonymous_6)
FN:133,(anonymous_7)
FN:145,(anonymous_8)
FN:157,(anonymous_9)
FN:201,(anonymous_10)
FN:202,(anonymous_11)
FN:216,(anonymous_12)
FN:233,(anonymous_13)
FN:245,(anonymous_14)
FN:252,(anonymous_15)
FN:276,(anonymous_16)
FN:277,(anonymous_17)
FNF:18
FNH:0
FNDA:0,(anonymous_0)
FNDA:0,(anonymous_1)
FNDA:0,(anonymous_2)
FNDA:0,(anonymous_3)
FNDA:0,(anonymous_4)
FNDA:0,(anonymous_5)
FNDA:0,(anonymous_6)
FNDA:0,(anonymous_7)
FNDA:0,(anonymous_8)
FNDA:0,(anonymous_9)
FNDA:0,(anonymous_10)
FNDA:0,(anonymous_11)
FNDA:0,(anonymous_12)
FNDA:0,(anonymous_13)
FNDA:0,(anonymous_14)
FNDA:0,(anonymous_15)
FNDA:0,(anonymous_16)
FNDA:0,(anonymous_17)
DA:9,0
DA:10,0
DA:11,0
DA:12,0
DA:15,0
DA:39,0
DA:46,0
DA:53,0
DA:60,0
DA:67,0
DA:68,0
DA:71,0
DA:72,0
DA:74,0
DA:75,0
DA:76,0
DA:77,0
DA:78,0
DA:83,0
DA:84,0
DA:85,0
DA:86,0
DA:88,0
DA:96,0
DA:98,0
DA:101,0
DA:102,0
DA:105,0
DA:106,0
DA:109,0
DA:110,0
DA:111,0
DA:112,0
DA:116,0
DA:117,0
DA:118,0
DA:120,0
DA:123,0
DA:125,0
DA:126,0
DA:134,0
DA:135,0
DA:137,0
DA:138,0
DA:146,0
DA:147,0
DA:149,0
DA:150,0
DA:158,0
DA:159,0
DA:162,0
DA:163,0
DA:165,0
DA:166,0
DA:167,0
DA:169,0
DA:170,0
DA:171,0
DA:172,0
DA:175,0
DA:177,0
DA:178,0
DA:179,0
DA:183,0
DA:184,0
DA:185,0
DA:189,0
DA:190,0
DA:195,0
DA:202,0
DA:203,0
DA:204,0
DA:206,0
DA:207,0
DA:208,0
DA:217,0
DA:218,0
DA:223,0
DA:235,0
DA:236,0
DA:238,0
DA:246,0
DA:253,0
DA:254,0
DA:256,0
DA:257,0
DA:261,0
DA:265,0
DA:266,0
DA:267,0
DA:275,0
DA:276,0
DA:277,0
DA:279,0
DA:280,0
DA:281,0
DA:286,0
DA:287,0
DA:293,0
DA:294,0
DA:295,0
DA:297,0
DA:298,0
DA:303,0
DA:304,0
DA:311,0
DA:320,0
LF:107
LH:0
BRDA:76,0,0,0
BRDA:76,0,1,0
BRDA:83,1,0,0
BRDA:83,1,1,0
BRDA:85,2,0,0
BRDA:85,2,1,0
BRDA:101,3,0,0
BRDA:101,3,1,0
BRDA:101,4,0,0
BRDA:101,4,1,0
BRDA:102,5,0,0
BRDA:102,5,1,0
BRDA:109,6,0,0
BRDA:109,6,1,0
BRDA:111,7,0,0
BRDA:111,7,1,0
BRDA:116,8,0,0
BRDA:116,8,1,0
BRDA:118,9,0,0
BRDA:118,9,1,0
BRDA:118,10,0,0
BRDA:118,10,1,0
BRDA:120,11,0,0
BRDA:120,11,1,0
BRDA:134,12,0,0
BRDA:134,12,1,0
BRDA:146,13,0,0
BRDA:146,13,1,0
BRDA:158,14,0,0
BRDA:158,14,1,0
BRDA:158,15,0,0
BRDA:158,15,1,0
BRDA:167,16,0,0
BRDA:167,16,1,0
BRDA:170,17,0,0
BRDA:170,17,1,0
BRDA:175,18,0,0
BRDA:175,18,1,0
BRDA:177,19,0,0
BRDA:177,19,1,0
BRDA:177,20,0,0
BRDA:177,20,1,0
BRDA:183,21,0,0
BRDA:183,21,1,0
BRDA:183,22,0,0
BRDA:183,22,1,0
BRDA:189,23,0,0
BRDA:189,23,1,0
BRDA:189,24,0,0
BRDA:189,24,1,0
BRDA:189,24,2,0
BRDA:203,25,0,0
BRDA:203,25,1,0
BRDA:217,26,0,0
BRDA:217,26,1,0
BRDA:235,27,0,0
BRDA:235,27,1,0
BRDA:246,28,0,0
BRDA:246,28,1,0
BRDA:256,29,0,0
BRDA:256,29,1,0
BRDA:266,30,0,0
BRDA:266,30,1,0
BRDA:279,31,0,0
BRDA:279,31,1,0
BRDA:280,32,0,0
BRDA:280,32,1,0
BRDA:286,33,0,0
BRDA:286,33,1,0
BRDA:286,34,0,0
BRDA:286,34,1,0
BRDA:297,35,0,0
BRDA:297,35,1,0
BRDA:303,36,0,0
BRDA:303,36,1,0
BRDA:303,37,0,0
BRDA:303,37,1,0
BRF:77
BRH:0
end_of_record
TN:
SF:src\services\validation\ProjectValidator.js
FN:5,(anonymous_0)
FN:66,(anonymous_1)
FN:82,(anonymous_2)
FN:91,(anonymous_3)
FN:107,(anonymous_4)
FN:124,(anonymous_5)
FN:189,(anonymous_6)
FN:206,(anonymous_7)
FN:243,(anonymous_8)
FN:274,(anonymous_9)
FN:310,(anonymous_10)
FN:331,(anonymous_11)
FN:332,(anonymous_12)
FN:341,(anonymous_13)
FN:342,(anonymous_14)
FN:343,(anonymous_15)
FN:360,(anonymous_16)
FNF:17
FNH:0
FNDA:0,(anonymous_0)
FNDA:0,(anonymous_1)
FNDA:0,(anonymous_2)
FNDA:0,(anonymous_3)
FNDA:0,(anonymous_4)
FNDA:0,(anonymous_5)
FNDA:0,(anonymous_6)
FNDA:0,(anonymous_7)
FNDA:0,(anonymous_8)
FNDA:0,(anonymous_9)
FNDA:0,(anonymous_10)
FNDA:0,(anonymous_11)
FNDA:0,(anonymous_12)
FNDA:0,(anonymous_13)
FNDA:0,(anonymous_14)
FNDA:0,(anonymous_15)
FNDA:0,(anonymous_16)
DA:6,0
DA:9,0
DA:10,0
DA:11,0
DA:14,0
DA:15,0
DA:18,0
DA:19,0
DA:22,0
DA:23,0
DA:27,0
DA:28,0
DA:29,0
DA:30,0
DA:35,0
DA:36,0
DA:37,0
DA:41,0
DA:42,0
DA:46,0
DA:47,0
DA:51,0
DA:52,0
DA:56,0
DA:57,0
DA:61,0
DA:62,0
DA:63,0
DA:66,0
DA:67,0
DA:68,0
DA:69,0
DA:70,0
DA:75,0
DA:83,0
DA:85,0
DA:86,0
DA:87,0
DA:90,0
DA:91,0
DA:93,0
DA:94,0
DA:95,0
DA:98,0
DA:99,0
DA:104,0
DA:105,0
DA:107,0
DA:108,0
DA:109,0
DA:110,0
DA:111,0
DA:115,0
DA:116,0
DA:119,0
DA:120,0
DA:122,0
DA:124,0
DA:125,0
DA:128,0
DA:130,0
DA:131,0
DA:132,0
DA:135,0
DA:136,0
DA:139,0
DA:140,0
DA:142,0
DA:143,0
DA:144,0
DA:146,0
DA:150,0
DA:151,0
DA:155,0
DA:156,0
DA:157,0
DA:158,0
DA:159,0
DA:160,0
DA:164,0
DA:165,0
DA:166,0
DA:167,0
DA:168,0
DA:169,0
DA:172,0
DA:176,0
DA:177,0
DA:178,0
DA:179,0
DA:182,0
DA:190,0
DA:192,0
DA:193,0
DA:194,0
DA:197,0
DA:198,0
DA:199,0
DA:202,0
DA:203,0
DA:206,0
DA:207,0
DA:208,0
DA:209,0
DA:213,0
DA:214,0
DA:215,0
DA:216,0
DA:220,0
DA:221,0
DA:222,0
DA:226,0
DA:227,0
DA:231,0
DA:232,0
DA:236,0
DA:244,0
DA:246,0
DA:247,0
DA:250,0
DA:253,0
DA:254,0
DA:255,0
DA:256,0
DA:261,0
DA:262,0
DA:264,0
DA:267,0
DA:275,0
DA:277,0
DA:278,0
DA:281,0
DA:284,0
DA:287,0
DA:288,0
DA:290,0
DA:291,0
DA:293,0
DA:297,0
DA:300,0
DA:303,0
DA:311,0
DA:313,0
DA:316,0
DA:317,0
DA:320,0
DA:321,0
DA:324,0
DA:325,0
DA:329,0
DA:330,0
DA:331,0
DA:332,0
DA:335,0
DA:339,0
DA:340,0
DA:341,0
DA:342,0
DA:343,0
DA:348,0
DA:349,0
DA:352,0
DA:353,0
DA:356,0
DA:361,0
DA:362,0
DA:364,0
DA:365,0
DA:372,0
LF:169
LH:0
BRDA:9,0,0,0
BRDA:9,0,1,0
BRDA:14,1,0,0
BRDA:14,1,1,0
BRDA:14,2,0,0
BRDA:14,2,1,0
BRDA:14,2,2,0
BRDA:18,3,0,0
BRDA:18,3,1,0
BRDA:18,4,0,0
BRDA:18,4,1,0
BRDA:22,5,0,0
BRDA:22,5,1,0
BRDA:22,6,0,0
BRDA:22,6,1,0
BRDA:22,6,2,0
BRDA:27,7,0,0
BRDA:27,7,1,0
BRDA:29,8,0,0
BRDA:29,8,1,0
BRDA:36,9,0,0
BRDA:36,9,1,0
BRDA:36,10,0,0
BRDA:36,10,1,0
BRDA:41,11,0,0
BRDA:41,11,1,0
BRDA:41,12,0,0
BRDA:41,12,1,0
BRDA:41,12,2,0
BRDA:41,12,3,0
BRDA:46,13,0,0
BRDA:46,13,1,0
BRDA:46,14,0,0
BRDA:46,14,1,0
BRDA:46,14,2,0
BRDA:46,14,3,0
BRDA:51,15,0,0
BRDA:51,15,1,0
BRDA:51,16,0,0
BRDA:51,16,1,0
BRDA:56,17,0,0
BRDA:56,17,1,0
BRDA:56,18,0,0
BRDA:56,18,1,0
BRDA:61,19,0,0
BRDA:61,19,1,0
BRDA:61,20,0,0
BRDA:61,20,1,0
BRDA:62,21,0,0
BRDA:62,21,1,0
BRDA:67,22,0,0
BRDA:67,22,1,0
BRDA:67,23,0,0
BRDA:67,23,1,0
BRDA:67,23,2,0
BRDA:69,24,0,0
BRDA:69,24,1,0
BRDA:85,25,0,0
BRDA:85,25,1,0
BRDA:85,26,0,0
BRDA:85,26,1,0
BRDA:93,27,0,0
BRDA:93,27,1,0
BRDA:98,28,0,0
BRDA:98,28,1,0
BRDA:109,29,0,0
BRDA:109,29,1,0
BRDA:130,30,0,0
BRDA:130,30,1,0
BRDA:142,31,0,0
BRDA:142,31,1,0
BRDA:143,32,0,0
BRDA:143,32,1,0
BRDA:150,33,0,0
BRDA:150,33,1,0
BRDA:155,34,0,0
BRDA:155,34,1,0
BRDA:155,35,0,0
BRDA:155,35,1,0
BRDA:157,36,0,0
BRDA:157,36,1,0
BRDA:159,37,0,0
BRDA:159,37,1,0
BRDA:164,38,0,0
BRDA:164,38,1,0
BRDA:164,39,0,0
BRDA:164,39,1,0
BRDA:166,40,0,0
BRDA:166,40,1,0
BRDA:168,41,0,0
BRDA:168,41,1,0
BRDA:178,42,0,0
BRDA:178,42,1,0
BRDA:178,43,0,0
BRDA:178,43,1,0
BRDA:192,44,0,0
BRDA:192,44,1,0
BRDA:197,45,0,0
BRDA:197,45,1,0
BRDA:202,46,0,0
BRDA:202,46,1,0
BRDA:207,47,0,0
BRDA:207,47,1,0
BRDA:207,48,0,0
BRDA:207,48,1,0
BRDA:213,49,0,0
BRDA:213,49,1,0
BRDA:213,50,0,0
BRDA:213,50,1,0
BRDA:213,50,2,0
BRDA:215,51,0,0
BRDA:215,51,1,0
BRDA:215,52,0,0
BRDA:215,52,1,0
BRDA:221,53,0,0
BRDA:221,53,1,0
BRDA:221,54,0,0
BRDA:221,54,1,0
BRDA:226,55,0,0
BRDA:226,55,1,0
BRDA:226,56,0,0
BRDA:226,56,1,0
BRDA:226,56,2,0
BRDA:226,56,3,0
BRDA:231,57,0,0
BRDA:231,57,1,0
BRDA:231,58,0,0
BRDA:231,58,1,0
BRDA:231,58,2,0
BRDA:246,59,0,0
BRDA:246,59,1,0
BRDA:253,60,0,0
BRDA:253,60,1,0
BRDA:253,61,0,0
BRDA:253,61,1,0
BRDA:255,62,0,0
BRDA:255,62,1,0
BRDA:274,63,0,0
BRDA:277,64,0,0
BRDA:277,64,1,0
BRDA:284,65,0,0
BRDA:284,65,1,0
BRDA:287,66,0,0
BRDA:287,66,1,0
BRDA:287,67,0,0
BRDA:287,67,1,0
BRDA:290,68,0,0
BRDA:290,68,1,0
BRDA:290,69,0,0
BRDA:290,69,1,0
BRDA:297,70,0,0
BRDA:297,70,1,0
BRDA:297,71,0,0
BRDA:297,71,1,0
BRDA:311,72,0,0
BRDA:311,72,1,0
BRDA:316,73,0,0
BRDA:316,73,1,0
BRDA:320,74,0,0
BRDA:320,74,1,0
BRDA:324,75,0,0
BRDA:324,75,1,0
BRDA:329,76,0,0
BRDA:329,76,1,0
BRDA:339,77,0,0
BRDA:339,77,1,0
BRDA:339,78,0,0
BRDA:339,78,1,0
BRDA:341,79,0,0
BRDA:341,79,1,0
BRDA:348,80,0,0
BRDA:348,80,1,0
BRDA:349,81,0,0
BRDA:349,81,1,0
BRDA:352,82,0,0
BRDA:352,82,1,0
BRDA:353,83,0,0
BRDA:353,83,1,0
BRDA:362,84,0,0
BRDA:362,84,1,0
BRDA:364,85,0,0
BRDA:364,85,1,0
BRF:182
BRH:0
end_of_record
TN:
SF:src\utils\geometryValidator.js
FN:6,(anonymous_0)
FN:27,(anonymous_1)
FN:32,(anonymous_2)
FN:36,(anonymous_3)
FN:107,(anonymous_4)
FN:116,(anonymous_5)
FN:122,(anonymous_6)
FN:156,(anonymous_7)
FN:188,(anonymous_8)
FN:207,(anonymous_9)
FN:212,(anonymous_10)
FN:213,(anonymous_11)
FN:219,(anonymous_12)
FN:229,(anonymous_13)
FN:249,(anonymous_14)
FNF:15
FNH:0
FNDA:0,(anonymous_0)
FNDA:0,(anonymous_1)
FNDA:0,(anonymous_2)
FNDA:0,(anonymous_3)
FNDA:0,(anonymous_4)
FNDA:0,(anonymous_5)
FNDA:0,(anonymous_6)
FNDA:0,(anonymous_7)
FNDA:0,(anonymous_8)
FNDA:0,(anonymous_9)
FNDA:0,(anonymous_10)
FNDA:0,(anonymous_11)
FNDA:0,(anonymous_12)
FNDA:0,(anonymous_13)
FNDA:0,(anonymous_14)
DA:7,0
DA:8,0
DA:9,0
DA:10,0
DA:14,0
DA:27,0
DA:28,0
DA:29,0
DA:32,0
DA:33,0
DA:34,0
DA:36,0
DA:37,0
DA:40,0
DA:41,0
DA:45,0
DA:46,0
DA:49,0
DA:51,0
DA:52,0
DA:57,0
DA:60,0
DA:61,0
DA:64,0
DA:65,0
DA:70,0
DA:73,0
DA:74,0
DA:79,0
DA:83,0
DA:84,0
DA:91,0
DA:92,0
DA:99,0
DA:100,0
DA:107,0
DA:108,0
DA:112,0
DA:113,0
DA:116,0
DA:122,0
DA:123,0
DA:124,0
DA:128,0
DA:129,0
DA:135,0
DA:136,0
DA:142,0
DA:143,0
DA:144,0
DA:149,0
DA:150,0
DA:156,0
DA:157,0
DA:158,0
DA:159,0
DA:165,0
DA:166,0
DA:167,0
DA:168,0
DA:176,0
DA:177,0
DA:182,0
DA:188,0
DA:189,0
DA:190,0
DA:191,0
DA:192,0
DA:194,0
DA:207,0
DA:208,0
DA:209,0
DA:212,0
DA:213,0
DA:215,0
DA:219,0
DA:229,0
DA:230,0
DA:232,0
DA:233,0
DA:234,0
DA:235,0
DA:236,0
DA:239,0
DA:240,0
DA:243,0
DA:249,0
DA:250,0
DA:252,0
DA:253,0
DA:254,0
DA:257,0
DA:258,0
DA:259,0
DA:262,0
DA:263,0
DA:264,0
DA:267,0
DA:268,0
DA:269,0
DA:272,0
LF:101
LH:0
BRDA:6,0,0,0
BRDA:6,1,0,0
BRDA:28,2,0,0
BRDA:28,2,1,0
BRDA:28,3,0,0
BRDA:28,3,1,0
BRDA:40,4,0,0
BRDA:40,4,1,0
BRDA:40,5,0,0
BRDA:40,5,1,0
BRDA:40,5,2,0
BRDA:46,6,0,0
BRDA:46,6,1,0
BRDA:51,7,0,0
BRDA:51,7,1,0
BRDA:64,8,0,0
BRDA:64,8,1,0
BRDA:73,9,0,0
BRDA:73,9,1,0
BRDA:83,10,0,0
BRDA:83,10,1,0
BRDA:91,11,0,0
BRDA:91,11,1,0
BRDA:99,12,0,0
BRDA:99,12,1,0
BRDA:99,13,0,0
BRDA:99,13,1,0
BRDA:107,14,0,0
BRDA:107,14,1,0
BRDA:107,15,0,0
BRDA:107,15,1,0
BRDA:112,16,0,0
BRDA:112,16,1,0
BRDA:123,17,0,0
BRDA:123,17,1,0
BRDA:128,18,0,0
BRDA:128,18,1,0
BRDA:135,19,0,0
BRDA:135,19,1,0
BRDA:143,20,0,0
BRDA:143,20,1,0
BRDA:149,21,0,0
BRDA:149,21,1,0
BRDA:158,22,0,0
BRDA:158,22,1,0
BRDA:167,23,0,0
BRDA:167,23,1,0
BRDA:176,24,0,0
BRDA:176,24,1,0
BRDA:208,25,0,0
BRDA:208,25,1,0
BRDA:208,26,0,0
BRDA:208,26,1,0
BRDA:230,27,0,0
BRDA:230,27,1,0
BRDA:252,28,0,0
BRDA:252,28,1,0
BRDA:257,29,0,0
BRDA:257,29,1,0
BRDA:262,30,0,0
BRDA:262,30,1,0
BRDA:267,31,0,0
BRDA:267,31,1,0
BRF:63
BRH:0
end_of_record
TN:
SF:src\utils\responsive.js
FN:11,(anonymous_0)
FN:26,(anonymous_1)
FN:35,(anonymous_2)
FN:41,(anonymous_3)
FN:85,(anonymous_4)
FN:128,(anonymous_5)
FN:157,(anonymous_6)
FN:175,(anonymous_7)
FN:215,(anonymous_8)
FN:225,(anonymous_9)
FN:239,(anonymous_10)
FN:264,(anonymous_11)
FNF:12
FNH:0
FNDA:0,(anonymous_0)
FNDA:0,(anonymous_1)
FNDA:0,(anonymous_2)
FNDA:0,(anonymous_3)
FNDA:0,(anonymous_4)
FNDA:0,(anonymous_5)
FNDA:0,(anonymous_6)
FNDA:0,(anonymous_7)
FNDA:0,(anonymous_8)
FNDA:0,(anonymous_9)
FNDA:0,(anonymous_10)
FNDA:0,(anonymous_11)
DA:4,0
DA:7,0
DA:8,0
DA:11,0
DA:12,0
DA:15,0
DA:16,0
DA:17,0
DA:18,0
DA:19,0
DA:22,0
DA:26,0
DA:27,0
DA:30,0
DA:31,0
DA:35,0
DA:36,0
DA:37,0
DA:41,0
DA:42,0
DA:45,0
DA:46,0
DA:47,0
DA:48,0
DA:51,0
DA:54,0
DA:61,0
DA:64,0
DA:65,0
DA:67,0
DA:85,0
DA:86,0
DA:88,0
DA:128,0
DA:129,0
DA:131,0
DA:135,0
DA:157,0
DA:158,0
DA:160,0
DA:164,0
DA:175,0
DA:176,0
DA:177,0
DA:178,0
DA:180,0
DA:215,0
DA:225,0
DA:226,0
DA:228,0
DA:230,0
DA:231,0
DA:232,0
DA:233,0
DA:235,0
DA:239,0
DA:240,0
DA:242,0
DA:246,0
DA:264,0
DA:265,0
DA:267,0
LF:62
LH:0
BRDA:16,0,0,0
BRDA:16,0,1,0
BRDA:18,1,0,0
BRDA:18,1,1,0
BRDA:30,2,0,0
BRDA:30,2,1,0
BRDA:35,3,0,0
BRDA:42,4,0,0
BRDA:42,4,1,0
BRDA:42,5,0,0
BRDA:42,5,1,0
BRDA:46,6,0,0
BRDA:46,6,1,0
BRDA:54,7,0,0
BRDA:54,7,1,0
BRDA:54,7,2,0
BRDA:54,7,3,0
BRDA:54,7,4,0
BRDA:54,7,5,0
BRDA:54,7,6,0
BRDA:54,7,7,0
BRDA:54,7,8,0
BRDA:61,8,0,0
BRDA:61,8,1,0
BRDA:61,8,2,0
BRDA:64,9,0,0
BRDA:64,9,1,0
BRDA:64,10,0,0
BRDA:64,10,1,0
BRDA:65,11,0,0
BRDA:65,11,1,0
BRDA:65,12,0,0
BRDA:65,12,1,0
BRDA:65,12,2,0
BRDA:90,13,0,0
BRDA:90,13,1,0
BRDA:91,14,0,0
BRDA:91,14,1,0
BRDA:92,15,0,0
BRDA:92,15,1,0
BRDA:95,16,0,0
BRDA:95,16,1,0
BRDA:96,17,0,0
BRDA:96,17,1,0
BRDA:100,18,0,0
BRDA:100,18,1,0
BRDA:101,19,0,0
BRDA:101,19,1,0
BRDA:102,20,0,0
BRDA:102,20,1,0
BRDA:105,21,0,0
BRDA:105,21,1,0
BRDA:106,22,0,0
BRDA:106,22,1,0
BRDA:110,23,0,0
BRDA:110,23,1,0
BRDA:111,24,0,0
BRDA:111,24,1,0
BRDA:115,25,0,0
BRDA:115,25,1,0
BRDA:116,26,0,0
BRDA:116,26,1,0
BRDA:117,27,0,0
BRDA:117,27,1,0
BRDA:121,28,0,0
BRDA:121,28,1,0
BRDA:122,29,0,0
BRDA:122,29,1,0
BRDA:131,30,0,0
BRDA:131,30,1,0
BRDA:132,31,0,0
BRDA:132,31,1,0
BRDA:133,32,0,0
BRDA:133,32,1,0
BRDA:160,33,0,0
BRDA:160,33,1,0
BRDA:161,34,0,0
BRDA:161,34,1,0
BRDA:162,35,0,0
BRDA:162,35,1,0
BRDA:226,36,0,0
BRDA:226,36,1,0
BRDA:230,37,0,0
BRDA:230,37,1,0
BRDA:230,38,0,0
BRDA:230,38,1,0
BRDA:231,39,0,0
BRDA:231,39,1,0
BRDA:231,40,0,0
BRDA:231,40,1,0
BRDA:232,41,0,0
BRDA:232,41,1,0
BRDA:232,42,0,0
BRDA:232,42,1,0
BRDA:233,43,0,0
BRDA:233,43,1,0
BRDA:233,44,0,0
BRDA:233,44,1,0
BRDA:235,45,0,0
BRDA:235,45,1,0
BRDA:242,46,0,0
BRDA:242,46,1,0
BRDA:243,47,0,0
BRDA:243,47,1,0
BRDA:244,48,0,0
BRDA:244,48,1,0
BRDA:269,49,0,0
BRDA:269,49,1,0
BRDA:275,50,0,0
BRDA:275,50,1,0
BRDA:281,51,0,0
BRDA:281,51,1,0
BRDA:284,52,0,0
BRDA:284,52,1,0
BRDA:284,53,0,0
BRDA:284,53,1,0
BRF:116
BRH:0
end_of_record
