TN:
SF:src\hooks\useAutoSave.js
FN:4,(anonymous_0)
FN:10,(anonymous_1)
FN:13,(anonymous_2)
FN:40,(anonymous_3)
FN:55,(anonymous_4)
FN:56,(anonymous_5)
FN:63,(anonymous_6)
FN:85,(anonymous_7)
FN:109,(anonymous_8)
FN:113,(anonymous_9)
FN:118,(anonymous_10)
FN:123,(anonymous_11)
FN:128,(anonymous_12)
FN:141,(anonymous_13)
FNF:14
FNH:0
FNDA:0,(anonymous_0)
FNDA:0,(anonymous_1)
FNDA:0,(anonymous_2)
FNDA:0,(anonymous_3)
FNDA:0,(anonymous_4)
FNDA:0,(anonymous_5)
FNDA:0,(anonymous_6)
FNDA:0,(anonymous_7)
FNDA:0,(anonymous_8)
FNDA:0,(anonymous_9)
FNDA:0,(anonymous_10)
FNDA:0,(anonymous_11)
FNDA:0,(anonymous_12)
FNDA:0,(anonymous_13)
DA:4,0
DA:5,0
DA:6,0
DA:7,0
DA:8,0
DA:10,0
DA:11,0
DA:13,0
DA:14,0
DA:16,0
DA:17,0
DA:19,0
DA:20,0
DA:22,0
DA:27,0
DA:28,0
DA:29,0
DA:31,0
DA:34,0
DA:35,0
DA:40,0
DA:41,0
DA:42,0
DA:47,0
DA:48,0
DA:49,0
DA:55,0
DA:56,0
DA:57,0
DA:58,0
DA:63,0
DA:64,0
DA:66,0
DA:67,0
DA:69,0
DA:74,0
DA:75,0
DA:77,0
DA:79,0
DA:80,0
DA:81,0
DA:85,0
DA:86,0
DA:88,0
DA:89,0
DA:91,0
DA:92,0
DA:93,0
DA:94,0
DA:96,0
DA:100,0
DA:109,0
DA:110,0
DA:111,0
DA:113,0
DA:114,0
DA:115,0
DA:118,0
DA:119,0
DA:120,0
DA:123,0
DA:124,0
DA:125,0
DA:128,0
DA:129,0
DA:131,0
DA:133,0
DA:135,0
DA:137,0
DA:141,0
DA:142,0
DA:144,0
DA:146,0
DA:148,0
DA:150,0
DA:154,0
LF:76
LH:0
BRDA:4,0,0,0
BRDA:4,1,0,0
BRDA:11,2,0,0
BRDA:11,2,1,0
BRDA:11,3,0,0
BRDA:11,3,1,0
BRDA:11,3,2,0
BRDA:19,4,0,0
BRDA:19,4,1,0
BRDA:41,5,0,0
BRDA:41,5,1,0
BRDA:47,6,0,0
BRDA:47,6,1,0
BRDA:57,7,0,0
BRDA:57,7,1,0
BRDA:64,8,0,0
BRDA:64,8,1,0
BRDA:86,9,0,0
BRDA:86,9,1,0
BRDA:91,10,0,0
BRDA:91,10,1,0
BRDA:93,11,0,0
BRDA:93,11,1,0
BRDA:113,12,0,0
BRDA:118,13,0,0
BRDA:123,14,0,0
BRDA:129,15,0,0
BRDA:129,15,1,0
BRDA:129,15,2,0
BRDA:129,15,3,0
BRDA:142,16,0,0
BRDA:142,16,1,0
BRDA:142,16,2,0
BRDA:142,16,3,0
BRF:34
BRH:0
end_of_record
TN:
SF:src\hooks\useDeviceInfo.js
FN:5,(anonymous_0)
FN:17,(anonymous_1)
FN:18,(anonymous_2)
FN:45,(anonymous_3)
FNF:4
FNH:0
FNDA:0,(anonymous_0)
FNDA:0,(anonymous_1)
FNDA:0,(anonymous_2)
FNDA:0,(anonymous_3)
DA:5,0
DA:6,0
DA:17,0
DA:18,0
DA:19,0
DA:20,0
DA:23,0
DA:28,0
DA:30,0
DA:42,0
DA:44,0
DA:45,0
DA:48,0
LF:13
LH:0
BRDA:23,0,0,0
BRDA:23,0,1,0
BRDA:23,0,2,0
BRDA:23,0,3,0
BRDA:28,1,0,0
BRDA:28,1,1,0
BRF:6
BRH:0
end_of_record
TN:
SF:src\hooks\usePerformance.js
FN:4,(anonymous_0)
FN:9,(anonymous_1)
FN:10,(anonymous_2)
FN:24,(anonymous_3)
FN:29,(anonymous_4)
FN:32,(anonymous_5)
FN:38,(anonymous_6)
FN:47,(anonymous_7)
FN:51,(anonymous_8)
FN:55,(anonymous_9)
FN:59,(anonymous_10)
FN:63,(anonymous_11)
FN:81,(anonymous_12)
FN:82,(anonymous_13)
FN:89,(anonymous_14)
FN:90,(anonymous_15)
FN:97,(anonymous_16)
FN:98,(anonymous_17)
FNF:18
FNH:0
FNDA:0,(anonymous_0)
FNDA:0,(anonymous_1)
FNDA:0,(anonymous_2)
FNDA:0,(anonymous_3)
FNDA:0,(anonymous_4)
FNDA:0,(anonymous_5)
FNDA:0,(anonymous_6)
FNDA:0,(anonymous_7)
FNDA:0,(anonymous_8)
FNDA:0,(anonymous_9)
FNDA:0,(anonymous_10)
FNDA:0,(anonymous_11)
FNDA:0,(anonymous_12)
FNDA:0,(anonymous_13)
FNDA:0,(anonymous_14)
FNDA:0,(anonymous_15)
FNDA:0,(anonymous_16)
FNDA:0,(anonymous_17)
DA:4,0
DA:5,0
DA:6,0
DA:7,0
DA:9,0
DA:10,0
DA:11,0
DA:12,0
DA:13,0
DA:14,0
DA:15,0
DA:17,0
DA:18,0
DA:22,0
DA:24,0
DA:25,0
DA:29,0
DA:30,0
DA:31,0
DA:32,0
DA:34,0
DA:38,0
DA:39,0
DA:40,0
DA:41,0
DA:43,0
DA:47,0
DA:48,0
DA:51,0
DA:52,0
DA:55,0
DA:56,0
DA:59,0
DA:60,0
DA:63,0
DA:64,0
DA:67,0
DA:81,0
DA:82,0
DA:83,0
DA:86,0
DA:89,0
DA:90,0
DA:91,0
DA:94,0
DA:97,0
DA:98,0
DA:99,0
DA:100,0
LF:49
LH:0
BRDA:81,0,0,0
BRDA:89,1,0,0
BRDA:97,2,0,0
BRDA:100,3,0,0
BRDA:100,3,1,0
BRDA:100,4,0,0
BRDA:100,4,1,0
BRF:7
BRH:0
end_of_record
TN:
SF:src\hooks\useTranslation.js
FN:6,(anonymous_0)
FN:7,(anonymous_1)
FN:11,(anonymous_2)
FN:15,(anonymous_3)
FN:19,(anonymous_4)
FNF:5
FNH:0
FNDA:0,(anonymous_0)
FNDA:0,(anonymous_1)
FNDA:0,(anonymous_2)
FNDA:0,(anonymous_3)
FNDA:0,(anonymous_4)
DA:6,0
DA:7,0
DA:8,0
DA:11,0
DA:12,0
DA:15,0
DA:16,0
DA:19,0
DA:20,0
DA:23,0
LF:10
LH:0
BRDA:7,0,0,0
BRDA:11,1,0,0
BRF:2
BRH:0
end_of_record
TN:
SF:src\hooks\useTutorial.js
FN:4,(anonymous_0)
FN:16,(anonymous_1)
FN:20,(anonymous_2)
FN:39,(anonymous_3)
FN:45,(anonymous_4)
FN:56,(anonymous_5)
FN:66,(anonymous_6)
FN:80,(anonymous_7)
FN:90,(anonymous_8)
FN:100,(anonymous_9)
FN:111,(anonymous_10)
FN:112,(anonymous_11)
FN:120,(anonymous_12)
FN:129,(anonymous_13)
FN:132,(anonymous_14)
FN:141,(anonymous_15)
FN:144,(anonymous_16)
FN:154,(anonymous_17)
FN:164,(anonymous_18)
FN:178,(anonymous_19)
FN:187,(anonymous_20)
FN:188,(anonymous_21)
FN:194,(anonymous_22)
FN:195,(anonymous_23)
FN:202,(anonymous_24)
FN:206,(anonymous_25)
FN:207,(anonymous_26)
FN:213,(anonymous_27)
FN:250,(anonymous_28)
FN:253,(anonymous_29)
FN:265,(anonymous_30)
FN:271,(anonymous_31)
FN:283,(anonymous_32)
FN:287,(anonymous_33)
FN:301,(anonymous_34)
FN:305,(anonymous_35)
FN:309,(anonymous_36)
FN:313,(anonymous_37)
FN:329,(anonymous_38)
FN:345,(anonymous_39)
FN:350,(anonymous_40)
FN:364,(anonymous_41)
FN:368,(anonymous_42)
FN:372,(anonymous_43)
FN:381,(anonymous_44)
FN:385,(anonymous_45)
FN:394,(anonymous_46)
FN:412,(anonymous_47)
FN:429,(anonymous_48)
FN:446,(anonymous_49)
FN:456,(anonymous_50)
FN:468,(anonymous_51)
FN:472,(anonymous_52)
FNF:53
FNH:0
FNDA:0,(anonymous_0)
FNDA:0,(anonymous_1)
FNDA:0,(anonymous_2)
FNDA:0,(anonymous_3)
FNDA:0,(anonymous_4)
FNDA:0,(anonymous_5)
FNDA:0,(anonymous_6)
FNDA:0,(anonymous_7)
FNDA:0,(anonymous_8)
FNDA:0,(anonymous_9)
FNDA:0,(anonymous_10)
FNDA:0,(anonymous_11)
FNDA:0,(anonymous_12)
FNDA:0,(anonymous_13)
FNDA:0,(anonymous_14)
FNDA:0,(anonymous_15)
FNDA:0,(anonymous_16)
FNDA:0,(anonymous_17)
FNDA:0,(anonymous_18)
FNDA:0,(anonymous_19)
FNDA:0,(anonymous_20)
FNDA:0,(anonymous_21)
FNDA:0,(anonymous_22)
FNDA:0,(anonymous_23)
FNDA:0,(anonymous_24)
FNDA:0,(anonymous_25)
FNDA:0,(anonymous_26)
FNDA:0,(anonymous_27)
FNDA:0,(anonymous_28)
FNDA:0,(anonymous_29)
FNDA:0,(anonymous_30)
FNDA:0,(anonymous_31)
FNDA:0,(anonymous_32)
FNDA:0,(anonymous_33)
FNDA:0,(anonymous_34)
FNDA:0,(anonymous_35)
FNDA:0,(anonymous_36)
FNDA:0,(anonymous_37)
FNDA:0,(anonymous_38)
FNDA:0,(anonymous_39)
FNDA:0,(anonymous_40)
FNDA:0,(anonymous_41)
FNDA:0,(anonymous_42)
FNDA:0,(anonymous_43)
FNDA:0,(anonymous_44)
FNDA:0,(anonymous_45)
FNDA:0,(anonymous_46)
FNDA:0,(anonymous_47)
FNDA:0,(anonymous_48)
FNDA:0,(anonymous_49)
FNDA:0,(anonymous_50)
FNDA:0,(anonymous_51)
FNDA:0,(anonymous_52)
DA:4,0
DA:5,0
DA:13,0
DA:14,0
DA:16,0
DA:17,0
DA:20,0
DA:21,0
DA:22,0
DA:23,0
DA:25,0
DA:33,0
DA:35,0
DA:39,0
DA:40,0
DA:41,0
DA:42,0
DA:44,0
DA:45,0
DA:52,0
DA:56,0
DA:57,0
DA:58,0
DA:60,0
DA:65,0
DA:66,0
DA:72,0
DA:73,0
DA:76,0
DA:80,0
DA:81,0
DA:82,0
DA:84,0
DA:89,0
DA:90,0
DA:96,0
DA:100,0
DA:101,0
DA:102,0
DA:103,0
DA:105,0
DA:107,0
DA:111,0
DA:112,0
DA:120,0
DA:121,0
DA:122,0
DA:123,0
DA:125,0
DA:129,0
DA:130,0
DA:131,0
DA:132,0
DA:137,0
DA:141,0
DA:142,0
DA:143,0
DA:144,0
DA:150,0
DA:154,0
DA:155,0
DA:156,0
DA:157,0
DA:159,0
DA:160,0
DA:164,0
DA:165,0
DA:166,0
DA:168,0
DA:169,0
DA:178,0
DA:179,0
DA:180,0
DA:182,0
DA:183,0
DA:187,0
DA:188,0
DA:194,0
DA:195,0
DA:196,0
DA:197,0
DA:198,0
DA:202,0
DA:203,0
DA:204,0
DA:206,0
DA:207,0
DA:208,0
DA:213,0
DA:214,0
DA:217,0
DA:250,0
DA:251,0
DA:253,0
DA:254,0
DA:264,0
DA:265,0
DA:266,0
DA:271,0
DA:272,0
DA:275,0
DA:283,0
DA:284,0
DA:285,0
DA:287,0
DA:288,0
DA:289,0
DA:290,0
DA:291,0
DA:292,0
DA:294,0
DA:295,0
DA:297,0
DA:301,0
DA:302,0
DA:305,0
DA:306,0
DA:309,0
DA:310,0
DA:313,0
DA:314,0
DA:315,0
DA:316,0
DA:317,0
DA:318,0
DA:320,0
DA:322,0
DA:323,0
DA:325,0
DA:329,0
DA:330,0
DA:333,0
DA:345,0
DA:346,0
DA:347,0
DA:348,0
DA:350,0
DA:351,0
DA:352,0
DA:353,0
DA:354,0
DA:355,0
DA:357,0
DA:358,0
DA:360,0
DA:364,0
DA:365,0
DA:368,0
DA:369,0
DA:372,0
DA:373,0
DA:374,0
DA:376,0
DA:377,0
DA:381,0
DA:382,0
DA:385,0
DA:386,0
DA:387,0
DA:389,0
DA:390,0
DA:394,0
DA:395,0
DA:398,0
DA:412,0
DA:413,0
DA:421,0
DA:427,0
DA:429,0
DA:430,0
DA:431,0
DA:432,0
DA:437,0
DA:438,0
DA:440,0
DA:442,0
DA:446,0
DA:447,0
DA:448,0
DA:449,0
DA:450,0
DA:452,0
DA:456,0
DA:457,0
DA:458,0
DA:459,0
DA:460,0
DA:462,0
DA:464,0
DA:468,0
DA:469,0
DA:472,0
DA:473,0
DA:476,0
LF:194
LH:0
BRDA:4,0,0,0
BRDA:4,1,0,0
BRDA:27,2,0,0
BRDA:27,2,1,0
BRDA:28,3,0,0
BRDA:28,3,1,0
BRDA:39,4,0,0
BRDA:42,5,0,0
BRDA:42,5,1,0
BRDA:42,6,0,0
BRDA:42,6,1,0
BRDA:58,7,0,0
BRDA:58,7,1,0
BRDA:58,8,0,0
BRDA:58,8,1,0
BRDA:65,9,0,0
BRDA:65,9,1,0
BRDA:82,10,0,0
BRDA:82,10,1,0
BRDA:82,11,0,0
BRDA:82,11,1,0
BRDA:89,12,0,0
BRDA:89,12,1,0
BRDA:102,13,0,0
BRDA:102,13,1,0
BRDA:154,14,0,0
BRDA:156,15,0,0
BRDA:156,15,1,0
BRDA:178,16,0,0
BRDA:204,17,0,0
BRDA:204,17,1,0
BRDA:258,18,0,0
BRDA:258,18,1,0
BRDA:260,19,0,0
BRDA:260,19,1,0
BRDA:264,20,0,0
BRDA:264,20,1,0
BRDA:264,21,0,0
BRDA:264,21,1,0
BRDA:283,22,0,0
BRDA:317,23,0,0
BRDA:317,23,1,0
BRF:42
BRH:0
end_of_record
TN:
SF:src\services\acoustic\AcousticEngine.js
FN:8,(anonymous_0)
FN:26,(anonymous_1)
FN:54,(anonymous_2)
FN:58,(anonymous_3)
FN:98,(anonymous_4)
FN:114,(anonymous_5)
FN:141,(anonymous_6)
FN:171,(anonymous_7)
FN:172,(anonymous_8)
FN:184,(anonymous_9)
FN:188,(anonymous_10)
FN:200,(anonymous_11)
FN:216,(anonymous_12)
FN:245,(anonymous_13)
FN:249,(anonymous_14)
FN:262,(anonymous_15)
FN:278,(anonymous_16)
FN:292,(anonymous_17)
FN:317,(anonymous_18)
FN:325,(anonymous_19)
FN:326,(anonymous_20)
FN:334,(anonymous_21)
FN:338,(anonymous_22)
FN:354,(anonymous_23)
FN:362,(anonymous_24)
FN:372,(anonymous_25)
FNF:26
FNH:0
FNDA:0,(anonymous_0)
FNDA:0,(anonymous_1)
FNDA:0,(anonymous_2)
FNDA:0,(anonymous_3)
FNDA:0,(anonymous_4)
FNDA:0,(anonymous_5)
FNDA:0,(anonymous_6)
FNDA:0,(anonymous_7)
FNDA:0,(anonymous_8)
FNDA:0,(anonymous_9)
FNDA:0,(anonymous_10)
FNDA:0,(anonymous_11)
FNDA:0,(anonymous_12)
FNDA:0,(anonymous_13)
FNDA:0,(anonymous_14)
FNDA:0,(anonymous_15)
FNDA:0,(anonymous_16)
FNDA:0,(anonymous_17)
FNDA:0,(anonymous_18)
FNDA:0,(anonymous_19)
FNDA:0,(anonymous_20)
FNDA:0,(anonymous_21)
FNDA:0,(anonymous_22)
FNDA:0,(anonymous_23)
FNDA:0,(anonymous_24)
FNDA:0,(anonymous_25)
DA:10,0
DA:11,0
DA:14,0
DA:15,0
DA:18,0
DA:19,0
DA:27,0
DA:28,0
DA:29,0
DA:33,0
DA:35,0
DA:38,0
DA:39,0
DA:40,0
DA:42,0
DA:47,0
DA:55,0
DA:57,0
DA:58,0
DA:59,0
DA:62,0
DA:65,0
DA:66,0
DA:67,0
DA:68,0
DA:69,0
DA:79,0
DA:90,0
DA:91,0
DA:99,0
DA:101,0
DA:104,0
DA:105,0
DA:108,0
DA:111,0
DA:114,0
DA:122,0
DA:134,0
DA:142,0
DA:144,0
DA:145,0
DA:146,0
DA:148,0
DA:149,0
DA:150,0
DA:152,0
DA:153,0
DA:156,0
DA:165,0
DA:172,0
DA:175,0
DA:176,0
DA:178,0
DA:185,0
DA:186,0
DA:188,0
DA:189,0
DA:190,0
DA:191,0
DA:194,0
DA:202,0
DA:205,0
DA:208,0
DA:210,0
DA:217,0
DA:220,0
DA:223,0
DA:224,0
DA:227,0
DA:228,0
DA:229,0
DA:233,0
DA:234,0
DA:235,0
DA:239,0
DA:246,0
DA:247,0
DA:249,0
DA:250,0
DA:251,0
DA:252,0
DA:255,0
DA:256,0
DA:264,0
DA:267,0
DA:268,0
DA:269,0
DA:272,0
DA:280,0
DA:283,0
DA:284,0
DA:286,0
DA:293,0
DA:296,0
DA:299,0
DA:300,0
DA:303,0
DA:304,0
DA:306,0
DA:318,0
DA:319,0
DA:326,0
DA:327,0
DA:335,0
DA:336,0
DA:338,0
DA:339,0
DA:340,0
DA:345,0
DA:348,0
DA:355,0
DA:356,0
DA:363,0
DA:365,0
DA:366,0
DA:373,0
DA:374,0
DA:378,0
DA:379,0
DA:380,0
DA:384,0
DA:385,0
DA:386,0
DA:387,0
DA:388,0
DA:392,0
DA:397,0
LF:127
LH:0
BRDA:26,0,0,0
BRDA:28,1,0,0
BRDA:28,1,1,0
BRDA:28,2,0,0
BRDA:28,2,1,0
BRDA:38,3,0,0
BRDA:38,3,1,0
BRDA:68,4,0,0
BRDA:68,4,1,0
BRDA:68,5,0,0
BRDA:68,5,1,0
BRDA:152,6,0,0
BRDA:152,6,1,0
BRDA:152,7,0,0
BRDA:152,7,1,0
BRDA:152,7,2,0
BRDA:227,8,0,0
BRDA:227,8,1,0
BRDA:234,9,0,0
BRDA:234,9,1,0
BRDA:268,10,0,0
BRDA:268,10,1,0
BRDA:363,11,0,0
BRDA:363,11,1,0
BRDA:373,12,0,0
BRDA:373,12,1,0
BRDA:373,13,0,0
BRDA:373,13,1,0
BRDA:379,14,0,0
BRDA:379,14,1,0
BRDA:379,15,0,0
BRDA:379,15,1,0
BRDA:387,16,0,0
BRDA:387,16,1,0
BRF:34
BRH:0
end_of_record
TN:
SF:src\services\ai\DidgeridooAI.js
FN:10,(anonymous_0)
FN:80,(anonymous_1)
FN:102,(anonymous_2)
FN:116,(anonymous_3)
FN:131,(anonymous_4)
FN:143,(anonymous_5)
FN:179,(anonymous_6)
FN:185,(anonymous_7)
FN:188,(anonymous_8)
FN:217,(anonymous_9)
FN:219,(anonymous_10)
FN:224,(anonymous_11)
FN:234,(anonymous_12)
FN:269,(anonymous_13)
FN:286,(anonymous_14)
FN:312,(anonymous_15)
FN:321,(anonymous_16)
FN:328,(anonymous_17)
FN:332,(anonymous_18)
FN:349,(anonymous_19)
FN:354,(anonymous_20)
FN:367,(anonymous_21)
FN:377,(anonymous_22)
FN:391,(anonymous_23)
FN:423,(anonymous_24)
FN:433,(anonymous_25)
FN:446,(anonymous_26)
FN:453,(anonymous_27)
FN:456,(anonymous_28)
FN:462,(anonymous_29)
FN:490,(anonymous_30)
FN:498,(anonymous_31)
FN:544,(anonymous_32)
FN:550,(anonymous_33)
FN:595,(anonymous_34)
FNF:35
FNH:0
FNDA:0,(anonymous_0)
FNDA:0,(anonymous_1)
FNDA:0,(anonymous_2)
FNDA:0,(anonymous_3)
FNDA:0,(anonymous_4)
FNDA:0,(anonymous_5)
FNDA:0,(anonymous_6)
FNDA:0,(anonymous_7)
FNDA:0,(anonymous_8)
FNDA:0,(anonymous_9)
FNDA:0,(anonymous_10)
FNDA:0,(anonymous_11)
FNDA:0,(anonymous_12)
FNDA:0,(anonymous_13)
FNDA:0,(anonymous_14)
FNDA:0,(anonymous_15)
FNDA:0,(anonymous_16)
FNDA:0,(anonymous_17)
FNDA:0,(anonymous_18)
FNDA:0,(anonymous_19)
FNDA:0,(anonymous_20)
FNDA:0,(anonymous_21)
FNDA:0,(anonymous_22)
FNDA:0,(anonymous_23)
FNDA:0,(anonymous_24)
FNDA:0,(anonymous_25)
FNDA:0,(anonymous_26)
FNDA:0,(anonymous_27)
FNDA:0,(anonymous_28)
FNDA:0,(anonymous_29)
FNDA:0,(anonymous_30)
FNDA:0,(anonymous_31)
FNDA:0,(anonymous_32)
FNDA:0,(anonymous_33)
FNDA:0,(anonymous_34)
DA:11,0
DA:12,0
DA:19,0
DA:35,0
DA:74,0
DA:81,0
DA:83,0
DA:84,0
DA:87,0
DA:88,0
DA:89,0
DA:91,0
DA:92,0
DA:94,0
DA:95,0
DA:104,0
DA:118,0
DA:133,0
DA:144,0
DA:145,0
DA:148,0
DA:149,0
DA:151,0
DA:163,0
DA:166,0
DA:169,0
DA:172,0
DA:175,0
DA:176,0
DA:179,0
DA:185,0
DA:188,0
DA:195,0
DA:197,0
DA:205,0
DA:206,0
DA:218,0
DA:220,0
DA:221,0
DA:222,0
DA:224,0
DA:235,0
DA:236,0
DA:239,0
DA:240,0
DA:243,0
DA:244,0
DA:245,0
DA:248,0
DA:250,0
DA:263,0
DA:271,0
DA:274,0
DA:275,0
DA:278,0
DA:280,0
DA:287,0
DA:290,0
DA:297,0
DA:298,0
DA:300,0
DA:301,0
DA:302,0
DA:303,0
DA:306,0
DA:313,0
DA:314,0
DA:316,0
DA:317,0
DA:319,0
DA:321,0
DA:329,0
DA:332,0
DA:333,0
DA:335,0
DA:340,0
DA:341,0
DA:343,0
DA:350,0
DA:351,0
DA:354,0
DA:355,0
DA:356,0
DA:359,0
DA:360,0
DA:361,0
DA:362,0
DA:363,0
DA:364,0
DA:367,0
DA:368,0
DA:371,0
DA:378,0
DA:385,0
DA:392,0
DA:395,0
DA:396,0
DA:397,0
DA:399,0
DA:403,0
DA:406,0
DA:407,0
DA:410,0
DA:411,0
DA:414,0
DA:415,0
DA:417,0
DA:424,0
DA:427,0
DA:434,0
DA:435,0
DA:437,0
DA:438,0
DA:440,0
DA:447,0
DA:449,0
DA:450,0
DA:452,0
DA:453,0
DA:456,0
DA:457,0
DA:458,0
DA:461,0
DA:462,0
DA:467,0
DA:483,0
DA:491,0
DA:494,0
DA:495,0
DA:497,0
DA:498,0
DA:499,0
DA:502,0
DA:503,0
DA:504,0
DA:505,0
DA:506,0
DA:507,0
DA:508,0
DA:512,0
DA:513,0
DA:516,0
DA:517,0
DA:520,0
DA:521,0
DA:525,0
DA:526,0
DA:533,0
DA:534,0
DA:538,0
DA:546,0
DA:547,0
DA:549,0
DA:550,0
DA:553,0
DA:556,0
DA:559,0
DA:562,0
DA:563,0
DA:566,0
DA:573,0
DA:574,0
DA:577,0
DA:578,0
DA:580,0
DA:596,0
DA:597,0
DA:598,0
DA:600,0
DA:601,0
DA:603,0
DA:611,0
DA:619,0
LF:173
LH:0
BRDA:81,0,0,0
BRDA:81,0,1,0
BRDA:144,1,0,0
BRDA:144,1,1,0
BRDA:155,2,0,0
BRDA:156,3,0,0
BRDA:157,4,0,0
BRDA:158,5,0,0
BRDA:159,6,0,0
BRDA:160,7,0,0
BRDA:161,8,0,0
BRDA:162,9,0,0
BRDA:166,10,0,0
BRDA:166,10,1,0
BRDA:182,11,0,0
BRDA:182,11,1,0
BRDA:220,12,0,0
BRDA:220,12,1,0
BRDA:221,13,0,0
BRDA:221,13,1,0
BRDA:222,14,0,0
BRDA:222,14,1,0
BRDA:275,15,0,0
BRDA:275,15,1,0
BRDA:297,16,0,0
BRDA:297,16,1,0
BRDA:316,17,0,0
BRDA:316,17,1,0
BRDA:317,18,0,0
BRDA:317,18,1,0
BRDA:359,19,0,0
BRDA:359,19,1,0
BRDA:360,20,0,0
BRDA:360,20,1,0
BRDA:361,21,0,0
BRDA:361,21,1,0
BRDA:362,22,0,0
BRDA:362,22,1,0
BRDA:363,23,0,0
BRDA:363,23,1,0
BRDA:364,24,0,0
BRDA:364,24,1,0
BRDA:367,25,0,0
BRDA:367,25,1,0
BRDA:385,26,0,0
BRDA:385,26,1,0
BRDA:395,27,0,0
BRDA:395,27,1,0
BRDA:396,28,0,0
BRDA:396,28,1,0
BRDA:403,29,0,0
BRDA:403,29,1,0
BRDA:406,30,0,0
BRDA:406,30,1,0
BRDA:410,31,0,0
BRDA:410,31,1,0
BRDA:414,32,0,0
BRDA:414,32,1,0
BRDA:424,33,0,0
BRDA:424,33,1,0
BRDA:425,34,0,0
BRDA:425,34,1,0
BRDA:435,35,0,0
BRDA:435,35,1,0
BRDA:438,36,0,0
BRDA:438,36,1,0
BRDA:438,37,0,0
BRDA:438,37,1,0
BRDA:450,38,0,0
BRDA:450,38,1,0
BRDA:461,39,0,0
BRDA:461,39,1,0
BRDA:477,40,0,0
BRDA:477,40,1,0
BRDA:478,41,0,0
BRDA:478,41,1,0
BRDA:478,42,0,0
BRDA:478,42,1,0
BRDA:479,43,0,0
BRDA:479,43,1,0
BRDA:495,44,0,0
BRDA:495,44,1,0
BRDA:502,45,0,0
BRDA:502,45,1,0
BRDA:506,46,0,0
BRDA:506,46,1,0
BRDA:512,47,0,0
BRDA:512,47,1,0
BRDA:516,48,0,0
BRDA:516,48,1,0
BRDA:520,49,0,0
BRDA:520,49,1,0
BRDA:525,50,0,0
BRDA:525,50,1,0
BRDA:533,51,0,0
BRDA:533,51,1,0
BRDA:547,52,0,0
BRDA:547,52,1,0
BRDA:573,53,0,0
BRDA:573,53,1,0
BRDA:578,54,0,0
BRDA:578,54,1,0
BRF:102
BRH:0
end_of_record
TN:
SF:src\services\audio\AudioEngine.js
FN:6,(anonymous_0)
FN:12,(anonymous_1)
FN:32,(anonymous_2)
FN:38,(anonymous_3)
FN:49,(anonymous_4)
FN:63,(anonymous_5)
FN:101,(anonymous_6)
FN:115,(anonymous_7)
FN:129,(anonymous_8)
FN:179,(anonymous_9)
FN:189,(anonymous_10)
FN:208,(anonymous_11)
FN:220,(anonymous_12)
FN:227,(anonymous_13)
FN:228,(anonymous_14)
FN:251,(anonymous_15)
FN:259,(anonymous_16)
FN:266,(anonymous_17)
FN:298,(anonymous_18)
FN:314,(anonymous_19)
FN:315,(anonymous_20)
FN:325,(anonymous_21)
FNF:22
FNH:0
FNDA:0,(anonymous_0)
FNDA:0,(anonymous_1)
FNDA:0,(anonymous_2)
FNDA:0,(anonymous_3)
FNDA:0,(anonymous_4)
FNDA:0,(anonymous_5)
FNDA:0,(anonymous_6)
FNDA:0,(anonymous_7)
FNDA:0,(anonymous_8)
FNDA:0,(anonymous_9)
FNDA:0,(anonymous_10)
FNDA:0,(anonymous_11)
FNDA:0,(anonymous_12)
FNDA:0,(anonymous_13)
FNDA:0,(anonymous_14)
FNDA:0,(anonymous_15)
FNDA:0,(anonymous_16)
FNDA:0,(anonymous_17)
FNDA:0,(anonymous_18)
FNDA:0,(anonymous_19)
FNDA:0,(anonymous_20)
FNDA:0,(anonymous_21)
DA:7,0
DA:8,0
DA:9,0
DA:13,0
DA:15,0
DA:16,0
DA:17,0
DA:19,0
DA:23,0
DA:24,0
DA:26,0
DA:28,0
DA:33,0
DA:34,0
DA:36,0
DA:38,0
DA:42,0
DA:43,0
DA:46,0
DA:49,0
DA:50,0
DA:51,0
DA:56,0
DA:59,0
DA:64,0
DA:66,0
DA:67,0
DA:68,0
DA:71,0
DA:72,0
DA:75,0
DA:76,0
DA:77,0
DA:80,0
DA:81,0
DA:82,0
DA:83,0
DA:84,0
DA:87,0
DA:88,0
DA:89,0
DA:92,0
DA:93,0
DA:95,0
DA:98,0
DA:102,0
DA:103,0
DA:107,0
DA:110,0
DA:112,0
DA:113,0
DA:114,0
DA:115,0
DA:116,0
DA:124,0
DA:130,0
DA:131,0
DA:134,0
DA:137,0
DA:138,0
DA:139,0
DA:142,0
DA:143,0
DA:145,0
DA:147,0
DA:153,0
DA:154,0
DA:156,0
DA:163,0
DA:166,0
DA:174,0
DA:178,0
DA:179,0
DA:180,0
DA:181,0
DA:183,0
DA:189,0
DA:190,0
DA:194,0
DA:203,0
DA:204,0
DA:209,0
DA:210,0
DA:212,0
DA:213,0
DA:214,0
DA:216,0
DA:221,0
DA:222,0
DA:224,0
DA:225,0
DA:227,0
DA:228,0
DA:229,0
DA:230,0
DA:232,0
DA:233,0
DA:235,0
DA:236,0
DA:237,0
DA:238,0
DA:239,0
DA:241,0
DA:242,0
DA:244,0
DA:245,0
DA:247,0
DA:251,0
DA:252,0
DA:255,0
DA:260,0
DA:261,0
DA:263,0
DA:264,0
DA:266,0
DA:267,0
DA:268,0
DA:270,0
DA:271,0
DA:273,0
DA:275,0
DA:276,0
DA:277,0
DA:278,0
DA:279,0
DA:281,0
DA:282,0
DA:284,0
DA:285,0
DA:287,0
DA:290,0
DA:291,0
DA:294,0
DA:299,0
DA:301,0
DA:302,0
DA:304,0
DA:305,0
DA:306,0
DA:307,0
DA:315,0
DA:316,0
DA:317,0
DA:322,0
DA:327,0
DA:332,0
LF:146
LH:0
BRDA:15,0,0,0
BRDA:15,0,1,0
BRDA:15,1,0,0
BRDA:15,1,1,0
BRDA:17,2,0,0
BRDA:17,2,1,0
BRDA:32,3,0,0
BRDA:32,4,0,0
BRDA:32,5,0,0
BRDA:42,6,0,0
BRDA:42,6,1,0
BRDA:64,7,0,0
BRDA:64,7,1,0
BRDA:117,8,0,0
BRDA:117,8,1,0
BRDA:118,9,0,0
BRDA:118,9,1,0
BRDA:138,10,0,0
BRDA:138,10,1,0
BRDA:145,11,0,0
BRDA:145,11,1,0
BRDA:154,12,0,0
BRDA:154,12,1,0
BRDA:190,13,0,0
BRDA:190,13,1,0
BRDA:191,14,0,0
BRDA:191,14,1,0
BRDA:220,15,0,0
BRDA:220,16,0,0
BRDA:224,17,0,0
BRDA:224,17,1,0
BRDA:259,18,0,0
BRDA:259,19,0,0
BRDA:263,20,0,0
BRDA:263,20,1,0
BRDA:270,21,0,0
BRDA:270,21,1,0
BRDA:273,22,0,0
BRDA:273,22,1,0
BRDA:299,23,0,0
BRDA:299,23,1,0
BRF:41
BRH:0
end_of_record
TN:
SF:src\services\crashReporting\SentryConfig.js
FN:9,(anonymous_0)
FN:17,(anonymous_1)
FN:58,(anonymous_2)
FN:82,(anonymous_3)
FN:131,(anonymous_4)
FN:138,(anonymous_5)
FN:141,(anonymous_6)
FN:147,(anonymous_7)
FN:172,(anonymous_8)
FN:179,(anonymous_9)
FN:183,(anonymous_10)
FN:189,(anonymous_11)
FN:206,(anonymous_12)
FN:224,(anonymous_13)
FN:240,(anonymous_14)
FN:255,(anonymous_15)
FN:270,(anonymous_16)
FN:278,(anonymous_17)
FN:285,(anonymous_18)
FNF:19
FNH:0
FNDA:0,(anonymous_0)
FNDA:0,(anonymous_1)
FNDA:0,(anonymous_2)
FNDA:0,(anonymous_3)
FNDA:0,(anonymous_4)
FNDA:0,(anonymous_5)
FNDA:0,(anonymous_6)
FNDA:0,(anonymous_7)
FNDA:0,(anonymous_8)
FNDA:0,(anonymous_9)
FNDA:0,(anonymous_10)
FNDA:0,(anonymous_11)
FNDA:0,(anonymous_12)
FNDA:0,(anonymous_13)
FNDA:0,(anonymous_14)
FNDA:0,(anonymous_15)
FNDA:0,(anonymous_16)
FNDA:0,(anonymous_17)
FNDA:0,(anonymous_18)
DA:10,0
DA:11,0
DA:18,0
DA:19,0
DA:20,0
DA:23,0
DA:59,0
DA:60,0
DA:64,0
DA:65,0
DA:66,0
DA:68,0
DA:69,0
DA:73,0
DA:78,0
DA:83,0
DA:84,0
DA:88,0
DA:89,0
DA:92,0
DA:107,0
DA:109,0
DA:110,0
DA:111,0
DA:112,0
DA:114,0
DA:119,0
DA:120,0
DA:123,0
DA:124,0
DA:132,0
DA:133,0
DA:134,0
DA:137,0
DA:138,0
DA:140,0
DA:141,0
DA:142,0
DA:146,0
DA:147,0
DA:148,0
DA:152,0
DA:153,0
DA:156,0
DA:157,0
DA:160,0
DA:163,0
DA:165,0
DA:173,0
DA:174,0
DA:175,0
DA:178,0
DA:179,0
DA:180,0
DA:182,0
DA:183,0
DA:184,0
DA:188,0
DA:189,0
DA:190,0
DA:194,0
DA:197,0
DA:199,0
DA:207,0
DA:208,0
DA:211,0
DA:212,0
DA:217,0
DA:225,0
DA:226,0
DA:229,0
DA:230,0
DA:231,0
DA:233,0
DA:241,0
DA:242,0
DA:245,0
DA:246,0
DA:248,0
DA:256,0
DA:257,0
DA:260,0
DA:261,0
DA:263,0
DA:271,0
DA:272,0
DA:279,0
DA:286,0
DA:287,0
DA:290,0
DA:291,0
DA:292,0
DA:294,0
DA:300,0
DA:316,0
LF:95
LH:0
BRDA:17,0,0,0
BRDA:18,1,0,0
BRDA:18,1,1,0
BRDA:25,2,0,0
BRDA:25,2,1,0
BRDA:28,3,0,0
BRDA:28,3,1,0
BRDA:45,4,0,0
BRDA:45,4,1,0
BRDA:59,5,0,0
BRDA:59,5,1,0
BRDA:64,6,0,0
BRDA:64,6,1,0
BRDA:66,7,0,0
BRDA:66,7,1,0
BRDA:66,8,0,0
BRDA:66,8,1,0
BRDA:83,9,0,0
BRDA:83,9,1,0
BRDA:88,10,0,0
BRDA:88,10,1,0
BRDA:88,11,0,0
BRDA:88,11,1,0
BRDA:109,12,0,0
BRDA:109,12,1,0
BRDA:131,13,0,0
BRDA:132,14,0,0
BRDA:132,14,1,0
BRDA:132,15,0,0
BRDA:132,15,1,0
BRDA:140,16,0,0
BRDA:140,16,1,0
BRDA:146,17,0,0
BRDA:146,17,1,0
BRDA:152,18,0,0
BRDA:152,18,1,0
BRDA:156,19,0,0
BRDA:156,19,1,0
BRDA:172,20,0,0
BRDA:172,21,0,0
BRDA:173,22,0,0
BRDA:173,22,1,0
BRDA:173,23,0,0
BRDA:173,23,1,0
BRDA:182,24,0,0
BRDA:182,24,1,0
BRDA:188,25,0,0
BRDA:188,25,1,0
BRDA:207,26,0,0
BRDA:207,26,1,0
BRDA:207,27,0,0
BRDA:207,27,1,0
BRDA:225,28,0,0
BRDA:225,28,1,0
BRDA:225,29,0,0
BRDA:225,29,1,0
BRDA:241,30,0,0
BRDA:241,30,1,0
BRDA:241,31,0,0
BRDA:241,31,1,0
BRDA:256,32,0,0
BRDA:256,32,1,0
BRDA:256,33,0,0
BRDA:256,33,1,0
BRDA:272,34,0,0
BRDA:272,34,1,0
BRDA:279,35,0,0
BRDA:279,35,1,0
BRDA:285,36,0,0
BRDA:286,37,0,0
BRDA:286,37,1,0
BRDA:286,38,0,0
BRDA:286,38,1,0
BRF:73
BRH:0
end_of_record
TN:
SF:src\services\export\ExportManager.js
FN:8,(anonymous_0)
FN:48,(anonymous_1)
FN:290,(anonymous_2)
FN:306,(anonymous_3)
FN:377,(anonymous_4)
FN:461,(anonymous_5)
FN:485,(anonymous_6)
FN:507,(anonymous_7)
FN:522,(anonymous_8)
FN:569,(anonymous_9)
FN:595,(anonymous_10)
FN:656,(anonymous_11)
FN:673,(anonymous_12)
FN:684,(anonymous_13)
FN:685,(anonymous_14)
FN:686,(anonymous_15)
FN:686,(anonymous_16)
FN:691,(anonymous_17)
FN:697,(anonymous_18)
FN:710,(anonymous_19)
FN:713,(anonymous_20)
FN:722,(anonymous_21)
FN:761,(anonymous_22)
FN:773,(anonymous_23)
FN:797,(anonymous_24)
FN:812,(anonymous_25)
FN:812,(anonymous_26)
FN:844,(anonymous_27)
FN:852,(anonymous_28)
FN:860,(anonymous_29)
FN:872,(anonymous_30)
FN:884,(anonymous_31)
FN:900,(anonymous_32)
FN:911,(anonymous_33)
FNF:34
FNH:0
FNDA:0,(anonymous_0)
FNDA:0,(anonymous_1)
FNDA:0,(anonymous_2)
FNDA:0,(anonymous_3)
FNDA:0,(anonymous_4)
FNDA:0,(anonymous_5)
FNDA:0,(anonymous_6)
FNDA:0,(anonymous_7)
FNDA:0,(anonymous_8)
FNDA:0,(anonymous_9)
FNDA:0,(anonymous_10)
FNDA:0,(anonymous_11)
FNDA:0,(anonymous_12)
FNDA:0,(anonymous_13)
FNDA:0,(anonymous_14)
FNDA:0,(anonymous_15)
FNDA:0,(anonymous_16)
FNDA:0,(anonymous_17)
FNDA:0,(anonymous_18)
FNDA:0,(anonymous_19)
FNDA:0,(anonymous_20)
FNDA:0,(anonymous_21)
FNDA:0,(anonymous_22)
FNDA:0,(anonymous_23)
FNDA:0,(anonymous_24)
FNDA:0,(anonymous_25)
FNDA:0,(anonymous_26)
FNDA:0,(anonymous_27)
FNDA:0,(anonymous_28)
FNDA:0,(anonymous_29)
FNDA:0,(anonymous_30)
FNDA:0,(anonymous_31)
FNDA:0,(anonymous_32)
FNDA:0,(anonymous_33)
DA:9,0
DA:16,0
DA:19,0
DA:29,0
DA:30,0
DA:32,0
DA:34,0
DA:35,0
DA:41,0
DA:43,0
DA:44,0
DA:49,0
DA:51,0
DA:59,0
DA:263,0
DA:289,0
DA:290,0
DA:291,0
DA:306,0
DA:307,0
DA:308,0
DA:309,0
DA:310,0
DA:311,0
DA:313,0
DA:324,0
DA:332,0
DA:333,0
DA:334,0
DA:335,0
DA:336,0
DA:338,0
DA:377,0
DA:378,0
DA:379,0
DA:383,0
DA:396,0
DA:404,0
DA:405,0
DA:431,0
DA:432,0
DA:443,0
DA:458,0
DA:462,0
DA:471,0
DA:473,0
DA:474,0
DA:477,0
DA:478,0
DA:481,0
DA:483,0
DA:484,0
DA:485,0
DA:490,0
DA:491,0
DA:497,0
DA:504,0
DA:505,0
DA:506,0
DA:507,0
DA:512,0
DA:519,0
DA:520,0
DA:521,0
DA:522,0
DA:527,0
DA:536,0
DA:538,0
DA:539,0
DA:540,0
DA:547,0
DA:554,0
DA:555,0
DA:562,0
DA:564,0
DA:565,0
DA:570,0
DA:571,0
DA:575,0
DA:578,0
DA:587,0
DA:588,0
DA:590,0
DA:591,0
DA:596,0
DA:603,0
DA:605,0
DA:620,0
DA:622,0
DA:623,0
DA:624,0
DA:625,0
DA:627,0
DA:628,0
DA:629,0
DA:630,0
DA:632,0
DA:633,0
DA:634,0
DA:637,0
DA:638,0
DA:640,0
DA:642,0
DA:643,0
DA:649,0
DA:651,0
DA:652,0
DA:657,0
DA:658,0
DA:661,0
DA:662,0
DA:664,0
DA:673,0
DA:684,0
DA:685,0
DA:686,0
DA:692,0
DA:694,0
DA:695,0
DA:697,0
DA:698,0
DA:699,0
DA:700,0
DA:701,0
DA:703,0
DA:704,0
DA:707,0
DA:711,0
DA:713,0
DA:714,0
DA:716,0
DA:717,0
DA:718,0
DA:719,0
DA:723,0
DA:725,0
DA:726,0
DA:732,0
DA:735,0
DA:736,0
DA:739,0
DA:740,0
DA:751,0
DA:752,0
DA:761,0
DA:762,0
DA:763,0
DA:772,0
DA:773,0
DA:774,0
DA:775,0
DA:785,0
DA:786,0
DA:794,0
DA:798,0
DA:805,0
DA:806,0
DA:807,0
DA:812,0
DA:816,0
DA:817,0
DA:825,0
DA:826,0
DA:834,0
DA:841,0
DA:845,0
DA:846,0
DA:847,0
DA:848,0
DA:849,0
DA:853,0
DA:854,0
DA:855,0
DA:856,0
DA:857,0
DA:863,0
DA:875,0
DA:885,0
DA:888,0
DA:889,0
DA:892,0
DA:893,0
DA:894,0
DA:895,0
DA:899,0
DA:900,0
DA:901,0
DA:902,0
DA:903,0
DA:907,0
DA:912,0
DA:913,0
DA:915,0
DA:916,0
DA:917,0
DA:918,0
DA:920,0
DA:924,0
DA:926,0
DA:927,0
LF:200
LH:0
BRDA:8,0,0,0
BRDA:11,1,0,0
BRDA:12,2,0,0
BRDA:13,3,0,0
BRDA:14,4,0,0
BRDA:15,5,0,0
BRDA:34,6,0,0
BRDA:34,6,1,0
BRDA:269,7,0,0
BRDA:269,7,1,0
BRDA:273,8,0,0
BRDA:273,8,1,0
BRDA:277,9,0,0
BRDA:277,9,1,0
BRDA:281,10,0,0
BRDA:281,10,1,0
BRDA:284,11,0,0
BRDA:284,11,1,0
BRDA:289,12,0,0
BRDA:289,12,1,0
BRDA:289,13,0,0
BRDA:289,13,1,0
BRDA:308,14,0,0
BRDA:308,14,1,0
BRDA:311,15,0,0
BRDA:311,15,1,0
BRDA:311,16,0,0
BRDA:311,16,1,0
BRDA:332,17,0,0
BRDA:332,17,1,0
BRDA:332,18,0,0
BRDA:332,18,1,0
BRDA:332,18,2,0
BRDA:334,19,0,0
BRDA:334,19,1,0
BRDA:335,20,0,0
BRDA:335,20,1,0
BRDA:336,21,0,0
BRDA:336,21,1,0
BRDA:378,22,0,0
BRDA:378,22,1,0
BRDA:379,23,0,0
BRDA:379,23,1,0
BRDA:380,24,0,0
BRDA:380,24,1,0
BRDA:381,25,0,0
BRDA:381,25,1,0
BRDA:384,26,0,0
BRDA:384,26,1,0
BRDA:385,27,0,0
BRDA:385,27,1,0
BRDA:389,28,0,0
BRDA:389,28,1,0
BRDA:389,29,0,0
BRDA:389,29,1,0
BRDA:389,30,0,0
BRDA:389,30,1,0
BRDA:391,31,0,0
BRDA:391,31,1,0
BRDA:391,32,0,0
BRDA:391,32,1,0
BRDA:391,33,0,0
BRDA:391,33,1,0
BRDA:404,34,0,0
BRDA:404,34,1,0
BRDA:411,35,0,0
BRDA:411,35,1,0
BRDA:415,36,0,0
BRDA:415,36,1,0
BRDA:419,37,0,0
BRDA:419,37,1,0
BRDA:423,38,0,0
BRDA:423,38,1,0
BRDA:431,39,0,0
BRDA:431,39,1,0
BRDA:431,40,0,0
BRDA:431,40,1,0
BRDA:461,41,0,0
BRDA:464,42,0,0
BRDA:465,43,0,0
BRDA:466,44,0,0
BRDA:467,45,0,0
BRDA:468,46,0,0
BRDA:469,47,0,0
BRDA:470,48,0,0
BRDA:473,49,0,0
BRDA:473,49,1,0
BRDA:473,50,0,0
BRDA:473,50,1,0
BRDA:483,51,0,0
BRDA:483,51,1,0
BRDA:487,52,0,0
BRDA:487,52,1,0
BRDA:504,53,0,0
BRDA:504,53,1,0
BRDA:519,54,0,0
BRDA:519,54,1,0
BRDA:536,55,0,0
BRDA:536,55,1,0
BRDA:539,56,0,0
BRDA:539,56,1,0
BRDA:554,57,0,0
BRDA:554,57,1,0
BRDA:595,58,0,0
BRDA:598,59,0,0
BRDA:599,60,0,0
BRDA:600,61,0,0
BRDA:601,62,0,0
BRDA:602,63,0,0
BRDA:608,64,0,0
BRDA:608,64,1,0
BRDA:609,65,0,0
BRDA:609,65,1,0
BRDA:610,66,0,0
BRDA:610,66,1,0
BRDA:620,67,0,0
BRDA:620,67,1,0
BRDA:620,67,2,0
BRDA:642,68,0,0
BRDA:642,68,1,0
BRDA:657,69,0,0
BRDA:657,69,1,0
BRDA:657,70,0,0
BRDA:657,70,1,0
BRDA:668,71,0,0
BRDA:668,71,1,0
BRDA:669,72,0,0
BRDA:669,72,1,0
BRDA:679,73,0,0
BRDA:679,73,1,0
BRDA:692,74,0,0
BRDA:692,74,1,0
BRDA:692,75,0,0
BRDA:692,75,1,0
BRDA:700,76,0,0
BRDA:700,76,1,0
BRDA:711,77,0,0
BRDA:711,77,1,0
BRDA:711,78,0,0
BRDA:711,78,1,0
BRDA:713,79,0,0
BRDA:713,79,1,0
BRDA:716,80,0,0
BRDA:716,80,1,0
BRDA:717,81,0,0
BRDA:717,81,1,0
BRDA:718,82,0,0
BRDA:718,82,1,0
BRDA:725,83,0,0
BRDA:725,83,1,0
BRDA:725,84,0,0
BRDA:725,84,1,0
BRDA:739,85,0,0
BRDA:739,85,1,0
BRDA:743,86,0,0
BRDA:743,86,1,0
BRDA:744,87,0,0
BRDA:744,87,1,0
BRDA:751,88,0,0
BRDA:751,88,1,0
BRDA:761,89,0,0
BRDA:761,89,1,0
BRDA:762,90,0,0
BRDA:762,90,1,0
BRDA:772,91,0,0
BRDA:772,91,1,0
BRDA:774,92,0,0
BRDA:774,92,1,0
BRDA:785,93,0,0
BRDA:785,93,1,0
BRDA:805,94,0,0
BRDA:805,94,1,0
BRDA:805,95,0,0
BRDA:805,95,1,0
BRDA:810,96,0,0
BRDA:810,96,1,0
BRDA:816,97,0,0
BRDA:816,97,1,0
BRDA:818,98,0,0
BRDA:818,98,1,0
BRDA:819,99,0,0
BRDA:819,99,1,0
BRDA:820,100,0,0
BRDA:820,100,1,0
BRDA:825,101,0,0
BRDA:825,101,1,0
BRDA:846,102,0,0
BRDA:846,102,1,0
BRDA:847,103,0,0
BRDA:847,103,1,0
BRDA:848,104,0,0
BRDA:848,104,1,0
BRDA:854,105,0,0
BRDA:854,105,1,0
BRDA:855,106,0,0
BRDA:855,106,1,0
BRDA:856,107,0,0
BRDA:856,107,1,0
BRDA:889,108,0,0
BRDA:889,108,1,0
BRDA:892,109,0,0
BRDA:892,109,1,0
BRDA:899,110,0,0
BRDA:899,110,1,0
BRDA:911,111,0,0
BRF:205
BRH:0
end_of_record
TN:
SF:src\services\i18n\LocalizationService.js
FN:9,(anonymous_0)
FN:427,(anonymous_1)
FN:446,(anonymous_2)
FN:460,(anonymous_3)
FN:480,(anonymous_4)
FN:487,(anonymous_5)
FN:497,(anonymous_6)
FN:504,(anonymous_7)
FN:514,(anonymous_8)
FN:521,(anonymous_9)
FN:528,(anonymous_10)
FN:535,(anonymous_11)
FN:547,(anonymous_12)
FNF:13
FNH:0
FNDA:0,(anonymous_0)
FNDA:0,(anonymous_1)
FNDA:0,(anonymous_2)
FNDA:0,(anonymous_3)
FNDA:0,(anonymous_4)
FNDA:0,(anonymous_5)
FNDA:0,(anonymous_6)
FNDA:0,(anonymous_7)
FNDA:0,(anonymous_8)
FNDA:0,(anonymous_9)
FNDA:0,(anonymous_10)
FNDA:0,(anonymous_11)
FNDA:0,(anonymous_12)
DA:10,0
DA:11,0
DA:428,0
DA:429,0
DA:430,0
DA:431,0
DA:434,0
DA:435,0
DA:438,0
DA:439,0
DA:449,0
DA:451,0
DA:452,0
DA:454,0
DA:461,0
DA:462,0
DA:463,0
DA:466,0
DA:468,0
DA:469,0
DA:470,0
DA:472,0
DA:473,0
DA:481,0
DA:488,0
DA:498,0
DA:503,0
DA:504,0
DA:505,0
DA:508,0
DA:515,0
DA:522,0
DA:529,0
DA:536,0
DA:537,0
DA:540,0
DA:548,0
DA:553,0
LF:38
LH:0
BRDA:430,0,0,0
BRDA:430,0,1,0
BRDA:430,1,0,0
BRDA:430,1,1,0
BRDA:435,2,0,0
BRDA:435,2,1,0
BRDA:451,3,0,0
BRDA:451,3,1,0
BRDA:452,4,0,0
BRDA:452,4,1,0
BRDA:461,5,0,0
BRDA:461,5,1,0
BRDA:497,6,0,0
BRDA:498,7,0,0
BRDA:498,7,1,0
BRDA:498,7,2,0
BRDA:535,8,0,0
BRDA:536,9,0,0
BRDA:536,9,1,0
BRDA:548,10,0,0
BRDA:548,10,1,0
BRF:21
BRH:0
end_of_record
TN:
SF:src\services\logging\Logger.js
FN:7,(anonymous_0)
FN:26,(anonymous_1)
FN:33,(anonymous_2)
FN:52,(anonymous_3)
FN:62,(anonymous_4)
FN:77,(anonymous_5)
FN:92,(anonymous_6)
FN:107,(anonymous_7)
FN:134,(anonymous_8)
FN:159,(anonymous_9)
FN:173,(anonymous_10)
FN:188,(anonymous_11)
FN:205,(anonymous_12)
FN:209,(anonymous_13)
FN:237,(anonymous_14)
FN:249,(anonymous_15)
FN:256,(anonymous_16)
FN:263,(anonymous_17)
FN:279,(anonymous_18)
FN:291,(anonymous_19)
FNF:20
FNH:0
FNDA:0,(anonymous_0)
FNDA:0,(anonymous_1)
FNDA:0,(anonymous_2)
FNDA:0,(anonymous_3)
FNDA:0,(anonymous_4)
FNDA:0,(anonymous_5)
FNDA:0,(anonymous_6)
FNDA:0,(anonymous_7)
FNDA:0,(anonymous_8)
FNDA:0,(anonymous_9)
FNDA:0,(anonymous_10)
FNDA:0,(anonymous_11)
FNDA:0,(anonymous_12)
FNDA:0,(anonymous_13)
FNDA:0,(anonymous_14)
FNDA:0,(anonymous_15)
FNDA:0,(anonymous_16)
FNDA:0,(anonymous_17)
FNDA:0,(anonymous_18)
FNDA:0,(anonymous_19)
DA:8,0
DA:9,0
DA:10,0
DA:11,0
DA:15,0
DA:27,0
DA:34,0
DA:35,0
DA:44,0
DA:46,0
DA:53,0
DA:54,0
DA:56,0
DA:63,0
DA:65,0
DA:67,0
DA:68,0
DA:71,0
DA:78,0
DA:80,0
DA:82,0
DA:83,0
DA:86,0
DA:93,0
DA:95,0
DA:97,0
DA:98,0
DA:101,0
DA:108,0
DA:110,0
DA:119,0
DA:121,0
DA:122,0
DA:126,0
DA:128,0
DA:135,0
DA:144,0
DA:146,0
DA:147,0
DA:151,0
DA:153,0
DA:160,0
DA:167,0
DA:174,0
DA:182,0
DA:189,0
DA:198,0
DA:199,0
DA:206,0
DA:207,0
DA:209,0
DA:210,0
DA:211,0
DA:212,0
DA:214,0
DA:218,0
DA:219,0
DA:221,0
DA:232,0
DA:238,0
DA:241,0
DA:250,0
DA:257,0
DA:264,0
DA:280,0
DA:281,0
DA:282,0
DA:284,0
DA:292,0
DA:293,0
DA:298,0
DA:312,0
LF:72
LH:0
BRDA:8,0,0,0
BRDA:8,0,1,0
BRDA:33,1,0,0
BRDA:53,2,0,0
BRDA:53,2,1,0
BRDA:62,3,0,0
BRDA:63,4,0,0
BRDA:63,4,1,0
BRDA:67,5,0,0
BRDA:67,5,1,0
BRDA:77,6,0,0
BRDA:78,7,0,0
BRDA:78,7,1,0
BRDA:82,8,0,0
BRDA:82,8,1,0
BRDA:92,9,0,0
BRDA:93,10,0,0
BRDA:93,10,1,0
BRDA:97,11,0,0
BRDA:97,11,1,0
BRDA:107,12,0,0
BRDA:107,13,0,0
BRDA:108,14,0,0
BRDA:108,14,1,0
BRDA:112,15,0,0
BRDA:112,15,1,0
BRDA:121,16,0,0
BRDA:121,16,1,0
BRDA:134,17,0,0
BRDA:134,18,0,0
BRDA:137,19,0,0
BRDA:137,19,1,0
BRDA:146,20,0,0
BRDA:146,20,1,0
BRDA:159,21,0,0
BRDA:173,22,0,0
BRDA:173,23,0,0
BRDA:188,24,0,0
BRDA:198,25,0,0
BRDA:198,25,1,0
BRDA:206,26,0,0
BRDA:206,26,1,0
BRDA:210,27,0,0
BRDA:210,27,1,0
BRDA:212,28,0,0
BRDA:212,28,1,0
BRDA:214,29,0,0
BRDA:214,29,1,0
BRDA:216,30,0,0
BRDA:216,30,1,0
BRDA:218,31,0,0
BRDA:218,31,1,0
BRDA:219,32,0,0
BRDA:219,32,1,0
BRDA:249,33,0,0
BRDA:280,34,0,0
BRDA:280,34,1,0
BRDA:293,35,0,0
BRDA:293,35,1,0
BRF:59
BRH:0
end_of_record
TN:
SF:src\services\offline\OfflineManager.js
FN:77,(anonymous_0)
FN:107,(anonymous_1)
FN:128,(anonymous_2)
FN:154,(anonymous_3)
FN:179,(anonymous_4)
FN:185,(anonymous_5)
FN:208,(anonymous_6)
FN:209,(anonymous_7)
FN:230,(anonymous_8)
FN:245,(anonymous_9)
FN:253,(anonymous_10)
FN:263,(anonymous_11)
FN:318,(anonymous_12)
FN:319,(anonymous_13)
FN:321,(anonymous_14)
FN:349,(anonymous_15)
FN:363,(anonymous_16)
FN:373,(anonymous_17)
FN:391,(anonymous_18)
FN:407,(anonymous_19)
FN:416,(anonymous_20)
FN:434,(anonymous_21)
FNF:22
FNH:0
FNDA:0,(anonymous_0)
FNDA:0,(anonymous_1)
FNDA:0,(anonymous_2)
FNDA:0,(anonymous_3)
FNDA:0,(anonymous_4)
FNDA:0,(anonymous_5)
FNDA:0,(anonymous_6)
FNDA:0,(anonymous_7)
FNDA:0,(anonymous_8)
FNDA:0,(anonymous_9)
FNDA:0,(anonymous_10)
FNDA:0,(anonymous_11)
FNDA:0,(anonymous_12)
FNDA:0,(anonymous_13)
FNDA:0,(anonymous_14)
FNDA:0,(anonymous_15)
FNDA:0,(anonymous_16)
FNDA:0,(anonymous_17)
FNDA:0,(anonymous_18)
FNDA:0,(anonymous_19)
FNDA:0,(anonymous_20)
FNDA:0,(anonymous_21)
DA:4,0
DA:5,0
DA:6,0
DA:7,0
DA:9,0
DA:12,0
DA:73,0
DA:74,0
DA:78,0
DA:80,0
DA:81,0
DA:82,0
DA:86,0
DA:87,0
DA:89,0
DA:90,0
DA:94,0
DA:96,0
DA:97,0
DA:99,0
DA:101,0
DA:102,0
DA:108,0
DA:109,0
DA:112,0
DA:115,0
DA:118,0
DA:120,0
DA:122,0
DA:123,0
DA:129,0
DA:130,0
DA:133,0
DA:134,0
DA:136,0
DA:137,0
DA:138,0
DA:139,0
DA:144,0
DA:145,0
DA:147,0
DA:149,0
DA:155,0
DA:157,0
DA:158,0
DA:159,0
DA:161,0
DA:162,0
DA:163,0
DA:175,0
DA:181,0
DA:186,0
DA:188,0
DA:189,0
DA:190,0
DA:191,0
DA:192,0
DA:193,0
DA:194,0
DA:196,0
DA:203,0
DA:204,0
DA:205,0
DA:206,0
DA:208,0
DA:209,0
DA:210,0
DA:211,0
DA:212,0
DA:213,0
DA:214,0
DA:219,0
DA:220,0
DA:222,0
DA:231,0
DA:232,0
DA:233,0
DA:234,0
DA:236,0
DA:239,0
DA:240,0
DA:246,0
DA:247,0
DA:249,0
DA:254,0
DA:255,0
DA:256,0
DA:260,0
DA:263,0
DA:264,0
DA:267,0
DA:268,0
DA:269,0
DA:270,0
DA:271,0
DA:272,0
DA:273,0
DA:274,0
DA:278,0
DA:281,0
DA:282,0
DA:285,0
DA:286,0
DA:289,0
DA:293,0
DA:296,0
DA:306,0
DA:312,0
DA:313,0
DA:319,0
DA:321,0
DA:322,0
DA:323,0
DA:324,0
DA:327,0
DA:328,0
DA:331,0
DA:332,0
DA:335,0
DA:337,0
DA:350,0
DA:352,0
DA:356,0
DA:358,0
DA:364,0
DA:365,0
DA:367,0
DA:368,0
DA:374,0
DA:375,0
DA:376,0
DA:378,0
DA:379,0
DA:383,0
DA:384,0
DA:386,0
DA:392,0
DA:393,0
DA:394,0
DA:401,0
DA:402,0
DA:408,0
DA:409,0
DA:411,0
DA:417,0
DA:418,0
DA:419,0
DA:422,0
DA:423,0
DA:424,0
DA:427,0
DA:429,0
DA:435,0
DA:436,0
DA:437,0
DA:439,0
DA:440,0
DA:441,0
DA:442,0
DA:443,0
DA:444,0
DA:445,0
DA:446,0
DA:449,0
DA:453,0
LF:165
LH:0
BRDA:81,0,0,0
BRDA:81,0,1,0
BRDA:87,1,0,0
BRDA:87,1,1,0
BRDA:89,2,0,0
BRDA:89,2,1,0
BRDA:154,3,0,0
BRDA:161,4,0,0
BRDA:161,4,1,0
BRDA:161,5,0,0
BRDA:161,5,1,0
BRDA:186,6,0,0
BRDA:186,6,1,0
BRDA:211,7,0,0
BRDA:211,7,1,0
BRDA:220,8,0,0
BRDA:220,8,1,0
BRDA:233,9,0,0
BRDA:233,9,1,0
BRDA:246,10,0,0
BRDA:246,10,1,0
BRDA:255,11,0,0
BRDA:255,11,1,0
BRDA:255,12,0,0
BRDA:255,12,1,0
BRDA:285,13,0,0
BRDA:285,13,1,0
BRDA:367,14,0,0
BRDA:367,14,1,0
BRDA:367,15,0,0
BRDA:367,15,1,0
BRDA:376,16,0,0
BRDA:376,16,1,0
BRDA:378,17,0,0
BRDA:378,17,1,0
BRDA:394,18,0,0
BRDA:394,18,1,0
BRDA:423,19,0,0
BRDA:423,19,1,0
BRDA:441,20,0,0
BRDA:441,20,1,0
BRDA:446,21,0,0
BRDA:446,21,1,0
BRDA:455,22,0,0
BRDA:455,22,1,0
BRF:45
BRH:0
end_of_record
TN:
SF:src\services\performance\PerformanceManager.js
FN:26,(anonymous_0)
FN:54,(anonymous_1)
FN:73,(anonymous_2)
FN:82,(anonymous_3)
FN:95,(anonymous_4)
FN:136,(anonymous_5)
FN:140,(anonymous_6)
FN:142,(anonymous_7)
FN:146,(anonymous_8)
FN:150,(anonymous_9)
FN:159,(anonymous_10)
FN:163,(anonymous_11)
FN:177,(anonymous_12)
FN:193,(anonymous_13)
FN:198,(anonymous_14)
FN:208,(anonymous_15)
FN:225,(anonymous_16)
FN:236,(anonymous_17)
FN:241,(anonymous_18)
FN:251,(anonymous_19)
FN:259,(anonymous_20)
FN:277,(anonymous_21)
FN:283,(anonymous_22)
FNF:23
FNH:0
FNDA:0,(anonymous_0)
FNDA:0,(anonymous_1)
FNDA:0,(anonymous_2)
FNDA:0,(anonymous_3)
FNDA:0,(anonymous_4)
FNDA:0,(anonymous_5)
FNDA:0,(anonymous_6)
FNDA:0,(anonymous_7)
FNDA:0,(anonymous_8)
FNDA:0,(anonymous_9)
FNDA:0,(anonymous_10)
FNDA:0,(anonymous_11)
FNDA:0,(anonymous_12)
FNDA:0,(anonymous_13)
FNDA:0,(anonymous_14)
FNDA:0,(anonymous_15)
FNDA:0,(anonymous_16)
FNDA:0,(anonymous_17)
FNDA:0,(anonymous_18)
FNDA:0,(anonymous_19)
FNDA:0,(anonymous_20)
FNDA:0,(anonymous_21)
FNDA:0,(anonymous_22)
DA:5,0
DA:7,0
DA:13,0
DA:27,0
DA:29,0
DA:30,0
DA:33,0
DA:36,0
DA:37,0
DA:41,0
DA:43,0
DA:49,0
DA:50,0
DA:55,0
DA:57,0
DA:58,0
DA:60,0
DA:61,0
DA:62,0
DA:63,0
DA:65,0
DA:68,0
DA:69,0
DA:75,0
DA:83,0
DA:86,0
DA:87,0
DA:88,0
DA:91,0
DA:92,0
DA:96,0
DA:132,0
DA:133,0
DA:137,0
DA:140,0
DA:141,0
DA:142,0
DA:147,0
DA:148,0
DA:150,0
DA:151,0
DA:152,0
DA:153,0
DA:154,0
DA:160,0
DA:163,0
DA:164,0
DA:165,0
DA:166,0
DA:168,0
DA:169,0
DA:172,0
DA:178,0
DA:180,0
DA:183,0
DA:184,0
DA:187,0
DA:189,0
DA:195,0
DA:199,0
DA:201,0
DA:209,0
DA:210,0
DA:213,0
DA:219,0
DA:226,0
DA:233,0
DA:237,0
DA:238,0
DA:242,0
DA:243,0
DA:244,0
DA:246,0
DA:247,0
DA:252,0
DA:253,0
DA:255,0
DA:260,0
DA:273,0
DA:274,0
DA:278,0
DA:279,0
DA:284,0
LF:83
LH:0
BRDA:36,0,0,0
BRDA:36,0,1,0
BRDA:60,1,0,0
BRDA:60,1,1,0
BRDA:60,2,0,0
BRDA:60,2,1,0
BRDA:62,3,0,0
BRDA:62,3,1,0
BRDA:62,4,0,0
BRDA:62,4,1,0
BRDA:76,5,0,0
BRDA:76,5,1,0
BRDA:77,6,0,0
BRDA:77,6,1,0
BRDA:78,7,0,0
BRDA:78,7,1,0
BRDA:136,8,0,0
BRDA:137,9,0,0
BRDA:137,9,1,0
BRDA:146,10,0,0
BRDA:147,11,0,0
BRDA:147,11,1,0
BRDA:152,12,0,0
BRDA:152,12,1,0
BRDA:160,13,0,0
BRDA:160,13,1,0
BRDA:168,14,0,0
BRDA:168,14,1,0
BRDA:183,15,0,0
BRDA:183,15,1,0
BRDA:198,16,0,0
BRDA:199,17,0,0
BRDA:199,17,1,0
BRDA:209,18,0,0
BRDA:209,18,1,0
BRDA:213,19,0,0
BRDA:213,19,1,0
BRDA:221,20,0,0
BRDA:221,20,1,0
BRDA:233,21,0,0
BRDA:233,21,1,0
BRDA:244,22,0,0
BRDA:244,22,1,0
BRDA:278,23,0,0
BRDA:278,23,1,0
BRF:45
BRH:0
end_of_record
TN:
SF:src\services\settings\UserPreferences.js
FN:9,(anonymous_0)
FN:51,(anonymous_1)
FN:81,(anonymous_2)
FN:88,(anonymous_3)
FN:95,(anonymous_4)
FN:110,(anonymous_5)
FN:128,(anonymous_6)
FN:143,(anonymous_7)
FN:146,(anonymous_8)
FN:161,(anonymous_9)
FN:176,(anonymous_10)
FN:189,(anonymous_11)
FN:200,(anonymous_12)
FN:224,(anonymous_13)
FN:231,(anonymous_14)
FN:261,(anonymous_15)
FN:274,(anonymous_16)
FN:286,(anonymous_17)
FNF:18
FNH:0
FNDA:0,(anonymous_0)
FNDA:0,(anonymous_1)
FNDA:0,(anonymous_2)
FNDA:0,(anonymous_3)
FNDA:0,(anonymous_4)
FNDA:0,(anonymous_5)
FNDA:0,(anonymous_6)
FNDA:0,(anonymous_7)
FNDA:0,(anonymous_8)
FNDA:0,(anonymous_9)
FNDA:0,(anonymous_10)
FNDA:0,(anonymous_11)
FNDA:0,(anonymous_12)
FNDA:0,(anonymous_13)
FNDA:0,(anonymous_14)
FNDA:0,(anonymous_15)
FNDA:0,(anonymous_16)
FNDA:0,(anonymous_17)
DA:10,0
DA:11,0
DA:44,0
DA:45,0
DA:52,0
DA:54,0
DA:55,0
DA:56,0
DA:57,0
DA:58,0
DA:62,0
DA:64,0
DA:65,0
DA:68,0
DA:69,0
DA:71,0
DA:72,0
DA:73,0
DA:74,0
DA:82,0
DA:89,0
DA:96,0
DA:97,0
DA:98,0
DA:99,0
DA:100,0
DA:102,0
DA:103,0
DA:111,0
DA:112,0
DA:116,0
DA:117,0
DA:118,0
DA:120,0
DA:121,0
DA:129,0
DA:130,0
DA:131,0
DA:132,0
DA:133,0
DA:135,0
DA:136,0
DA:144,0
DA:145,0
DA:146,0
DA:147,0
DA:149,0
DA:150,0
DA:151,0
DA:153,0
DA:154,0
DA:162,0
DA:170,0
DA:177,0
DA:178,0
DA:179,0
DA:181,0
DA:182,0
DA:190,0
DA:201,0
DA:202,0
DA:203,0
DA:206,0
DA:211,0
DA:212,0
DA:213,0
DA:214,0
DA:216,0
DA:217,0
DA:225,0
DA:232,0
DA:234,0
DA:235,0
DA:236,0
DA:238,0
DA:240,0
DA:241,0
DA:242,0
DA:244,0
DA:246,0
DA:248,0
DA:250,0
DA:253,0
DA:254,0
DA:262,0
DA:263,0
DA:264,0
DA:266,0
DA:267,0
DA:275,0
DA:287,0
DA:296,0
DA:310,0
LF:93
LH:0
BRDA:52,0,0,0
BRDA:52,0,1,0
BRDA:56,1,0,0
BRDA:56,1,1,0
BRDA:89,2,0,0
BRDA:89,2,1,0
BRDA:170,3,0,0
BRDA:170,3,1,0
BRDA:202,4,0,0
BRDA:202,4,1,0
BRDA:202,5,0,0
BRDA:202,5,1,0
BRDA:225,6,0,0
BRDA:225,6,1,0
BRDA:232,7,0,0
BRDA:232,7,1,0
BRDA:238,8,0,0
BRDA:238,8,1,0
BRDA:244,9,0,0
BRDA:244,9,1,0
BRDA:244,9,2,0
BRF:21
BRH:0
end_of_record
TN:
SF:src\services\storage\ProjectStorage.js
FN:39,(anonymous_0)
FN:75,(anonymous_1)
FN:85,(anonymous_2)
FN:96,(anonymous_3)
FN:140,(anonymous_4)
FN:150,(anonymous_5)
FN:153,(anonymous_6)
FN:160,(anonymous_7)
FN:163,(anonymous_8)
FN:171,(anonymous_9)
FN:179,(anonymous_10)
FN:190,(anonymous_11)
FN:200,(anonymous_12)
FN:220,(anonymous_13)
FN:223,(anonymous_14)
FN:237,(anonymous_15)
FN:240,(anonymous_16)
FN:248,(anonymous_17)
FN:256,(anonymous_18)
FN:260,(anonymous_19)
FN:266,(anonymous_20)
FN:271,(anonymous_21)
FN:277,(anonymous_22)
FN:291,(anonymous_23)
FN:311,(anonymous_24)
FN:380,(anonymous_25)
FN:446,(anonymous_26)
FN:472,(anonymous_27)
FN:495,(anonymous_28)
FN:556,(anonymous_29)
FN:562,(anonymous_30)
FN:566,(anonymous_31)
FN:577,(anonymous_32)
FN:583,(anonymous_33)
FN:588,(anonymous_34)
FN:599,(anonymous_35)
FN:619,(anonymous_36)
FN:625,(anonymous_37)
FN:631,(anonymous_38)
FN:635,(anonymous_39)
FN:642,(anonymous_40)
FN:646,(anonymous_41)
FN:650,(anonymous_42)
FN:656,(anonymous_43)
FN:658,(anonymous_44)
FN:670,(anonymous_45)
FN:675,(anonymous_46)
FN:694,(anonymous_47)
FN:718,(anonymous_48)
FN:723,(anonymous_49)
FN:738,(anonymous_50)
FN:746,(anonymous_51)
FN:810,(anonymous_52)
FN:813,(anonymous_53)
FN:833,(anonymous_54)
FN:903,(anonymous_55)
FN:913,(anonymous_56)
FN:919,(anonymous_57)
FNF:58
FNH:0
FNDA:0,(anonymous_0)
FNDA:0,(anonymous_1)
FNDA:0,(anonymous_2)
FNDA:0,(anonymous_3)
FNDA:0,(anonymous_4)
FNDA:0,(anonymous_5)
FNDA:0,(anonymous_6)
FNDA:0,(anonymous_7)
FNDA:0,(anonymous_8)
FNDA:0,(anonymous_9)
FNDA:0,(anonymous_10)
FNDA:0,(anonymous_11)
FNDA:0,(anonymous_12)
FNDA:0,(anonymous_13)
FNDA:0,(anonymous_14)
FNDA:0,(anonymous_15)
FNDA:0,(anonymous_16)
FNDA:0,(anonymous_17)
FNDA:0,(anonymous_18)
FNDA:0,(anonymous_19)
FNDA:0,(anonymous_20)
FNDA:0,(anonymous_21)
FNDA:0,(anonymous_22)
FNDA:0,(anonymous_23)
FNDA:0,(anonymous_24)
FNDA:0,(anonymous_25)
FNDA:0,(anonymous_26)
FNDA:0,(anonymous_27)
FNDA:0,(anonymous_28)
FNDA:0,(anonymous_29)
FNDA:0,(anonymous_30)
FNDA:0,(anonymous_31)
FNDA:0,(anonymous_32)
FNDA:0,(anonymous_33)
FNDA:0,(anonymous_34)
FNDA:0,(anonymous_35)
FNDA:0,(anonymous_36)
FNDA:0,(anonymous_37)
FNDA:0,(anonymous_38)
FNDA:0,(anonymous_39)
FNDA:0,(anonymous_40)
FNDA:0,(anonymous_41)
FNDA:0,(anonymous_42)
FNDA:0,(anonymous_43)
FNDA:0,(anonymous_44)
FNDA:0,(anonymous_45)
FNDA:0,(anonymous_46)
FNDA:0,(anonymous_47)
FNDA:0,(anonymous_48)
FNDA:0,(anonymous_49)
FNDA:0,(anonymous_50)
FNDA:0,(anonymous_51)
FNDA:0,(anonymous_52)
FNDA:0,(anonymous_53)
FNDA:0,(anonymous_54)
FNDA:0,(anonymous_55)
FNDA:0,(anonymous_56)
FNDA:0,(anonymous_57)
DA:7,0
DA:8,0
DA:9,0
DA:10,0
DA:11,0
DA:14,0
DA:28,0
DA:40,0
DA:41,0
DA:42,0
DA:43,0
DA:69,0
DA:72,0
DA:76,0
DA:78,0
DA:81,0
DA:82,0
DA:83,0
DA:85,0
DA:86,0
DA:90,0
DA:91,0
DA:95,0
DA:96,0
DA:98,0
DA:105,0
DA:106,0
DA:112,0
DA:121,0
DA:124,0
DA:125,0
DA:126,0
DA:128,0
DA:133,0
DA:135,0
DA:136,0
DA:141,0
DA:142,0
DA:143,0
DA:145,0
DA:146,0
DA:151,0
DA:152,0
DA:153,0
DA:155,0
DA:156,0
DA:161,0
DA:162,0
DA:163,0
DA:164,0
DA:166,0
DA:167,0
DA:172,0
DA:173,0
DA:175,0
DA:180,0
DA:181,0
DA:182,0
DA:184,0
DA:185,0
DA:191,0
DA:192,0
DA:193,0
DA:195,0
DA:196,0
DA:201,0
DA:202,0
DA:203,0
DA:210,0
DA:211,0
DA:212,0
DA:214,0
DA:215,0
DA:221,0
DA:222,0
DA:223,0
DA:225,0
DA:226,0
DA:227,0
DA:228,0
DA:229,0
DA:232,0
DA:233,0
DA:238,0
DA:239,0
DA:240,0
DA:242,0
DA:243,0
DA:249,0
DA:250,0
DA:251,0
DA:254,0
DA:255,0
DA:256,0
DA:257,0
DA:260,0
DA:265,0
DA:266,0
DA:270,0
DA:271,0
DA:275,0
DA:276,0
DA:277,0
DA:278,0
DA:279,0
DA:283,0
DA:285,0
DA:286,0
DA:292,0
DA:293,0
DA:300,0
DA:301,0
DA:303,0
DA:304,0
DA:306,0
DA:307,0
DA:312,0
DA:314,0
DA:315,0
DA:316,0
DA:322,0
DA:324,0
DA:327,0
DA:336,0
DA:337,0
DA:338,0
DA:339,0
DA:342,0
DA:343,0
DA:344,0
DA:345,0
DA:348,0
DA:349,0
DA:350,0
DA:351,0
DA:354,0
DA:357,0
DA:358,0
DA:360,0
DA:361,0
DA:367,0
DA:375,0
DA:376,0
DA:381,0
DA:382,0
DA:387,0
DA:388,0
DA:391,0
DA:395,0
DA:397,0
DA:398,0
DA:401,0
DA:402,0
DA:404,0
DA:405,0
DA:408,0
DA:409,0
DA:411,0
DA:416,0
DA:418,0
DA:431,0
DA:432,0
DA:434,0
DA:437,0
DA:438,0
DA:439,0
DA:441,0
DA:447,0
DA:448,0
DA:450,0
DA:451,0
DA:453,0
DA:454,0
DA:455,0
DA:457,0
DA:458,0
DA:459,0
DA:462,0
DA:464,0
DA:465,0
DA:466,0
DA:468,0
DA:472,0
DA:474,0
DA:476,0
DA:477,0
DA:479,0
DA:480,0
DA:482,0
DA:483,0
DA:487,0
DA:488,0
DA:491,0
DA:496,0
DA:497,0
DA:499,0
DA:500,0
DA:501,0
DA:502,0
DA:504,0
DA:505,0
DA:507,0
DA:508,0
DA:509,0
DA:512,0
DA:513,0
DA:514,0
DA:517,0
DA:518,0
DA:519,0
DA:520,0
DA:523,0
DA:524,0
DA:525,0
DA:526,0
DA:529,0
DA:530,0
DA:531,0
DA:532,0
DA:535,0
DA:536,0
DA:539,0
DA:540,0
DA:544,0
DA:545,0
DA:548,0
DA:549,0
DA:552,0
DA:557,0
DA:558,0
DA:563,0
DA:567,0
DA:568,0
DA:569,0
DA:570,0
DA:571,0
DA:572,0
DA:574,0
DA:575,0
DA:576,0
DA:577,0
DA:578,0
DA:582,0
DA:583,0
DA:585,0
DA:589,0
DA:590,0
DA:591,0
DA:592,0
DA:593,0
DA:594,0
DA:596,0
DA:597,0
DA:598,0
DA:599,0
DA:600,0
DA:602,0
DA:605,0
DA:606,0
DA:607,0
DA:609,0
DA:610,0
DA:611,0
DA:612,0
DA:615,0
DA:620,0
DA:621,0
DA:623,0
DA:625,0
DA:631,0
DA:635,0
DA:636,0
DA:637,0
DA:641,0
DA:642,0
DA:645,0
DA:646,0
DA:647,0
DA:650,0
DA:651,0
DA:656,0
DA:657,0
DA:658,0
DA:659,0
DA:663,0
DA:665,0
DA:666,0
DA:671,0
DA:672,0
DA:673,0
DA:675,0
DA:676,0
DA:677,0
DA:678,0
DA:681,0
DA:682,0
DA:683,0
DA:684,0
DA:687,0
DA:689,0
DA:690,0
DA:695,0
DA:696,0
DA:697,0
DA:699,0
DA:709,0
DA:710,0
DA:712,0
DA:713,0
DA:719,0
DA:720,0
DA:723,0
DA:724,0
DA:725,0
DA:726,0
DA:727,0
DA:733,0
DA:739,0
DA:740,0
DA:741,0
DA:747,0
DA:748,0
DA:749,0
DA:752,0
DA:755,0
DA:757,0
DA:766,0
DA:767,0
DA:768,0
DA:771,0
DA:772,0
DA:773,0
DA:774,0
DA:778,0
DA:779,0
DA:780,0
DA:781,0
DA:784,0
DA:787,0
DA:788,0
DA:790,0
DA:791,0
DA:797,0
DA:804,0
DA:805,0
DA:811,0
DA:813,0
DA:814,0
DA:815,0
DA:816,0
DA:819,0
DA:820,0
DA:822,0
DA:823,0
DA:824,0
DA:825,0
DA:826,0
DA:829,0
DA:834,0
DA:835,0
DA:840,0
DA:841,0
DA:844,0
DA:845,0
DA:847,0
DA:850,0
DA:851,0
DA:852,0
DA:853,0
DA:855,0
DA:858,0
DA:859,0
DA:861,0
DA:862,0
DA:863,0
DA:865,0
DA:866,0
DA:879,0
DA:880,0
DA:882,0
DA:885,0
DA:889,0
DA:897,0
DA:898,0
DA:905,0
DA:906,0
DA:914,0
DA:915,0
DA:916,0
DA:917,0
DA:919,0
DA:920,0
DA:921,0
DA:924,0
DA:925,0
DA:928,0
DA:934,0
DA:935,0
LF:398
LH:0
BRDA:42,0,0,0
BRDA:42,0,1,0
BRDA:82,1,0,0
BRDA:82,1,1,0
BRDA:86,2,0,0
BRDA:86,2,1,0
BRDA:86,2,2,0
BRDA:90,3,0,0
BRDA:90,3,1,0
BRDA:105,4,0,0
BRDA:105,4,1,0
BRDA:109,5,0,0
BRDA:109,5,1,0
BRDA:114,6,0,0
BRDA:114,6,1,0
BRDA:124,7,0,0
BRDA:124,7,1,0
BRDA:143,8,0,0
BRDA:143,8,1,0
BRDA:182,9,0,0
BRDA:182,9,1,0
BRDA:193,10,0,0
BRDA:193,10,1,0
BRDA:205,11,0,0
BRDA:205,11,1,0
BRDA:225,12,0,0
BRDA:225,12,1,0
BRDA:248,13,0,0
BRDA:254,14,0,0
BRDA:254,14,1,0
BRDA:254,15,0,0
BRDA:254,15,1,0
BRDA:257,16,0,0
BRDA:257,16,1,0
BRDA:257,16,2,0
BRDA:257,16,3,0
BRDA:265,17,0,0
BRDA:265,17,1,0
BRDA:270,18,0,0
BRDA:270,18,1,0
BRDA:275,19,0,0
BRDA:275,19,1,0
BRDA:279,20,0,0
BRDA:279,20,1,0
BRDA:311,21,0,0
BRDA:315,22,0,0
BRDA:315,22,1,0
BRDA:324,23,0,0
BRDA:324,23,1,0
BRDA:324,23,2,0
BRDA:324,23,3,0
BRDA:360,24,0,0
BRDA:360,24,1,0
BRDA:387,25,0,0
BRDA:387,25,1,0
BRDA:397,26,0,0
BRDA:397,26,1,0
BRDA:401,27,0,0
BRDA:401,27,1,0
BRDA:401,28,0,0
BRDA:401,28,1,0
BRDA:404,29,0,0
BRDA:404,29,1,0
BRDA:416,30,0,0
BRDA:416,30,1,0
BRDA:438,31,0,0
BRDA:438,31,1,0
BRDA:455,32,0,0
BRDA:455,32,1,0
BRDA:457,33,0,0
BRDA:457,33,1,0
BRDA:462,34,0,0
BRDA:462,34,1,0
BRDA:465,35,0,0
BRDA:465,35,1,0
BRDA:474,36,0,0
BRDA:474,36,1,0
BRDA:474,36,2,0
BRDA:482,37,0,0
BRDA:482,37,1,0
BRDA:487,38,0,0
BRDA:487,38,1,0
BRDA:507,39,0,0
BRDA:507,39,1,0
BRDA:512,40,0,0
BRDA:512,40,1,0
BRDA:517,41,0,0
BRDA:517,41,1,0
BRDA:519,42,0,0
BRDA:519,42,1,0
BRDA:523,43,0,0
BRDA:523,43,1,0
BRDA:529,44,0,0
BRDA:529,44,1,0
BRDA:535,45,0,0
BRDA:535,45,1,0
BRDA:535,46,0,0
BRDA:535,46,1,0
BRDA:539,47,0,0
BRDA:539,47,1,0
BRDA:539,48,0,0
BRDA:539,48,1,0
BRDA:539,48,2,0
BRDA:544,49,0,0
BRDA:544,49,1,0
BRDA:548,50,0,0
BRDA:548,50,1,0
BRDA:569,51,0,0
BRDA:569,51,1,0
BRDA:570,52,0,0
BRDA:570,52,1,0
BRDA:574,53,0,0
BRDA:574,53,1,0
BRDA:574,54,0,0
BRDA:574,54,1,0
BRDA:591,55,0,0
BRDA:591,55,1,0
BRDA:592,56,0,0
BRDA:592,56,1,0
BRDA:596,57,0,0
BRDA:596,57,1,0
BRDA:596,58,0,0
BRDA:596,58,1,0
BRDA:609,59,0,0
BRDA:609,59,1,0
BRDA:631,60,0,0
BRDA:631,60,1,0
BRDA:636,61,0,0
BRDA:636,61,1,0
BRDA:637,62,0,0
BRDA:637,62,1,0
BRDA:642,63,0,0
BRDA:642,63,1,0
BRDA:645,64,0,0
BRDA:645,64,1,0
BRDA:647,65,0,0
BRDA:647,65,1,0
BRDA:651,66,0,0
BRDA:651,66,1,0
BRDA:656,67,0,0
BRDA:656,67,1,0
BRDA:657,68,0,0
BRDA:657,68,1,0
BRDA:677,69,0,0
BRDA:677,69,1,0
BRDA:678,70,0,0
BRDA:678,70,1,0
BRDA:679,71,0,0
BRDA:679,71,1,0
BRDA:681,72,0,0
BRDA:681,72,1,0
BRDA:682,73,0,0
BRDA:682,73,1,0
BRDA:682,74,0,0
BRDA:682,74,1,0
BRDA:683,75,0,0
BRDA:683,75,1,0
BRDA:697,76,0,0
BRDA:697,76,1,0
BRDA:718,77,0,0
BRDA:719,78,0,0
BRDA:719,78,1,0
BRDA:726,79,0,0
BRDA:726,79,1,0
BRDA:726,80,0,0
BRDA:726,80,1,0
BRDA:739,81,0,0
BRDA:739,81,1,0
BRDA:746,82,0,0
BRDA:748,83,0,0
BRDA:748,83,1,0
BRDA:748,84,0,0
BRDA:748,84,1,0
BRDA:755,85,0,0
BRDA:755,85,1,0
BRDA:755,85,2,0
BRDA:755,85,3,0
BRDA:790,86,0,0
BRDA:790,86,1,0
BRDA:815,87,0,0
BRDA:815,87,1,0
BRDA:816,88,0,0
BRDA:816,88,1,0
BRDA:817,89,0,0
BRDA:817,89,1,0
BRDA:819,90,0,0
BRDA:819,90,1,0
BRDA:820,91,0,0
BRDA:820,91,1,0
BRDA:822,92,0,0
BRDA:822,92,1,0
BRDA:823,93,0,0
BRDA:823,93,1,0
BRDA:823,94,0,0
BRDA:823,94,1,0
BRDA:824,95,0,0
BRDA:824,95,1,0
BRDA:840,96,0,0
BRDA:840,96,1,0
BRDA:850,97,0,0
BRDA:850,97,1,0
BRDA:850,98,0,0
BRDA:850,98,1,0
BRDA:852,99,0,0
BRDA:852,99,1,0
BRDA:865,100,0,0
BRDA:865,100,1,0
BRDA:882,101,0,0
BRDA:882,101,1,0
BRDA:903,102,0,0
BRDA:913,103,0,0
BRDA:921,104,0,0
BRDA:921,104,1,0
BRF:213
BRH:0
end_of_record
TN:
SF:src\services\tutorial\TutorialManager.js
FN:493,(anonymous_0)
FN:520,(anonymous_1)
FN:531,(anonymous_2)
FN:542,(anonymous_3)
FN:553,(anonymous_4)
FN:557,(anonymous_5)
FN:572,(anonymous_6)
FN:582,(anonymous_7)
FN:592,(anonymous_8)
FN:600,(anonymous_9)
FN:615,(anonymous_10)
FN:623,(anonymous_11)
FN:628,(anonymous_12)
FN:635,(anonymous_13)
FN:661,(anonymous_14)
FN:672,(anonymous_15)
FN:684,(anonymous_16)
FN:694,(anonymous_17)
FN:721,(anonymous_18)
FN:725,(anonymous_19)
FN:731,(anonymous_20)
FN:735,(anonymous_21)
FN:741,(anonymous_22)
FN:743,(anonymous_23)
FN:751,(anonymous_24)
FN:792,(anonymous_25)
FN:823,(anonymous_26)
FN:830,(anonymous_27)
FN:843,(anonymous_28)
FN:866,(anonymous_29)
FN:895,(anonymous_30)
FN:901,(anonymous_31)
FN:908,(anonymous_32)
FN:910,(anonymous_33)
FN:912,(anonymous_34)
FN:915,(anonymous_35)
FN:919,(anonymous_36)
FN:941,(anonymous_37)
FN:945,(anonymous_38)
FN:950,(anonymous_39)
FN:981,(anonymous_40)
FN:987,(anonymous_41)
FN:993,(anonymous_42)
FNF:43
FNH:0
FNDA:0,(anonymous_0)
FNDA:0,(anonymous_1)
FNDA:0,(anonymous_2)
FNDA:0,(anonymous_3)
FNDA:0,(anonymous_4)
FNDA:0,(anonymous_5)
FNDA:0,(anonymous_6)
FNDA:0,(anonymous_7)
FNDA:0,(anonymous_8)
FNDA:0,(anonymous_9)
FNDA:0,(anonymous_10)
FNDA:0,(anonymous_11)
FNDA:0,(anonymous_12)
FNDA:0,(anonymous_13)
FNDA:0,(anonymous_14)
FNDA:0,(anonymous_15)
FNDA:0,(anonymous_16)
FNDA:0,(anonymous_17)
FNDA:0,(anonymous_18)
FNDA:0,(anonymous_19)
FNDA:0,(anonymous_20)
FNDA:0,(anonymous_21)
FNDA:0,(anonymous_22)
FNDA:0,(anonymous_23)
FNDA:0,(anonymous_24)
FNDA:0,(anonymous_25)
FNDA:0,(anonymous_26)
FNDA:0,(anonymous_27)
FNDA:0,(anonymous_28)
FNDA:0,(anonymous_29)
FNDA:0,(anonymous_30)
FNDA:0,(anonymous_31)
FNDA:0,(anonymous_32)
FNDA:0,(anonymous_33)
FNDA:0,(anonymous_34)
FNDA:0,(anonymous_35)
FNDA:0,(anonymous_36)
FNDA:0,(anonymous_37)
FNDA:0,(anonymous_38)
FNDA:0,(anonymous_39)
FNDA:0,(anonymous_40)
FNDA:0,(anonymous_41)
FNDA:0,(anonymous_42)
DA:4,0
DA:5,0
DA:7,0
DA:10,0
DA:494,0
DA:495,0
DA:496,0
DA:497,0
DA:499,0
DA:508,0
DA:509,0
DA:521,0
DA:522,0
DA:523,0
DA:524,0
DA:526,0
DA:527,0
DA:532,0
DA:533,0
DA:534,0
DA:535,0
DA:537,0
DA:538,0
DA:543,0
DA:544,0
DA:545,0
DA:546,0
DA:548,0
DA:549,0
DA:554,0
DA:558,0
DA:560,0
DA:563,0
DA:565,0
DA:567,0
DA:568,0
DA:573,0
DA:575,0
DA:577,0
DA:578,0
DA:583,0
DA:584,0
DA:585,0
DA:587,0
DA:588,0
DA:593,0
DA:594,0
DA:596,0
DA:601,0
DA:602,0
DA:603,0
DA:610,0
DA:611,0
DA:616,0
DA:617,0
DA:619,0
DA:625,0
DA:626,0
DA:627,0
DA:628,0
DA:629,0
DA:632,0
DA:636,0
DA:637,0
DA:639,0
DA:640,0
DA:643,0
DA:644,0
DA:648,0
DA:649,0
DA:650,0
DA:653,0
DA:654,0
DA:656,0
DA:657,0
DA:662,0
DA:663,0
DA:665,0
DA:666,0
DA:670,0
DA:671,0
DA:672,0
DA:673,0
DA:676,0
DA:677,0
DA:679,0
DA:680,0
DA:685,0
DA:686,0
DA:687,0
DA:689,0
DA:690,0
DA:695,0
DA:696,0
DA:697,0
DA:699,0
DA:700,0
DA:703,0
DA:705,0
DA:707,0
DA:709,0
DA:711,0
DA:713,0
DA:716,0
DA:717,0
DA:722,0
DA:723,0
DA:725,0
DA:726,0
DA:728,0
DA:732,0
DA:733,0
DA:735,0
DA:736,0
DA:738,0
DA:742,0
DA:743,0
DA:744,0
DA:745,0
DA:748,0
DA:752,0
DA:754,0
DA:755,0
DA:757,0
DA:759,0
DA:765,0
DA:771,0
DA:777,0
DA:784,0
DA:793,0
DA:808,0
DA:810,0
DA:812,0
DA:814,0
DA:816,0
DA:819,0
DA:824,0
DA:825,0
DA:826,0
DA:828,0
DA:829,0
DA:830,0
DA:833,0
DA:835,0
DA:836,0
DA:838,0
DA:839,0
DA:844,0
DA:845,0
DA:846,0
DA:848,0
DA:849,0
DA:852,0
DA:853,0
DA:856,0
DA:857,0
DA:859,0
DA:861,0
DA:862,0
DA:867,0
DA:868,0
DA:869,0
DA:871,0
DA:872,0
DA:875,0
DA:876,0
DA:877,0
DA:879,0
DA:880,0
DA:881,0
DA:888,0
DA:890,0
DA:891,0
DA:896,0
DA:897,0
DA:898,0
DA:900,0
DA:901,0
DA:903,0
DA:904,0
DA:909,0
DA:910,0
DA:912,0
DA:915,0
DA:920,0
DA:938,0
DA:942,0
DA:943,0
DA:944,0
DA:945,0
DA:947,0
DA:948,0
DA:950,0
DA:951,0
DA:953,0
DA:954,0
DA:955,0
DA:956,0
DA:960,0
DA:969,0
DA:970,0
DA:982,0
DA:983,0
DA:984,0
DA:988,0
DA:989,0
DA:990,0
DA:994,0
LF:208
LH:0
BRDA:585,0,0,0
BRDA:585,0,1,0
BRDA:603,1,0,0
BRDA:603,1,1,0
BRDA:626,2,0,0
BRDA:626,2,1,0
BRDA:627,3,0,0
BRDA:627,3,1,0
BRDA:629,4,0,0
BRDA:629,4,1,0
BRDA:639,5,0,0
BRDA:639,5,1,0
BRDA:643,6,0,0
BRDA:643,6,1,0
BRDA:649,7,0,0
BRDA:649,7,1,0
BRDA:649,8,0,0
BRDA:649,8,1,0
BRDA:665,9,0,0
BRDA:665,9,1,0
BRDA:671,10,0,0
BRDA:671,10,1,0
BRDA:694,11,0,0
BRDA:697,12,0,0
BRDA:697,12,1,0
BRDA:700,13,0,0
BRDA:700,13,1,0
BRDA:703,14,0,0
BRDA:703,14,1,0
BRDA:703,14,2,0
BRDA:703,14,3,0
BRDA:703,14,4,0
BRDA:707,15,0,0
BRDA:707,15,1,0
BRDA:709,16,0,0
BRDA:709,16,1,0
BRDA:711,17,0,0
BRDA:711,17,1,0
BRDA:723,18,0,0
BRDA:723,18,1,0
BRDA:726,19,0,0
BRDA:726,19,1,0
BRDA:726,20,0,0
BRDA:726,20,1,0
BRDA:733,21,0,0
BRDA:733,21,1,0
BRDA:736,22,0,0
BRDA:736,22,1,0
BRDA:744,23,0,0
BRDA:744,23,1,0
BRDA:752,24,0,0
BRDA:752,24,1,0
BRDA:757,25,0,0
BRDA:757,25,1,0
BRDA:757,25,2,0
BRDA:757,25,3,0
BRDA:757,25,4,0
BRDA:757,25,5,0
BRDA:808,26,0,0
BRDA:808,26,1,0
BRDA:808,26,2,0
BRDA:808,26,3,0
BRDA:808,26,4,0
BRDA:808,26,5,0
BRDA:823,27,0,0
BRDA:826,28,0,0
BRDA:826,28,1,0
BRDA:829,29,0,0
BRDA:829,29,1,0
BRDA:833,30,0,0
BRDA:833,30,1,0
BRDA:846,31,0,0
BRDA:846,31,1,0
BRDA:849,32,0,0
BRDA:849,32,1,0
BRDA:869,33,0,0
BRDA:869,33,1,0
BRDA:872,34,0,0
BRDA:872,34,1,0
BRDA:898,35,0,0
BRDA:898,35,1,0
BRDA:938,36,0,0
BRDA:938,36,1,0
BRDA:951,37,0,0
BRDA:951,37,1,0
BRDA:955,38,0,0
BRDA:955,38,1,0
BRDA:956,39,0,0
BRDA:956,39,1,0
BRF:89
BRH:0
end_of_record
TN:
SF:src\services\units\UnitConverter.js
FN:7,(anonymous_0)
FN:38,(anonymous_1)
FN:45,(anonymous_2)
FN:52,(anonymous_3)
FN:59,(anonymous_4)
FN:66,(anonymous_5)
FN:95,(anonymous_6)
FN:133,(anonymous_7)
FN:145,(anonymous_8)
FN:157,(anonymous_9)
FN:201,(anonymous_10)
FN:202,(anonymous_11)
FN:216,(anonymous_12)
FN:233,(anonymous_13)
FN:245,(anonymous_14)
FN:252,(anonymous_15)
FN:276,(anonymous_16)
FN:277,(anonymous_17)
FNF:18
FNH:0
FNDA:0,(anonymous_0)
FNDA:0,(anonymous_1)
FNDA:0,(anonymous_2)
FNDA:0,(anonymous_3)
FNDA:0,(anonymous_4)
FNDA:0,(anonymous_5)
FNDA:0,(anonymous_6)
FNDA:0,(anonymous_7)
FNDA:0,(anonymous_8)
FNDA:0,(anonymous_9)
FNDA:0,(anonymous_10)
FNDA:0,(anonymous_11)
FNDA:0,(anonymous_12)
FNDA:0,(anonymous_13)
FNDA:0,(anonymous_14)
FNDA:0,(anonymous_15)
FNDA:0,(anonymous_16)
FNDA:0,(anonymous_17)
DA:9,0
DA:10,0
DA:11,0
DA:12,0
DA:15,0
DA:39,0
DA:46,0
DA:53,0
DA:60,0
DA:67,0
DA:68,0
DA:71,0
DA:72,0
DA:74,0
DA:75,0
DA:76,0
DA:77,0
DA:78,0
DA:83,0
DA:84,0
DA:85,0
DA:86,0
DA:88,0
DA:96,0
DA:98,0
DA:101,0
DA:102,0
DA:105,0
DA:106,0
DA:109,0
DA:110,0
DA:111,0
DA:112,0
DA:116,0
DA:117,0
DA:118,0
DA:120,0
DA:123,0
DA:125,0
DA:126,0
DA:134,0
DA:135,0
DA:137,0
DA:138,0
DA:146,0
DA:147,0
DA:149,0
DA:150,0
DA:158,0
DA:159,0
DA:162,0
DA:163,0
DA:165,0
DA:166,0
DA:167,0
DA:169,0
DA:170,0
DA:171,0
DA:172,0
DA:175,0
DA:177,0
DA:178,0
DA:179,0
DA:183,0
DA:184,0
DA:185,0
DA:189,0
DA:190,0
DA:195,0
DA:202,0
DA:203,0
DA:204,0
DA:206,0
DA:207,0
DA:208,0
DA:217,0
DA:218,0
DA:223,0
DA:235,0
DA:236,0
DA:238,0
DA:246,0
DA:253,0
DA:254,0
DA:256,0
DA:257,0
DA:261,0
DA:265,0
DA:266,0
DA:267,0
DA:275,0
DA:276,0
DA:277,0
DA:279,0
DA:280,0
DA:281,0
DA:286,0
DA:287,0
DA:293,0
DA:294,0
DA:295,0
DA:297,0
DA:298,0
DA:303,0
DA:304,0
DA:311,0
DA:320,0
LF:107
LH:0
BRDA:76,0,0,0
BRDA:76,0,1,0
BRDA:83,1,0,0
BRDA:83,1,1,0
BRDA:85,2,0,0
BRDA:85,2,1,0
BRDA:101,3,0,0
BRDA:101,3,1,0
BRDA:101,4,0,0
BRDA:101,4,1,0
BRDA:102,5,0,0
BRDA:102,5,1,0
BRDA:109,6,0,0
BRDA:109,6,1,0
BRDA:111,7,0,0
BRDA:111,7,1,0
BRDA:116,8,0,0
BRDA:116,8,1,0
BRDA:118,9,0,0
BRDA:118,9,1,0
BRDA:118,10,0,0
BRDA:118,10,1,0
BRDA:120,11,0,0
BRDA:120,11,1,0
BRDA:134,12,0,0
BRDA:134,12,1,0
BRDA:146,13,0,0
BRDA:146,13,1,0
BRDA:158,14,0,0
BRDA:158,14,1,0
BRDA:158,15,0,0
BRDA:158,15,1,0
BRDA:167,16,0,0
BRDA:167,16,1,0
BRDA:170,17,0,0
BRDA:170,17,1,0
BRDA:175,18,0,0
BRDA:175,18,1,0
BRDA:177,19,0,0
BRDA:177,19,1,0
BRDA:177,20,0,0
BRDA:177,20,1,0
BRDA:183,21,0,0
BRDA:183,21,1,0
BRDA:183,22,0,0
BRDA:183,22,1,0
BRDA:189,23,0,0
BRDA:189,23,1,0
BRDA:189,24,0,0
BRDA:189,24,1,0
BRDA:189,24,2,0
BRDA:203,25,0,0
BRDA:203,25,1,0
BRDA:217,26,0,0
BRDA:217,26,1,0
BRDA:235,27,0,0
BRDA:235,27,1,0
BRDA:246,28,0,0
BRDA:246,28,1,0
BRDA:256,29,0,0
BRDA:256,29,1,0
BRDA:266,30,0,0
BRDA:266,30,1,0
BRDA:279,31,0,0
BRDA:279,31,1,0
BRDA:280,32,0,0
BRDA:280,32,1,0
BRDA:286,33,0,0
BRDA:286,33,1,0
BRDA:286,34,0,0
BRDA:286,34,1,0
BRDA:297,35,0,0
BRDA:297,35,1,0
BRDA:303,36,0,0
BRDA:303,36,1,0
BRDA:303,37,0,0
BRDA:303,37,1,0
BRF:77
BRH:0
end_of_record
TN:
SF:src\services\validation\ProjectValidator.js
FN:5,(anonymous_0)
FN:66,(anonymous_1)
FN:82,(anonymous_2)
FN:91,(anonymous_3)
FN:107,(anonymous_4)
FN:124,(anonymous_5)
FN:189,(anonymous_6)
FN:206,(anonymous_7)
FN:243,(anonymous_8)
FN:274,(anonymous_9)
FN:310,(anonymous_10)
FN:331,(anonymous_11)
FN:332,(anonymous_12)
FN:341,(anonymous_13)
FN:342,(anonymous_14)
FN:343,(anonymous_15)
FN:360,(anonymous_16)
FNF:17
FNH:0
FNDA:0,(anonymous_0)
FNDA:0,(anonymous_1)
FNDA:0,(anonymous_2)
FNDA:0,(anonymous_3)
FNDA:0,(anonymous_4)
FNDA:0,(anonymous_5)
FNDA:0,(anonymous_6)
FNDA:0,(anonymous_7)
FNDA:0,(anonymous_8)
FNDA:0,(anonymous_9)
FNDA:0,(anonymous_10)
FNDA:0,(anonymous_11)
FNDA:0,(anonymous_12)
FNDA:0,(anonymous_13)
FNDA:0,(anonymous_14)
FNDA:0,(anonymous_15)
FNDA:0,(anonymous_16)
DA:6,0
DA:9,0
DA:10,0
DA:11,0
DA:14,0
DA:15,0
DA:18,0
DA:19,0
DA:22,0
DA:23,0
DA:27,0
DA:28,0
DA:29,0
DA:30,0
DA:35,0
DA:36,0
DA:37,0
DA:41,0
DA:42,0
DA:46,0
DA:47,0
DA:51,0
DA:52,0
DA:56,0
DA:57,0
DA:61,0
DA:62,0
DA:63,0
DA:66,0
DA:67,0
DA:68,0
DA:69,0
DA:70,0
DA:75,0
DA:83,0
DA:85,0
DA:86,0
DA:87,0
DA:90,0
DA:91,0
DA:93,0
DA:94,0
DA:95,0
DA:98,0
DA:99,0
DA:104,0
DA:105,0
DA:107,0
DA:108,0
DA:109,0
DA:110,0
DA:111,0
DA:115,0
DA:116,0
DA:119,0
DA:120,0
DA:122,0
DA:124,0
DA:125,0
DA:128,0
DA:130,0
DA:131,0
DA:132,0
DA:135,0
DA:136,0
DA:139,0
DA:140,0
DA:142,0
DA:143,0
DA:144,0
DA:146,0
DA:150,0
DA:151,0
DA:155,0
DA:156,0
DA:157,0
DA:158,0
DA:159,0
DA:160,0
DA:164,0
DA:165,0
DA:166,0
DA:167,0
DA:168,0
DA:169,0
DA:172,0
DA:176,0
DA:177,0
DA:178,0
DA:179,0
DA:182,0
DA:190,0
DA:192,0
DA:193,0
DA:194,0
DA:197,0
DA:198,0
DA:199,0
DA:202,0
DA:203,0
DA:206,0
DA:207,0
DA:208,0
DA:209,0
DA:213,0
DA:214,0
DA:215,0
DA:216,0
DA:220,0
DA:221,0
DA:222,0
DA:226,0
DA:227,0
DA:231,0
DA:232,0
DA:236,0
DA:244,0
DA:246,0
DA:247,0
DA:250,0
DA:253,0
DA:254,0
DA:255,0
DA:256,0
DA:261,0
DA:262,0
DA:264,0
DA:267,0
DA:275,0
DA:277,0
DA:278,0
DA:281,0
DA:284,0
DA:287,0
DA:288,0
DA:290,0
DA:291,0
DA:293,0
DA:297,0
DA:300,0
DA:303,0
DA:311,0
DA:313,0
DA:316,0
DA:317,0
DA:320,0
DA:321,0
DA:324,0
DA:325,0
DA:329,0
DA:330,0
DA:331,0
DA:332,0
DA:335,0
DA:339,0
DA:340,0
DA:341,0
DA:342,0
DA:343,0
DA:348,0
DA:349,0
DA:352,0
DA:353,0
DA:356,0
DA:361,0
DA:362,0
DA:364,0
DA:365,0
DA:372,0
LF:169
LH:0
BRDA:9,0,0,0
BRDA:9,0,1,0
BRDA:14,1,0,0
BRDA:14,1,1,0
BRDA:14,2,0,0
BRDA:14,2,1,0
BRDA:14,2,2,0
BRDA:18,3,0,0
BRDA:18,3,1,0
BRDA:18,4,0,0
BRDA:18,4,1,0
BRDA:22,5,0,0
BRDA:22,5,1,0
BRDA:22,6,0,0
BRDA:22,6,1,0
BRDA:22,6,2,0
BRDA:27,7,0,0
BRDA:27,7,1,0
BRDA:29,8,0,0
BRDA:29,8,1,0
BRDA:36,9,0,0
BRDA:36,9,1,0
BRDA:36,10,0,0
BRDA:36,10,1,0
BRDA:41,11,0,0
BRDA:41,11,1,0
BRDA:41,12,0,0
BRDA:41,12,1,0
BRDA:41,12,2,0
BRDA:41,12,3,0
BRDA:46,13,0,0
BRDA:46,13,1,0
BRDA:46,14,0,0
BRDA:46,14,1,0
BRDA:46,14,2,0
BRDA:46,14,3,0
BRDA:51,15,0,0
BRDA:51,15,1,0
BRDA:51,16,0,0
BRDA:51,16,1,0
BRDA:56,17,0,0
BRDA:56,17,1,0
BRDA:56,18,0,0
BRDA:56,18,1,0
BRDA:61,19,0,0
BRDA:61,19,1,0
BRDA:61,20,0,0
BRDA:61,20,1,0
BRDA:62,21,0,0
BRDA:62,21,1,0
BRDA:67,22,0,0
BRDA:67,22,1,0
BRDA:67,23,0,0
BRDA:67,23,1,0
BRDA:67,23,2,0
BRDA:69,24,0,0
BRDA:69,24,1,0
BRDA:85,25,0,0
BRDA:85,25,1,0
BRDA:85,26,0,0
BRDA:85,26,1,0
BRDA:93,27,0,0
BRDA:93,27,1,0
BRDA:98,28,0,0
BRDA:98,28,1,0
BRDA:109,29,0,0
BRDA:109,29,1,0
BRDA:130,30,0,0
BRDA:130,30,1,0
BRDA:142,31,0,0
BRDA:142,31,1,0
BRDA:143,32,0,0
BRDA:143,32,1,0
BRDA:150,33,0,0
BRDA:150,33,1,0
BRDA:155,34,0,0
BRDA:155,34,1,0
BRDA:155,35,0,0
BRDA:155,35,1,0
BRDA:157,36,0,0
BRDA:157,36,1,0
BRDA:159,37,0,0
BRDA:159,37,1,0
BRDA:164,38,0,0
BRDA:164,38,1,0
BRDA:164,39,0,0
BRDA:164,39,1,0
BRDA:166,40,0,0
BRDA:166,40,1,0
BRDA:168,41,0,0
BRDA:168,41,1,0
BRDA:178,42,0,0
BRDA:178,42,1,0
BRDA:178,43,0,0
BRDA:178,43,1,0
BRDA:192,44,0,0
BRDA:192,44,1,0
BRDA:197,45,0,0
BRDA:197,45,1,0
BRDA:202,46,0,0
BRDA:202,46,1,0
BRDA:207,47,0,0
BRDA:207,47,1,0
BRDA:207,48,0,0
BRDA:207,48,1,0
BRDA:213,49,0,0
BRDA:213,49,1,0
BRDA:213,50,0,0
BRDA:213,50,1,0
BRDA:213,50,2,0
BRDA:215,51,0,0
BRDA:215,51,1,0
BRDA:215,52,0,0
BRDA:215,52,1,0
BRDA:221,53,0,0
BRDA:221,53,1,0
BRDA:221,54,0,0
BRDA:221,54,1,0
BRDA:226,55,0,0
BRDA:226,55,1,0
BRDA:226,56,0,0
BRDA:226,56,1,0
BRDA:226,56,2,0
BRDA:226,56,3,0
BRDA:231,57,0,0
BRDA:231,57,1,0
BRDA:231,58,0,0
BRDA:231,58,1,0
BRDA:231,58,2,0
BRDA:246,59,0,0
BRDA:246,59,1,0
BRDA:253,60,0,0
BRDA:253,60,1,0
BRDA:253,61,0,0
BRDA:253,61,1,0
BRDA:255,62,0,0
BRDA:255,62,1,0
BRDA:274,63,0,0
BRDA:277,64,0,0
BRDA:277,64,1,0
BRDA:284,65,0,0
BRDA:284,65,1,0
BRDA:287,66,0,0
BRDA:287,66,1,0
BRDA:287,67,0,0
BRDA:287,67,1,0
BRDA:290,68,0,0
BRDA:290,68,1,0
BRDA:290,69,0,0
BRDA:290,69,1,0
BRDA:297,70,0,0
BRDA:297,70,1,0
BRDA:297,71,0,0
BRDA:297,71,1,0
BRDA:311,72,0,0
BRDA:311,72,1,0
BRDA:316,73,0,0
BRDA:316,73,1,0
BRDA:320,74,0,0
BRDA:320,74,1,0
BRDA:324,75,0,0
BRDA:324,75,1,0
BRDA:329,76,0,0
BRDA:329,76,1,0
BRDA:339,77,0,0
BRDA:339,77,1,0
BRDA:339,78,0,0
BRDA:339,78,1,0
BRDA:341,79,0,0
BRDA:341,79,1,0
BRDA:348,80,0,0
BRDA:348,80,1,0
BRDA:349,81,0,0
BRDA:349,81,1,0
BRDA:352,82,0,0
BRDA:352,82,1,0
BRDA:353,83,0,0
BRDA:353,83,1,0
BRDA:362,84,0,0
BRDA:362,84,1,0
BRDA:364,85,0,0
BRDA:364,85,1,0
BRF:182
BRH:0
end_of_record
TN:
SF:src\utils\geometryValidator.js
FN:6,(anonymous_0)
FN:27,(anonymous_1)
FN:32,(anonymous_2)
FN:36,(anonymous_3)
FN:107,(anonymous_4)
FN:116,(anonymous_5)
FN:122,(anonymous_6)
FN:156,(anonymous_7)
FN:188,(anonymous_8)
FN:207,(anonymous_9)
FN:212,(anonymous_10)
FN:213,(anonymous_11)
FN:219,(anonymous_12)
FN:229,(anonymous_13)
FN:249,(anonymous_14)
FNF:15
FNH:0
FNDA:0,(anonymous_0)
FNDA:0,(anonymous_1)
FNDA:0,(anonymous_2)
FNDA:0,(anonymous_3)
FNDA:0,(anonymous_4)
FNDA:0,(anonymous_5)
FNDA:0,(anonymous_6)
FNDA:0,(anonymous_7)
FNDA:0,(anonymous_8)
FNDA:0,(anonymous_9)
FNDA:0,(anonymous_10)
FNDA:0,(anonymous_11)
FNDA:0,(anonymous_12)
FNDA:0,(anonymous_13)
FNDA:0,(anonymous_14)
DA:7,0
DA:8,0
DA:9,0
DA:10,0
DA:14,0
DA:27,0
DA:28,0
DA:29,0
DA:32,0
DA:33,0
DA:34,0
DA:36,0
DA:37,0
DA:40,0
DA:41,0
DA:45,0
DA:46,0
DA:49,0
DA:51,0
DA:52,0
DA:57,0
DA:60,0
DA:61,0
DA:64,0
DA:65,0
DA:70,0
DA:73,0
DA:74,0
DA:79,0
DA:83,0
DA:84,0
DA:91,0
DA:92,0
DA:99,0
DA:100,0
DA:107,0
DA:108,0
DA:112,0
DA:113,0
DA:116,0
DA:122,0
DA:123,0
DA:124,0
DA:128,0
DA:129,0
DA:135,0
DA:136,0
DA:142,0
DA:143,0
DA:144,0
DA:149,0
DA:150,0
DA:156,0
DA:157,0
DA:158,0
DA:159,0
DA:165,0
DA:166,0
DA:167,0
DA:168,0
DA:176,0
DA:177,0
DA:182,0
DA:188,0
DA:189,0
DA:190,0
DA:191,0
DA:192,0
DA:194,0
DA:207,0
DA:208,0
DA:209,0
DA:212,0
DA:213,0
DA:215,0
DA:219,0
DA:229,0
DA:230,0
DA:232,0
DA:233,0
DA:234,0
DA:235,0
DA:236,0
DA:239,0
DA:240,0
DA:243,0
DA:249,0
DA:250,0
DA:252,0
DA:253,0
DA:254,0
DA:257,0
DA:258,0
DA:259,0
DA:262,0
DA:263,0
DA:264,0
DA:267,0
DA:268,0
DA:269,0
DA:272,0
LF:101
LH:0
BRDA:6,0,0,0
BRDA:6,1,0,0
BRDA:28,2,0,0
BRDA:28,2,1,0
BRDA:28,3,0,0
BRDA:28,3,1,0
BRDA:40,4,0,0
BRDA:40,4,1,0
BRDA:40,5,0,0
BRDA:40,5,1,0
BRDA:40,5,2,0
BRDA:46,6,0,0
BRDA:46,6,1,0
BRDA:51,7,0,0
BRDA:51,7,1,0
BRDA:64,8,0,0
BRDA:64,8,1,0
BRDA:73,9,0,0
BRDA:73,9,1,0
BRDA:83,10,0,0
BRDA:83,10,1,0
BRDA:91,11,0,0
BRDA:91,11,1,0
BRDA:99,12,0,0
BRDA:99,12,1,0
BRDA:99,13,0,0
BRDA:99,13,1,0
BRDA:107,14,0,0
BRDA:107,14,1,0
BRDA:107,15,0,0
BRDA:107,15,1,0
BRDA:112,16,0,0
BRDA:112,16,1,0
BRDA:123,17,0,0
BRDA:123,17,1,0
BRDA:128,18,0,0
BRDA:128,18,1,0
BRDA:135,19,0,0
BRDA:135,19,1,0
BRDA:143,20,0,0
BRDA:143,20,1,0
BRDA:149,21,0,0
BRDA:149,21,1,0
BRDA:158,22,0,0
BRDA:158,22,1,0
BRDA:167,23,0,0
BRDA:167,23,1,0
BRDA:176,24,0,0
BRDA:176,24,1,0
BRDA:208,25,0,0
BRDA:208,25,1,0
BRDA:208,26,0,0
BRDA:208,26,1,0
BRDA:230,27,0,0
BRDA:230,27,1,0
BRDA:252,28,0,0
BRDA:252,28,1,0
BRDA:257,29,0,0
BRDA:257,29,1,0
BRDA:262,30,0,0
BRDA:262,30,1,0
BRDA:267,31,0,0
BRDA:267,31,1,0
BRF:63
BRH:0
end_of_record
TN:
SF:src\utils\responsive.js
FN:11,(anonymous_0)
FN:26,(anonymous_1)
FN:35,(anonymous_2)
FN:41,(anonymous_3)
FN:85,(anonymous_4)
FN:128,(anonymous_5)
FN:157,(anonymous_6)
FN:175,(anonymous_7)
FN:215,(anonymous_8)
FN:225,(anonymous_9)
FN:239,(anonymous_10)
FN:264,(anonymous_11)
FNF:12
FNH:0
FNDA:0,(anonymous_0)
FNDA:0,(anonymous_1)
FNDA:0,(anonymous_2)
FNDA:0,(anonymous_3)
FNDA:0,(anonymous_4)
FNDA:0,(anonymous_5)
FNDA:0,(anonymous_6)
FNDA:0,(anonymous_7)
FNDA:0,(anonymous_8)
FNDA:0,(anonymous_9)
FNDA:0,(anonymous_10)
FNDA:0,(anonymous_11)
DA:4,0
DA:7,0
DA:8,0
DA:11,0
DA:12,0
DA:15,0
DA:16,0
DA:17,0
DA:18,0
DA:19,0
DA:22,0
DA:26,0
DA:27,0
DA:30,0
DA:31,0
DA:35,0
DA:36,0
DA:37,0
DA:41,0
DA:42,0
DA:45,0
DA:46,0
DA:47,0
DA:48,0
DA:51,0
DA:54,0
DA:61,0
DA:64,0
DA:65,0
DA:67,0
DA:85,0
DA:86,0
DA:88,0
DA:128,0
DA:129,0
DA:131,0
DA:135,0
DA:157,0
DA:158,0
DA:160,0
DA:164,0
DA:175,0
DA:176,0
DA:177,0
DA:178,0
DA:180,0
DA:215,0
DA:225,0
DA:226,0
DA:228,0
DA:230,0
DA:231,0
DA:232,0
DA:233,0
DA:235,0
DA:239,0
DA:240,0
DA:242,0
DA:246,0
DA:264,0
DA:265,0
DA:267,0
LF:62
LH:0
BRDA:16,0,0,0
BRDA:16,0,1,0
BRDA:18,1,0,0
BRDA:18,1,1,0
BRDA:30,2,0,0
BRDA:30,2,1,0
BRDA:35,3,0,0
BRDA:42,4,0,0
BRDA:42,4,1,0
BRDA:42,5,0,0
BRDA:42,5,1,0
BRDA:46,6,0,0
BRDA:46,6,1,0
BRDA:54,7,0,0
BRDA:54,7,1,0
BRDA:54,7,2,0
BRDA:54,7,3,0
BRDA:54,7,4,0
BRDA:54,7,5,0
BRDA:54,7,6,0
BRDA:54,7,7,0
BRDA:54,7,8,0
BRDA:61,8,0,0
BRDA:61,8,1,0
BRDA:61,8,2,0
BRDA:64,9,0,0
BRDA:64,9,1,0
BRDA:64,10,0,0
BRDA:64,10,1,0
BRDA:65,11,0,0
BRDA:65,11,1,0
BRDA:65,12,0,0
BRDA:65,12,1,0
BRDA:65,12,2,0
BRDA:90,13,0,0
BRDA:90,13,1,0
BRDA:91,14,0,0
BRDA:91,14,1,0
BRDA:92,15,0,0
BRDA:92,15,1,0
BRDA:95,16,0,0
BRDA:95,16,1,0
BRDA:96,17,0,0
BRDA:96,17,1,0
BRDA:100,18,0,0
BRDA:100,18,1,0
BRDA:101,19,0,0
BRDA:101,19,1,0
BRDA:102,20,0,0
BRDA:102,20,1,0
BRDA:105,21,0,0
BRDA:105,21,1,0
BRDA:106,22,0,0
BRDA:106,22,1,0
BRDA:110,23,0,0
BRDA:110,23,1,0
BRDA:111,24,0,0
BRDA:111,24,1,0
BRDA:115,25,0,0
BRDA:115,25,1,0
BRDA:116,26,0,0
BRDA:116,26,1,0
BRDA:117,27,0,0
BRDA:117,27,1,0
BRDA:121,28,0,0
BRDA:121,28,1,0
BRDA:122,29,0,0
BRDA:122,29,1,0
BRDA:131,30,0,0
BRDA:131,30,1,0
BRDA:132,31,0,0
BRDA:132,31,1,0
BRDA:133,32,0,0
BRDA:133,32,1,0
BRDA:160,33,0,0
BRDA:160,33,1,0
BRDA:161,34,0,0
BRDA:161,34,1,0
BRDA:162,35,0,0
BRDA:162,35,1,0
BRDA:226,36,0,0
BRDA:226,36,1,0
BRDA:230,37,0,0
BRDA:230,37,1,0
BRDA:230,38,0,0
BRDA:230,38,1,0
BRDA:231,39,0,0
BRDA:231,39,1,0
BRDA:231,40,0,0
BRDA:231,40,1,0
BRDA:232,41,0,0
BRDA:232,41,1,0
BRDA:232,42,0,0
BRDA:232,42,1,0
BRDA:233,43,0,0
BRDA:233,43,1,0
BRDA:233,44,0,0
BRDA:233,44,1,0
BRDA:235,45,0,0
BRDA:235,45,1,0
BRDA:242,46,0,0
BRDA:242,46,1,0
BRDA:243,47,0,0
BRDA:243,47,1,0
BRDA:244,48,0,0
BRDA:244,48,1,0
BRDA:269,49,0,0
BRDA:269,49,1,0
BRDA:275,50,0,0
BRDA:275,50,1,0
BRDA:281,51,0,0
BRDA:281,51,1,0
BRDA:284,52,0,0
BRDA:284,52,1,0
BRDA:284,53,0,0
BRDA:284,53,1,0
BRF:116
BRH:0
end_of_record
